[0.905s] DEBUG:colcon:Command line arguments: ['/usr/bin/colcon', 'build', '--packages-select', 'rft_com_library']
[0.905s] DEBUG:colcon:Parsed command line arguments: Namespace(log_base=None, log_level=None, verb_name='build', build_base='build', install_base='install', merge_install=False, symlink_install=False, test_result_base=None, continue_on_error=False, executor='parallel', parallel_workers=8, event_handlers=None, ignore_user_meta=False, metas=['./colcon.meta'], base_paths=['.'], packages_ignore=None, packages_ignore_regex=None, paths=None, packages_up_to=None, packages_up_to_regex=None, packages_above=None, packages_above_and_dependencies=None, packages_above_depth=None, packages_select_by_dep=None, packages_skip_by_dep=None, packages_skip_up_to=None, packages_select_build_failed=False, packages_skip_build_finished=False, packages_select_test_failures=False, packages_skip_test_passed=False, packages_select=['rft_com_library'], packages_skip=None, packages_select_regex=None, packages_skip_regex=None, packages_start=None, packages_end=None, allow_overriding=[], cmake_args=None, cmake_target=None, cmake_target_skip_unavailable=False, cmake_clean_cache=False, cmake_clean_first=False, cmake_force_configure=False, ament_cmake_args=None, catkin_cmake_args=None, catkin_skip_building_tests=False, verb_parser=<colcon_defaults.argument_parser.defaults.DefaultArgumentsDecorator object at 0x7f667f6cec80>, verb_extension=<colcon_core.verb.build.BuildVerb object at 0x7f667f68df90>, main=<bound method BuildVerb.main of <colcon_core.verb.build.BuildVerb object at 0x7f667f68df90>>)
[0.943s] Level 1:colcon.colcon_core.package_discovery:discover_packages(colcon_meta) check parameters
[0.943s] Level 1:colcon.colcon_core.package_discovery:discover_packages(recursive) check parameters
[0.943s] Level 1:colcon.colcon_core.package_discovery:discover_packages(ignore) check parameters
[0.943s] Level 1:colcon.colcon_core.package_discovery:discover_packages(path) check parameters
[0.943s] Level 1:colcon.colcon_core.package_discovery:discover_packages(colcon_meta) discover
[0.944s] Level 1:colcon.colcon_core.package_discovery:discover_packages(recursive) discover
[0.944s] INFO:colcon.colcon_core.package_discovery:Crawling recursively for packages in '/home/turtle/turtle-experiment/ros2_ws'
[0.944s] Level 1:colcon.colcon_core.package_identification:_identify(.) by extensions ['ignore', 'ignore_ament_install']
[0.944s] Level 1:colcon.colcon_core.package_identification:_identify(.) by extension 'ignore'
[0.944s] Level 1:colcon.colcon_core.package_identification:_identify(.) by extension 'ignore_ament_install'
[0.944s] Level 1:colcon.colcon_core.package_identification:_identify(.) by extensions ['colcon_pkg']
[0.944s] Level 1:colcon.colcon_core.package_identification:_identify(.) by extension 'colcon_pkg'
[0.944s] Level 1:colcon.colcon_core.package_identification:_identify(.) by extensions ['colcon_meta']
[0.944s] Level 1:colcon.colcon_core.package_identification:_identify(.) by extension 'colcon_meta'
[0.944s] Level 1:colcon.colcon_core.package_identification:_identify(.) by extensions ['ros']
[0.944s] Level 1:colcon.colcon_core.package_identification:_identify(.) by extension 'ros'
[0.953s] Level 1:colcon.colcon_core.package_identification:_identify(.) by extensions ['cmake', 'python']
[0.953s] Level 1:colcon.colcon_core.package_identification:_identify(.) by extension 'cmake'
[0.953s] Level 1:colcon.colcon_core.package_identification:_identify(.) by extension 'python'
[0.953s] Level 1:colcon.colcon_core.package_identification:_identify(.) by extensions ['python_setup_py']
[0.953s] Level 1:colcon.colcon_core.package_identification:_identify(.) by extension 'python_setup_py'
[0.954s] Level 1:colcon.colcon_core.package_identification:_identify(build) by extensions ['ignore', 'ignore_ament_install']
[0.954s] Level 1:colcon.colcon_core.package_identification:_identify(build) by extension 'ignore'
[0.954s] Level 1:colcon.colcon_core.package_identification:_identify(build) ignored
[0.954s] Level 1:colcon.colcon_core.package_identification:_identify(install) by extensions ['ignore', 'ignore_ament_install']
[0.954s] Level 1:colcon.colcon_core.package_identification:_identify(install) by extension 'ignore'
[0.954s] Level 1:colcon.colcon_core.package_identification:_identify(install) ignored
[0.954s] Level 1:colcon.colcon_core.package_identification:_identify(log) by extensions ['ignore', 'ignore_ament_install']
[0.954s] Level 1:colcon.colcon_core.package_identification:_identify(log) by extension 'ignore'
[0.954s] Level 1:colcon.colcon_core.package_identification:_identify(log) ignored
[0.954s] Level 1:colcon.colcon_core.package_identification:_identify(src) by extensions ['ignore', 'ignore_ament_install']
[0.954s] Level 1:colcon.colcon_core.package_identification:_identify(src) by extension 'ignore'
[0.955s] Level 1:colcon.colcon_core.package_identification:_identify(src) by extension 'ignore_ament_install'
[0.955s] Level 1:colcon.colcon_core.package_identification:_identify(src) by extensions ['colcon_pkg']
[0.955s] Level 1:colcon.colcon_core.package_identification:_identify(src) by extension 'colcon_pkg'
[0.955s] Level 1:colcon.colcon_core.package_identification:_identify(src) by extensions ['colcon_meta']
[0.955s] Level 1:colcon.colcon_core.package_identification:_identify(src) by extension 'colcon_meta'
[0.955s] Level 1:colcon.colcon_core.package_identification:_identify(src) by extensions ['ros']
[0.955s] Level 1:colcon.colcon_core.package_identification:_identify(src) by extension 'ros'
[0.955s] Level 1:colcon.colcon_core.package_identification:_identify(src) by extensions ['cmake', 'python']
[0.955s] Level 1:colcon.colcon_core.package_identification:_identify(src) by extension 'cmake'
[0.955s] Level 1:colcon.colcon_core.package_identification:_identify(src) by extension 'python'
[0.955s] Level 1:colcon.colcon_core.package_identification:_identify(src) by extensions ['python_setup_py']
[0.955s] Level 1:colcon.colcon_core.package_identification:_identify(src) by extension 'python_setup_py'
[0.955s] Level 1:colcon.colcon_core.package_identification:_identify(src/dynamixel_sdk) by extensions ['ignore', 'ignore_ament_install']
[0.955s] Level 1:colcon.colcon_core.package_identification:_identify(src/dynamixel_sdk) by extension 'ignore'
[0.955s] Level 1:colcon.colcon_core.package_identification:_identify(src/dynamixel_sdk) by extension 'ignore_ament_install'
[0.955s] Level 1:colcon.colcon_core.package_identification:_identify(src/dynamixel_sdk) by extensions ['colcon_pkg']
[0.955s] Level 1:colcon.colcon_core.package_identification:_identify(src/dynamixel_sdk) by extension 'colcon_pkg'
[0.956s] Level 1:colcon.colcon_core.package_identification:_identify(src/dynamixel_sdk) by extensions ['colcon_meta']
[0.956s] Level 1:colcon.colcon_core.package_identification:_identify(src/dynamixel_sdk) by extension 'colcon_meta'
[0.956s] Level 1:colcon.colcon_core.package_identification:_identify(src/dynamixel_sdk) by extensions ['ros']
[0.956s] Level 1:colcon.colcon_core.package_identification:_identify(src/dynamixel_sdk) by extension 'ros'
[0.958s] DEBUG:colcon.colcon_core.package_identification:Package 'src/dynamixel_sdk' with type 'ros.ament_cmake' and name 'dynamixel_sdk'
[0.958s] Level 1:colcon.colcon_core.package_identification:_identify(src/dynamixel_sdk_custom_interfaces) by extensions ['ignore', 'ignore_ament_install']
[0.958s] Level 1:colcon.colcon_core.package_identification:_identify(src/dynamixel_sdk_custom_interfaces) by extension 'ignore'
[0.958s] Level 1:colcon.colcon_core.package_identification:_identify(src/dynamixel_sdk_custom_interfaces) by extension 'ignore_ament_install'
[0.958s] Level 1:colcon.colcon_core.package_identification:_identify(src/dynamixel_sdk_custom_interfaces) by extensions ['colcon_pkg']
[0.958s] Level 1:colcon.colcon_core.package_identification:_identify(src/dynamixel_sdk_custom_interfaces) by extension 'colcon_pkg'
[0.958s] Level 1:colcon.colcon_core.package_identification:_identify(src/dynamixel_sdk_custom_interfaces) by extensions ['colcon_meta']
[0.958s] Level 1:colcon.colcon_core.package_identification:_identify(src/dynamixel_sdk_custom_interfaces) by extension 'colcon_meta'
[0.958s] Level 1:colcon.colcon_core.package_identification:_identify(src/dynamixel_sdk_custom_interfaces) by extensions ['ros']
[0.958s] Level 1:colcon.colcon_core.package_identification:_identify(src/dynamixel_sdk_custom_interfaces) by extension 'ros'
[0.959s] DEBUG:colcon.colcon_core.package_identification:Package 'src/dynamixel_sdk_custom_interfaces' with type 'ros.ament_cmake' and name 'dynamixel_sdk_custom_interfaces'
[0.959s] Level 1:colcon.colcon_core.package_identification:_identify(src/dynamixel_sdk_examples) by extensions ['ignore', 'ignore_ament_install']
[0.959s] Level 1:colcon.colcon_core.package_identification:_identify(src/dynamixel_sdk_examples) by extension 'ignore'
[0.959s] Level 1:colcon.colcon_core.package_identification:_identify(src/dynamixel_sdk_examples) by extension 'ignore_ament_install'
[0.959s] Level 1:colcon.colcon_core.package_identification:_identify(src/dynamixel_sdk_examples) by extensions ['colcon_pkg']
[0.959s] Level 1:colcon.colcon_core.package_identification:_identify(src/dynamixel_sdk_examples) by extension 'colcon_pkg'
[0.959s] Level 1:colcon.colcon_core.package_identification:_identify(src/dynamixel_sdk_examples) by extensions ['colcon_meta']
[0.959s] Level 1:colcon.colcon_core.package_identification:_identify(src/dynamixel_sdk_examples) by extension 'colcon_meta'
[0.959s] Level 1:colcon.colcon_core.package_identification:_identify(src/dynamixel_sdk_examples) by extensions ['ros']
[0.959s] Level 1:colcon.colcon_core.package_identification:_identify(src/dynamixel_sdk_examples) by extension 'ros'
[0.960s] DEBUG:colcon.colcon_core.package_identification:Package 'src/dynamixel_sdk_examples' with type 'ros.ament_cmake' and name 'dynamixel_sdk_examples'
[0.960s] Level 1:colcon.colcon_core.package_identification:_identify(src/rft_com_library) by extensions ['ignore', 'ignore_ament_install']
[0.960s] Level 1:colcon.colcon_core.package_identification:_identify(src/rft_com_library) by extension 'ignore'
[0.960s] Level 1:colcon.colcon_core.package_identification:_identify(src/rft_com_library) by extension 'ignore_ament_install'
[0.960s] Level 1:colcon.colcon_core.package_identification:_identify(src/rft_com_library) by extensions ['colcon_pkg']
[0.960s] Level 1:colcon.colcon_core.package_identification:_identify(src/rft_com_library) by extension 'colcon_pkg'
[0.960s] Level 1:colcon.colcon_core.package_identification:_identify(src/rft_com_library) by extensions ['colcon_meta']
[0.960s] Level 1:colcon.colcon_core.package_identification:_identify(src/rft_com_library) by extension 'colcon_meta'
[0.960s] Level 1:colcon.colcon_core.package_identification:_identify(src/rft_com_library) by extensions ['ros']
[0.961s] Level 1:colcon.colcon_core.package_identification:_identify(src/rft_com_library) by extension 'ros'
[0.961s] DEBUG:colcon.colcon_core.package_identification:Package 'src/rft_com_library' with type 'ros.ament_cmake' and name 'rft_com_library'
[0.961s] Level 1:colcon.colcon_core.package_identification:_identify(src/rft_interfaces) by extensions ['ignore', 'ignore_ament_install']
[0.961s] Level 1:colcon.colcon_core.package_identification:_identify(src/rft_interfaces) by extension 'ignore'
[0.961s] Level 1:colcon.colcon_core.package_identification:_identify(src/rft_interfaces) by extension 'ignore_ament_install'
[0.961s] Level 1:colcon.colcon_core.package_identification:_identify(src/rft_interfaces) by extensions ['colcon_pkg']
[0.961s] Level 1:colcon.colcon_core.package_identification:_identify(src/rft_interfaces) by extension 'colcon_pkg'
[0.961s] Level 1:colcon.colcon_core.package_identification:_identify(src/rft_interfaces) by extensions ['colcon_meta']
[0.961s] Level 1:colcon.colcon_core.package_identification:_identify(src/rft_interfaces) by extension 'colcon_meta'
[0.961s] Level 1:colcon.colcon_core.package_identification:_identify(src/rft_interfaces) by extensions ['ros']
[0.961s] Level 1:colcon.colcon_core.package_identification:_identify(src/rft_interfaces) by extension 'ros'
[0.962s] DEBUG:colcon.colcon_core.package_identification:Package 'src/rft_interfaces' with type 'ros.ament_cmake' and name 'rft_interfaces'
[0.962s] Level 1:colcon.colcon_core.package_identification:_identify(src/rft_sensor_serial) by extensions ['ignore', 'ignore_ament_install']
[0.962s] Level 1:colcon.colcon_core.package_identification:_identify(src/rft_sensor_serial) by extension 'ignore'
[0.962s] Level 1:colcon.colcon_core.package_identification:_identify(src/rft_sensor_serial) by extension 'ignore_ament_install'
[0.962s] Level 1:colcon.colcon_core.package_identification:_identify(src/rft_sensor_serial) by extensions ['colcon_pkg']
[0.962s] Level 1:colcon.colcon_core.package_identification:_identify(src/rft_sensor_serial) by extension 'colcon_pkg'
[0.962s] Level 1:colcon.colcon_core.package_identification:_identify(src/rft_sensor_serial) by extensions ['colcon_meta']
[0.962s] Level 1:colcon.colcon_core.package_identification:_identify(src/rft_sensor_serial) by extension 'colcon_meta'
[0.962s] Level 1:colcon.colcon_core.package_identification:_identify(src/rft_sensor_serial) by extensions ['ros']
[0.962s] Level 1:colcon.colcon_core.package_identification:_identify(src/rft_sensor_serial) by extension 'ros'
[0.963s] DEBUG:colcon.colcon_core.package_identification:Package 'src/rft_sensor_serial' with type 'ros.ament_cmake' and name 'rft_sensor_serial'
[0.963s] Level 1:colcon.colcon_core.package_identification:_identify(src/sensor_pub) by extensions ['ignore', 'ignore_ament_install']
[0.963s] Level 1:colcon.colcon_core.package_identification:_identify(src/sensor_pub) by extension 'ignore'
[0.963s] Level 1:colcon.colcon_core.package_identification:_identify(src/sensor_pub) by extension 'ignore_ament_install'
[0.963s] Level 1:colcon.colcon_core.package_identification:_identify(src/sensor_pub) by extensions ['colcon_pkg']
[0.963s] Level 1:colcon.colcon_core.package_identification:_identify(src/sensor_pub) by extension 'colcon_pkg'
[0.963s] Level 1:colcon.colcon_core.package_identification:_identify(src/sensor_pub) by extensions ['colcon_meta']
[0.963s] Level 1:colcon.colcon_core.package_identification:_identify(src/sensor_pub) by extension 'colcon_meta'
[0.964s] Level 1:colcon.colcon_core.package_identification:_identify(src/sensor_pub) by extensions ['ros']
[0.964s] Level 1:colcon.colcon_core.package_identification:_identify(src/sensor_pub) by extension 'ros'
[0.964s] DEBUG:colcon.colcon_core.package_identification:Package 'src/sensor_pub' with type 'ros.ament_cmake' and name 'sensor_pub'
[0.964s] Level 1:colcon.colcon_core.package_discovery:discover_packages(recursive) using defaults
[0.964s] Level 1:colcon.colcon_core.package_discovery:discover_packages(ignore) discover
[0.964s] Level 1:colcon.colcon_core.package_discovery:discover_packages(ignore) using defaults
[0.964s] Level 1:colcon.colcon_core.package_discovery:discover_packages(path) discover
[0.964s] Level 1:colcon.colcon_core.package_discovery:discover_packages(path) using defaults
[1.020s] INFO:colcon.colcon_core.package_selection:Skipping not selected package 'dynamixel_sdk' in 'src/dynamixel_sdk'
[1.020s] INFO:colcon.colcon_core.package_selection:Skipping not selected package 'dynamixel_sdk_custom_interfaces' in 'src/dynamixel_sdk_custom_interfaces'
[1.020s] INFO:colcon.colcon_core.package_selection:Skipping not selected package 'rft_interfaces' in 'src/rft_interfaces'
[1.020s] INFO:colcon.colcon_core.package_selection:Skipping not selected package 'dynamixel_sdk_examples' in 'src/dynamixel_sdk_examples'
[1.020s] INFO:colcon.colcon_core.package_selection:Skipping not selected package 'rft_sensor_serial' in 'src/rft_sensor_serial'
[1.020s] INFO:colcon.colcon_core.package_selection:Skipping not selected package 'sensor_pub' in 'src/sensor_pub'
[1.045s] Level 1:colcon.colcon_core.package_discovery:discover_packages(prefix_path) check parameters
[1.045s] Level 1:colcon.colcon_core.package_discovery:discover_packages(prefix_path) discover
[1.071s] DEBUG:colcon.colcon_installed_package_information.package_discovery:Found 270 installed packages in /opt/ros/humble
[1.072s] Level 1:colcon.colcon_core.package_discovery:discover_packages(prefix_path) using defaults
[1.158s] Level 5:colcon.colcon_core.verb:set package 'rft_com_library' build argument 'cmake_args' from command line to 'None'
[1.158s] Level 5:colcon.colcon_core.verb:set package 'rft_com_library' build argument 'cmake_target' from command line to 'None'
[1.158s] Level 5:colcon.colcon_core.verb:set package 'rft_com_library' build argument 'cmake_target_skip_unavailable' from command line to 'False'
[1.158s] Level 5:colcon.colcon_core.verb:set package 'rft_com_library' build argument 'cmake_clean_cache' from command line to 'False'
[1.158s] Level 5:colcon.colcon_core.verb:set package 'rft_com_library' build argument 'cmake_clean_first' from command line to 'False'
[1.158s] Level 5:colcon.colcon_core.verb:set package 'rft_com_library' build argument 'cmake_force_configure' from command line to 'False'
[1.158s] Level 5:colcon.colcon_core.verb:set package 'rft_com_library' build argument 'ament_cmake_args' from command line to 'None'
[1.159s] Level 5:colcon.colcon_core.verb:set package 'rft_com_library' build argument 'catkin_cmake_args' from command line to 'None'
[1.159s] Level 5:colcon.colcon_core.verb:set package 'rft_com_library' build argument 'catkin_skip_building_tests' from command line to 'False'
[1.159s] DEBUG:colcon.colcon_core.verb:Building package 'rft_com_library' with the following arguments: {'ament_cmake_args': None, 'build_base': '/home/turtle/turtle-experiment/ros2_ws/build/rft_com_library', 'catkin_cmake_args': None, 'catkin_skip_building_tests': False, 'cmake_args': None, 'cmake_clean_cache': False, 'cmake_clean_first': False, 'cmake_force_configure': False, 'cmake_target': None, 'cmake_target_skip_unavailable': False, 'install_base': '/home/turtle/turtle-experiment/ros2_ws/install/rft_com_library', 'merge_install': False, 'path': '/home/turtle/turtle-experiment/ros2_ws/src/rft_com_library', 'symlink_install': False, 'test_result_base': None}
[1.173s] INFO:colcon.colcon_core.executor:Executing jobs using 'parallel' executor
[1.189s] DEBUG:colcon.colcon_parallel_executor.executor.parallel:run_until_complete
[1.189s] INFO:colcon.colcon_ros.task.ament_cmake.build:Building ROS package in '/home/turtle/turtle-experiment/ros2_ws/src/rft_com_library' with build type 'ament_cmake'
[1.189s] INFO:colcon.colcon_cmake.task.cmake.build:Building CMake package in '/home/turtle/turtle-experiment/ros2_ws/src/rft_com_library'
[1.204s] INFO:colcon.colcon_core.plugin_system:Skipping extension 'colcon_core.shell.bat': Not used on non-Windows systems
[1.205s] INFO:colcon.colcon_core.shell:Skip shell extension 'powershell' for command environment: Not usable outside of PowerShell
[1.205s] DEBUG:colcon.colcon_core.shell:Skip shell extension 'dsv' for command environment
[1.248s] DEBUG:colcon.colcon_core.event_handler.log_command:Invoking command in '/home/turtle/turtle-experiment/ros2_ws/build/rft_com_library': CMAKE_PREFIX_PATH=/opt/ros/humble /usr/bin/cmake --build /home/turtle/turtle-experiment/ros2_ws/build/rft_com_library -- -j8 -l8
[1.298s] DEBUG:colcon.colcon_core.event_handler.log_command:Invoked command in '/home/turtle/turtle-experiment/ros2_ws/build/rft_com_library' returned '0': CMAKE_PREFIX_PATH=/opt/ros/humble /usr/bin/cmake --build /home/turtle/turtle-experiment/ros2_ws/build/rft_com_library -- -j8 -l8
[1.328s] DEBUG:colcon.colcon_core.event_handler.log_command:Invoking command in '/home/turtle/turtle-experiment/ros2_ws/build/rft_com_library': CMAKE_PREFIX_PATH=/opt/ros/humble /usr/bin/cmake --install /home/turtle/turtle-experiment/ros2_ws/build/rft_com_library
[1.338s] Level 1:colcon.colcon_core.environment:create_environment_scripts_only(rft_com_library)
[1.339s] DEBUG:colcon.colcon_core.event_handler.log_command:Invoked command in '/home/turtle/turtle-experiment/ros2_ws/build/rft_com_library' returned '0': CMAKE_PREFIX_PATH=/opt/ros/humble /usr/bin/cmake --install /home/turtle/turtle-experiment/ros2_ws/build/rft_com_library
[1.365s] Level 1:colcon.colcon_core.environment:checking '/home/turtle/turtle-experiment/ros2_ws/install/rft_com_library' for CMake module files
[1.366s] Level 1:colcon.colcon_core.environment:checking '/home/turtle/turtle-experiment/ros2_ws/install/rft_com_library' for CMake config files
[1.366s] Level 1:colcon.colcon_core.shell:create_environment_hook('rft_com_library', 'cmake_prefix_path')
[1.390s] INFO:colcon.colcon_core.shell:Creating environment hook '/home/turtle/turtle-experiment/ros2_ws/install/rft_com_library/share/rft_com_library/hook/cmake_prefix_path.ps1'
[1.390s] INFO:colcon.colcon_core.shell:Creating environment descriptor '/home/turtle/turtle-experiment/ros2_ws/install/rft_com_library/share/rft_com_library/hook/cmake_prefix_path.dsv'
[1.391s] INFO:colcon.colcon_core.shell:Creating environment hook '/home/turtle/turtle-experiment/ros2_ws/install/rft_com_library/share/rft_com_library/hook/cmake_prefix_path.sh'
[1.392s] Level 1:colcon.colcon_core.environment:checking '/home/turtle/turtle-experiment/ros2_ws/install/rft_com_library/lib'
[1.392s] Level 1:colcon.colcon_core.environment:checking '/home/turtle/turtle-experiment/ros2_ws/install/rft_com_library/bin'
[1.392s] Level 1:colcon.colcon_core.environment:checking '/home/turtle/turtle-experiment/ros2_ws/install/rft_com_library/lib/pkgconfig/rft_com_library.pc'
[1.393s] Level 1:colcon.colcon_core.environment:checking '/home/turtle/turtle-experiment/ros2_ws/install/rft_com_library/lib/python3.10/site-packages'
[1.393s] Level 1:colcon.colcon_core.environment:checking '/home/turtle/turtle-experiment/ros2_ws/install/rft_com_library/bin'
[1.416s] INFO:colcon.colcon_core.shell:Creating package script '/home/turtle/turtle-experiment/ros2_ws/install/rft_com_library/share/rft_com_library/package.ps1'
[1.417s] INFO:colcon.colcon_core.shell:Creating package descriptor '/home/turtle/turtle-experiment/ros2_ws/install/rft_com_library/share/rft_com_library/package.dsv'
[1.418s] INFO:colcon.colcon_core.shell:Creating package script '/home/turtle/turtle-experiment/ros2_ws/install/rft_com_library/share/rft_com_library/package.sh'
[1.419s] INFO:colcon.colcon_core.shell:Creating package script '/home/turtle/turtle-experiment/ros2_ws/install/rft_com_library/share/rft_com_library/package.bash'
[1.420s] INFO:colcon.colcon_core.shell:Creating package script '/home/turtle/turtle-experiment/ros2_ws/install/rft_com_library/share/rft_com_library/package.zsh'
[1.421s] Level 1:colcon.colcon_core.environment:create_file_with_runtime_dependencies(/home/turtle/turtle-experiment/ros2_ws/install/rft_com_library/share/colcon-core/packages/rft_com_library)
[1.466s] Level 1:colcon.colcon_core.environment:create_environment_scripts_only(rft_com_library)
[1.487s] Level 1:colcon.colcon_core.environment:checking '/home/turtle/turtle-experiment/ros2_ws/install/rft_com_library' for CMake module files
[1.488s] Level 1:colcon.colcon_core.environment:checking '/home/turtle/turtle-experiment/ros2_ws/install/rft_com_library' for CMake config files
[1.488s] Level 1:colcon.colcon_core.shell:create_environment_hook('rft_com_library', 'cmake_prefix_path')
[1.507s] INFO:colcon.colcon_core.shell:Creating environment hook '/home/turtle/turtle-experiment/ros2_ws/install/rft_com_library/share/rft_com_library/hook/cmake_prefix_path.ps1'
[1.508s] INFO:colcon.colcon_core.shell:Creating environment descriptor '/home/turtle/turtle-experiment/ros2_ws/install/rft_com_library/share/rft_com_library/hook/cmake_prefix_path.dsv'
[1.509s] INFO:colcon.colcon_core.shell:Creating environment hook '/home/turtle/turtle-experiment/ros2_ws/install/rft_com_library/share/rft_com_library/hook/cmake_prefix_path.sh'
[1.510s] Level 1:colcon.colcon_core.environment:checking '/home/turtle/turtle-experiment/ros2_ws/install/rft_com_library/lib'
[1.510s] Level 1:colcon.colcon_core.environment:checking '/home/turtle/turtle-experiment/ros2_ws/install/rft_com_library/bin'
[1.510s] Level 1:colcon.colcon_core.environment:checking '/home/turtle/turtle-experiment/ros2_ws/install/rft_com_library/lib/pkgconfig/rft_com_library.pc'
[1.511s] Level 1:colcon.colcon_core.environment:checking '/home/turtle/turtle-experiment/ros2_ws/install/rft_com_library/lib/python3.10/site-packages'
[1.511s] Level 1:colcon.colcon_core.environment:checking '/home/turtle/turtle-experiment/ros2_ws/install/rft_com_library/bin'
[1.540s] INFO:colcon.colcon_core.shell:Creating package script '/home/turtle/turtle-experiment/ros2_ws/install/rft_com_library/share/rft_com_library/package.ps1'
[1.541s] INFO:colcon.colcon_core.shell:Creating package descriptor '/home/turtle/turtle-experiment/ros2_ws/install/rft_com_library/share/rft_com_library/package.dsv'
[1.542s] INFO:colcon.colcon_core.shell:Creating package script '/home/turtle/turtle-experiment/ros2_ws/install/rft_com_library/share/rft_com_library/package.sh'
[1.543s] INFO:colcon.colcon_core.shell:Creating package script '/home/turtle/turtle-experiment/ros2_ws/install/rft_com_library/share/rft_com_library/package.bash'
[1.544s] INFO:colcon.colcon_core.shell:Creating package script '/home/turtle/turtle-experiment/ros2_ws/install/rft_com_library/share/rft_com_library/package.zsh'
[1.544s] Level 1:colcon.colcon_core.environment:create_file_with_runtime_dependencies(/home/turtle/turtle-experiment/ros2_ws/install/rft_com_library/share/colcon-core/packages/rft_com_library)
[1.545s] DEBUG:colcon.colcon_parallel_executor.executor.parallel:closing loop
[1.545s] DEBUG:colcon.colcon_parallel_executor.executor.parallel:loop closed
[1.545s] DEBUG:colcon.colcon_parallel_executor.executor.parallel:run_until_complete finished with '0'
[1.546s] DEBUG:colcon.colcon_core.event_reactor:joining thread
[1.587s] INFO:colcon.colcon_core.plugin_system:Skipping extension 'colcon_notification.desktop_notification.terminal_notifier': Not used on non-Darwin systems
[1.587s] INFO:colcon.colcon_core.plugin_system:Skipping extension 'colcon_notification.desktop_notification.win32': Not used on non-Windows systems
[1.587s] INFO:colcon.colcon_notification.desktop_notification:Sending desktop notification using 'notify2'
[1.637s] DEBUG:colcon.colcon_core.event_reactor:joined thread
[1.670s] INFO:colcon.colcon_core.shell:Creating prefix script '/home/turtle/turtle-experiment/ros2_ws/install/local_setup.ps1'
[1.671s] INFO:colcon.colcon_core.shell:Creating prefix util module '/home/turtle/turtle-experiment/ros2_ws/install/_local_setup_util_ps1.py'
[1.674s] INFO:colcon.colcon_core.shell:Creating prefix chain script '/home/turtle/turtle-experiment/ros2_ws/install/setup.ps1'
[1.721s] INFO:colcon.colcon_core.shell:Creating prefix script '/home/turtle/turtle-experiment/ros2_ws/install/local_setup.sh'
[1.722s] INFO:colcon.colcon_core.shell:Creating prefix util module '/home/turtle/turtle-experiment/ros2_ws/install/_local_setup_util_sh.py'
[1.723s] INFO:colcon.colcon_core.shell:Creating prefix chain script '/home/turtle/turtle-experiment/ros2_ws/install/setup.sh'
[1.749s] INFO:colcon.colcon_core.shell:Creating prefix script '/home/turtle/turtle-experiment/ros2_ws/install/local_setup.bash'
[1.750s] INFO:colcon.colcon_core.shell:Creating prefix chain script '/home/turtle/turtle-experiment/ros2_ws/install/setup.bash'
[1.780s] INFO:colcon.colcon_core.shell:Creating prefix script '/home/turtle/turtle-experiment/ros2_ws/install/local_setup.zsh'
[1.780s] INFO:colcon.colcon_core.shell:Creating prefix chain script '/home/turtle/turtle-experiment/ros2_ws/install/setup.zsh'
