[0.803s] DEBUG:colcon:Command line arguments: ['/usr/bin/colcon', 'build', '--packages-select', 'rft_sensor_serial']
[0.803s] DEBUG:colcon:Parsed command line arguments: Namespace(log_base=None, log_level=None, verb_name='build', build_base='build', install_base='install', merge_install=False, symlink_install=False, test_result_base=None, continue_on_error=False, executor='parallel', parallel_workers=8, event_handlers=None, ignore_user_meta=False, metas=['./colcon.meta'], base_paths=['.'], packages_ignore=None, packages_ignore_regex=None, paths=None, packages_up_to=None, packages_up_to_regex=None, packages_above=None, packages_above_and_dependencies=None, packages_above_depth=None, packages_select_by_dep=None, packages_skip_by_dep=None, packages_skip_up_to=None, packages_select_build_failed=False, packages_skip_build_finished=False, packages_select_test_failures=False, packages_skip_test_passed=False, packages_select=['rft_sensor_serial'], packages_skip=None, packages_select_regex=None, packages_skip_regex=None, packages_start=None, packages_end=None, allow_overriding=[], cmake_args=None, cmake_target=None, cmake_target_skip_unavailable=False, cmake_clean_cache=False, cmake_clean_first=False, cmake_force_configure=False, ament_cmake_args=None, catkin_cmake_args=None, catkin_skip_building_tests=False, verb_parser=<colcon_defaults.argument_parser.defaults.DefaultArgumentsDecorator object at 0x7f599f1c4ee0>, verb_extension=<colcon_core.verb.build.BuildVerb object at 0x7f599f146f20>, main=<bound method BuildVerb.main of <colcon_core.verb.build.BuildVerb object at 0x7f599f146f20>>)
[0.840s] Level 1:colcon.colcon_core.package_discovery:discover_packages(colcon_meta) check parameters
[0.840s] Level 1:colcon.colcon_core.package_discovery:discover_packages(recursive) check parameters
[0.840s] Level 1:colcon.colcon_core.package_discovery:discover_packages(ignore) check parameters
[0.840s] Level 1:colcon.colcon_core.package_discovery:discover_packages(path) check parameters
[0.840s] Level 1:colcon.colcon_core.package_discovery:discover_packages(colcon_meta) discover
[0.840s] Level 1:colcon.colcon_core.package_discovery:discover_packages(recursive) discover
[0.840s] INFO:colcon.colcon_core.package_discovery:Crawling recursively for packages in '/home/turtle/turtle-experiment/ros2_ws'
[0.841s] Level 1:colcon.colcon_core.package_identification:_identify(.) by extensions ['ignore', 'ignore_ament_install']
[0.841s] Level 1:colcon.colcon_core.package_identification:_identify(.) by extension 'ignore'
[0.841s] Level 1:colcon.colcon_core.package_identification:_identify(.) by extension 'ignore_ament_install'
[0.841s] Level 1:colcon.colcon_core.package_identification:_identify(.) by extensions ['colcon_pkg']
[0.841s] Level 1:colcon.colcon_core.package_identification:_identify(.) by extension 'colcon_pkg'
[0.841s] Level 1:colcon.colcon_core.package_identification:_identify(.) by extensions ['colcon_meta']
[0.841s] Level 1:colcon.colcon_core.package_identification:_identify(.) by extension 'colcon_meta'
[0.841s] Level 1:colcon.colcon_core.package_identification:_identify(.) by extensions ['ros']
[0.841s] Level 1:colcon.colcon_core.package_identification:_identify(.) by extension 'ros'
[0.850s] Level 1:colcon.colcon_core.package_identification:_identify(.) by extensions ['cmake', 'python']
[0.850s] Level 1:colcon.colcon_core.package_identification:_identify(.) by extension 'cmake'
[0.850s] Level 1:colcon.colcon_core.package_identification:_identify(.) by extension 'python'
[0.850s] Level 1:colcon.colcon_core.package_identification:_identify(.) by extensions ['python_setup_py']
[0.850s] Level 1:colcon.colcon_core.package_identification:_identify(.) by extension 'python_setup_py'
[0.850s] Level 1:colcon.colcon_core.package_identification:_identify(build) by extensions ['ignore', 'ignore_ament_install']
[0.850s] Level 1:colcon.colcon_core.package_identification:_identify(build) by extension 'ignore'
[0.850s] Level 1:colcon.colcon_core.package_identification:_identify(build) ignored
[0.850s] Level 1:colcon.colcon_core.package_identification:_identify(install) by extensions ['ignore', 'ignore_ament_install']
[0.850s] Level 1:colcon.colcon_core.package_identification:_identify(install) by extension 'ignore'
[0.850s] Level 1:colcon.colcon_core.package_identification:_identify(install) ignored
[0.850s] Level 1:colcon.colcon_core.package_identification:_identify(log) by extensions ['ignore', 'ignore_ament_install']
[0.850s] Level 1:colcon.colcon_core.package_identification:_identify(log) by extension 'ignore'
[0.851s] Level 1:colcon.colcon_core.package_identification:_identify(log) ignored
[0.851s] Level 1:colcon.colcon_core.package_identification:_identify(src) by extensions ['ignore', 'ignore_ament_install']
[0.851s] Level 1:colcon.colcon_core.package_identification:_identify(src) by extension 'ignore'
[0.851s] Level 1:colcon.colcon_core.package_identification:_identify(src) by extension 'ignore_ament_install'
[0.851s] Level 1:colcon.colcon_core.package_identification:_identify(src) by extensions ['colcon_pkg']
[0.851s] Level 1:colcon.colcon_core.package_identification:_identify(src) by extension 'colcon_pkg'
[0.851s] Level 1:colcon.colcon_core.package_identification:_identify(src) by extensions ['colcon_meta']
[0.851s] Level 1:colcon.colcon_core.package_identification:_identify(src) by extension 'colcon_meta'
[0.851s] Level 1:colcon.colcon_core.package_identification:_identify(src) by extensions ['ros']
[0.851s] Level 1:colcon.colcon_core.package_identification:_identify(src) by extension 'ros'
[0.851s] Level 1:colcon.colcon_core.package_identification:_identify(src) by extensions ['cmake', 'python']
[0.851s] Level 1:colcon.colcon_core.package_identification:_identify(src) by extension 'cmake'
[0.851s] Level 1:colcon.colcon_core.package_identification:_identify(src) by extension 'python'
[0.851s] Level 1:colcon.colcon_core.package_identification:_identify(src) by extensions ['python_setup_py']
[0.851s] Level 1:colcon.colcon_core.package_identification:_identify(src) by extension 'python_setup_py'
[0.851s] Level 1:colcon.colcon_core.package_identification:_identify(src/dynamixel_sdk) by extensions ['ignore', 'ignore_ament_install']
[0.851s] Level 1:colcon.colcon_core.package_identification:_identify(src/dynamixel_sdk) by extension 'ignore'
[0.851s] Level 1:colcon.colcon_core.package_identification:_identify(src/dynamixel_sdk) by extension 'ignore_ament_install'
[0.851s] Level 1:colcon.colcon_core.package_identification:_identify(src/dynamixel_sdk) by extensions ['colcon_pkg']
[0.851s] Level 1:colcon.colcon_core.package_identification:_identify(src/dynamixel_sdk) by extension 'colcon_pkg'
[0.851s] Level 1:colcon.colcon_core.package_identification:_identify(src/dynamixel_sdk) by extensions ['colcon_meta']
[0.851s] Level 1:colcon.colcon_core.package_identification:_identify(src/dynamixel_sdk) by extension 'colcon_meta'
[0.851s] Level 1:colcon.colcon_core.package_identification:_identify(src/dynamixel_sdk) by extensions ['ros']
[0.851s] Level 1:colcon.colcon_core.package_identification:_identify(src/dynamixel_sdk) by extension 'ros'
[0.853s] DEBUG:colcon.colcon_core.package_identification:Package 'src/dynamixel_sdk' with type 'ros.ament_cmake' and name 'dynamixel_sdk'
[0.853s] Level 1:colcon.colcon_core.package_identification:_identify(src/dynamixel_sdk_custom_interfaces) by extensions ['ignore', 'ignore_ament_install']
[0.853s] Level 1:colcon.colcon_core.package_identification:_identify(src/dynamixel_sdk_custom_interfaces) by extension 'ignore'
[0.854s] Level 1:colcon.colcon_core.package_identification:_identify(src/dynamixel_sdk_custom_interfaces) by extension 'ignore_ament_install'
[0.854s] Level 1:colcon.colcon_core.package_identification:_identify(src/dynamixel_sdk_custom_interfaces) by extensions ['colcon_pkg']
[0.854s] Level 1:colcon.colcon_core.package_identification:_identify(src/dynamixel_sdk_custom_interfaces) by extension 'colcon_pkg'
[0.854s] Level 1:colcon.colcon_core.package_identification:_identify(src/dynamixel_sdk_custom_interfaces) by extensions ['colcon_meta']
[0.854s] Level 1:colcon.colcon_core.package_identification:_identify(src/dynamixel_sdk_custom_interfaces) by extension 'colcon_meta'
[0.854s] Level 1:colcon.colcon_core.package_identification:_identify(src/dynamixel_sdk_custom_interfaces) by extensions ['ros']
[0.854s] Level 1:colcon.colcon_core.package_identification:_identify(src/dynamixel_sdk_custom_interfaces) by extension 'ros'
[0.854s] DEBUG:colcon.colcon_core.package_identification:Package 'src/dynamixel_sdk_custom_interfaces' with type 'ros.ament_cmake' and name 'dynamixel_sdk_custom_interfaces'
[0.854s] Level 1:colcon.colcon_core.package_identification:_identify(src/dynamixel_sdk_examples) by extensions ['ignore', 'ignore_ament_install']
[0.854s] Level 1:colcon.colcon_core.package_identification:_identify(src/dynamixel_sdk_examples) by extension 'ignore'
[0.854s] Level 1:colcon.colcon_core.package_identification:_identify(src/dynamixel_sdk_examples) by extension 'ignore_ament_install'
[0.854s] Level 1:colcon.colcon_core.package_identification:_identify(src/dynamixel_sdk_examples) by extensions ['colcon_pkg']
[0.855s] Level 1:colcon.colcon_core.package_identification:_identify(src/dynamixel_sdk_examples) by extension 'colcon_pkg'
[0.855s] Level 1:colcon.colcon_core.package_identification:_identify(src/dynamixel_sdk_examples) by extensions ['colcon_meta']
[0.855s] Level 1:colcon.colcon_core.package_identification:_identify(src/dynamixel_sdk_examples) by extension 'colcon_meta'
[0.855s] Level 1:colcon.colcon_core.package_identification:_identify(src/dynamixel_sdk_examples) by extensions ['ros']
[0.855s] Level 1:colcon.colcon_core.package_identification:_identify(src/dynamixel_sdk_examples) by extension 'ros'
[0.855s] DEBUG:colcon.colcon_core.package_identification:Package 'src/dynamixel_sdk_examples' with type 'ros.ament_cmake' and name 'dynamixel_sdk_examples'
[0.855s] Level 1:colcon.colcon_core.package_identification:_identify(src/rft_com_library) by extensions ['ignore', 'ignore_ament_install']
[0.855s] Level 1:colcon.colcon_core.package_identification:_identify(src/rft_com_library) by extension 'ignore'
[0.855s] Level 1:colcon.colcon_core.package_identification:_identify(src/rft_com_library) by extension 'ignore_ament_install'
[0.855s] Level 1:colcon.colcon_core.package_identification:_identify(src/rft_com_library) by extensions ['colcon_pkg']
[0.855s] Level 1:colcon.colcon_core.package_identification:_identify(src/rft_com_library) by extension 'colcon_pkg'
[0.855s] Level 1:colcon.colcon_core.package_identification:_identify(src/rft_com_library) by extensions ['colcon_meta']
[0.856s] Level 1:colcon.colcon_core.package_identification:_identify(src/rft_com_library) by extension 'colcon_meta'
[0.856s] Level 1:colcon.colcon_core.package_identification:_identify(src/rft_com_library) by extensions ['ros']
[0.856s] Level 1:colcon.colcon_core.package_identification:_identify(src/rft_com_library) by extension 'ros'
[0.856s] DEBUG:colcon.colcon_core.package_identification:Package 'src/rft_com_library' with type 'ros.ament_cmake' and name 'rft_com_library'
[0.856s] Level 1:colcon.colcon_core.package_identification:_identify(src/rft_interfaces) by extensions ['ignore', 'ignore_ament_install']
[0.856s] Level 1:colcon.colcon_core.package_identification:_identify(src/rft_interfaces) by extension 'ignore'
[0.856s] Level 1:colcon.colcon_core.package_identification:_identify(src/rft_interfaces) by extension 'ignore_ament_install'
[0.856s] Level 1:colcon.colcon_core.package_identification:_identify(src/rft_interfaces) by extensions ['colcon_pkg']
[0.856s] Level 1:colcon.colcon_core.package_identification:_identify(src/rft_interfaces) by extension 'colcon_pkg'
[0.856s] Level 1:colcon.colcon_core.package_identification:_identify(src/rft_interfaces) by extensions ['colcon_meta']
[0.856s] Level 1:colcon.colcon_core.package_identification:_identify(src/rft_interfaces) by extension 'colcon_meta'
[0.856s] Level 1:colcon.colcon_core.package_identification:_identify(src/rft_interfaces) by extensions ['ros']
[0.856s] Level 1:colcon.colcon_core.package_identification:_identify(src/rft_interfaces) by extension 'ros'
[0.857s] DEBUG:colcon.colcon_core.package_identification:Package 'src/rft_interfaces' with type 'ros.ament_cmake' and name 'rft_interfaces'
[0.857s] Level 1:colcon.colcon_core.package_identification:_identify(src/rft_sensor_serial) by extensions ['ignore', 'ignore_ament_install']
[0.857s] Level 1:colcon.colcon_core.package_identification:_identify(src/rft_sensor_serial) by extension 'ignore'
[0.857s] Level 1:colcon.colcon_core.package_identification:_identify(src/rft_sensor_serial) by extension 'ignore_ament_install'
[0.857s] Level 1:colcon.colcon_core.package_identification:_identify(src/rft_sensor_serial) by extensions ['colcon_pkg']
[0.857s] Level 1:colcon.colcon_core.package_identification:_identify(src/rft_sensor_serial) by extension 'colcon_pkg'
[0.857s] Level 1:colcon.colcon_core.package_identification:_identify(src/rft_sensor_serial) by extensions ['colcon_meta']
[0.857s] Level 1:colcon.colcon_core.package_identification:_identify(src/rft_sensor_serial) by extension 'colcon_meta'
[0.857s] Level 1:colcon.colcon_core.package_identification:_identify(src/rft_sensor_serial) by extensions ['ros']
[0.857s] Level 1:colcon.colcon_core.package_identification:_identify(src/rft_sensor_serial) by extension 'ros'
[0.858s] DEBUG:colcon.colcon_core.package_identification:Package 'src/rft_sensor_serial' with type 'ros.ament_cmake' and name 'rft_sensor_serial'
[0.858s] Level 1:colcon.colcon_core.package_identification:_identify(src/sensor_pub) by extensions ['ignore', 'ignore_ament_install']
[0.858s] Level 1:colcon.colcon_core.package_identification:_identify(src/sensor_pub) by extension 'ignore'
[0.858s] Level 1:colcon.colcon_core.package_identification:_identify(src/sensor_pub) by extension 'ignore_ament_install'
[0.858s] Level 1:colcon.colcon_core.package_identification:_identify(src/sensor_pub) by extensions ['colcon_pkg']
[0.858s] Level 1:colcon.colcon_core.package_identification:_identify(src/sensor_pub) by extension 'colcon_pkg'
[0.858s] Level 1:colcon.colcon_core.package_identification:_identify(src/sensor_pub) by extensions ['colcon_meta']
[0.858s] Level 1:colcon.colcon_core.package_identification:_identify(src/sensor_pub) by extension 'colcon_meta'
[0.858s] Level 1:colcon.colcon_core.package_identification:_identify(src/sensor_pub) by extensions ['ros']
[0.858s] Level 1:colcon.colcon_core.package_identification:_identify(src/sensor_pub) by extension 'ros'
[0.859s] DEBUG:colcon.colcon_core.package_identification:Package 'src/sensor_pub' with type 'ros.ament_cmake' and name 'sensor_pub'
[0.859s] Level 1:colcon.colcon_core.package_discovery:discover_packages(recursive) using defaults
[0.859s] Level 1:colcon.colcon_core.package_discovery:discover_packages(ignore) discover
[0.859s] Level 1:colcon.colcon_core.package_discovery:discover_packages(ignore) using defaults
[0.859s] Level 1:colcon.colcon_core.package_discovery:discover_packages(path) discover
[0.859s] Level 1:colcon.colcon_core.package_discovery:discover_packages(path) using defaults
[0.909s] INFO:colcon.colcon_core.package_selection:Skipping not selected package 'dynamixel_sdk' in 'src/dynamixel_sdk'
[0.909s] INFO:colcon.colcon_core.package_selection:Skipping not selected package 'dynamixel_sdk_custom_interfaces' in 'src/dynamixel_sdk_custom_interfaces'
[0.909s] INFO:colcon.colcon_core.package_selection:Skipping not selected package 'rft_com_library' in 'src/rft_com_library'
[0.910s] INFO:colcon.colcon_core.package_selection:Skipping not selected package 'rft_interfaces' in 'src/rft_interfaces'
[0.910s] INFO:colcon.colcon_core.package_selection:Skipping not selected package 'dynamixel_sdk_examples' in 'src/dynamixel_sdk_examples'
[0.910s] INFO:colcon.colcon_core.package_selection:Skipping not selected package 'sensor_pub' in 'src/sensor_pub'
[0.932s] Level 1:colcon.colcon_core.package_discovery:discover_packages(prefix_path) check parameters
[0.932s] Level 1:colcon.colcon_core.package_discovery:discover_packages(prefix_path) discover
[0.956s] DEBUG:colcon.colcon_installed_package_information.package_discovery:Found 270 installed packages in /opt/ros/humble
[0.958s] Level 1:colcon.colcon_core.package_discovery:discover_packages(prefix_path) using defaults
[1.037s] Level 5:colcon.colcon_core.verb:set package 'rft_sensor_serial' build argument 'cmake_args' from command line to 'None'
[1.037s] Level 5:colcon.colcon_core.verb:set package 'rft_sensor_serial' build argument 'cmake_target' from command line to 'None'
[1.037s] Level 5:colcon.colcon_core.verb:set package 'rft_sensor_serial' build argument 'cmake_target_skip_unavailable' from command line to 'False'
[1.037s] Level 5:colcon.colcon_core.verb:set package 'rft_sensor_serial' build argument 'cmake_clean_cache' from command line to 'False'
[1.037s] Level 5:colcon.colcon_core.verb:set package 'rft_sensor_serial' build argument 'cmake_clean_first' from command line to 'False'
[1.037s] Level 5:colcon.colcon_core.verb:set package 'rft_sensor_serial' build argument 'cmake_force_configure' from command line to 'False'
[1.037s] Level 5:colcon.colcon_core.verb:set package 'rft_sensor_serial' build argument 'ament_cmake_args' from command line to 'None'
[1.037s] Level 5:colcon.colcon_core.verb:set package 'rft_sensor_serial' build argument 'catkin_cmake_args' from command line to 'None'
[1.037s] Level 5:colcon.colcon_core.verb:set package 'rft_sensor_serial' build argument 'catkin_skip_building_tests' from command line to 'False'
[1.037s] DEBUG:colcon.colcon_core.verb:Building package 'rft_sensor_serial' with the following arguments: {'ament_cmake_args': None, 'build_base': '/home/turtle/turtle-experiment/ros2_ws/build/rft_sensor_serial', 'catkin_cmake_args': None, 'catkin_skip_building_tests': False, 'cmake_args': None, 'cmake_clean_cache': False, 'cmake_clean_first': False, 'cmake_force_configure': False, 'cmake_target': None, 'cmake_target_skip_unavailable': False, 'install_base': '/home/turtle/turtle-experiment/ros2_ws/install/rft_sensor_serial', 'merge_install': False, 'path': '/home/turtle/turtle-experiment/ros2_ws/src/rft_sensor_serial', 'symlink_install': False, 'test_result_base': None}
[1.050s] INFO:colcon.colcon_core.executor:Executing jobs using 'parallel' executor
[1.063s] DEBUG:colcon.colcon_parallel_executor.executor.parallel:run_until_complete
[1.063s] INFO:colcon.colcon_ros.task.ament_cmake.build:Building ROS package in '/home/turtle/turtle-experiment/ros2_ws/src/rft_sensor_serial' with build type 'ament_cmake'
[1.063s] INFO:colcon.colcon_cmake.task.cmake.build:Building CMake package in '/home/turtle/turtle-experiment/ros2_ws/src/rft_sensor_serial'
[1.078s] INFO:colcon.colcon_core.plugin_system:Skipping extension 'colcon_core.shell.bat': Not used on non-Windows systems
[1.078s] INFO:colcon.colcon_core.shell:Skip shell extension 'powershell' for command environment: Not usable outside of PowerShell
[1.078s] DEBUG:colcon.colcon_core.shell:Skip shell extension 'dsv' for command environment
[1.114s] DEBUG:colcon.colcon_core.event_handler.log_command:Invoking command in '/home/turtle/turtle-experiment/ros2_ws/build/rft_sensor_serial': AMENT_PREFIX_PATH=/home/turtle/turtle-experiment/ros2_ws/install/rft_interfaces:/home/turtle/turtle-experiment/ros2_ws/install/rft_com_library:${AMENT_PREFIX_PATH} CMAKE_PREFIX_PATH=/home/turtle/turtle-experiment/ros2_ws/install/rft_interfaces:/home/turtle/turtle-experiment/ros2_ws/install/rft_com_library:/opt/ros/humble LD_LIBRARY_PATH=/home/turtle/turtle-experiment/ros2_ws/install/rft_interfaces/lib:/home/turtle/turtle-experiment/ros2_ws/install/rft_com_library/lib:${LD_LIBRARY_PATH} PYTHONPATH=/home/turtle/turtle-experiment/ros2_ws/install/rft_interfaces/local/lib/python3.10/dist-packages:${PYTHONPATH} /usr/bin/cmake --build /home/turtle/turtle-experiment/ros2_ws/build/rft_sensor_serial -- -j8 -l8
[6.067s] DEBUG:colcon.colcon_core.event_handler.log_command:Invoked command in '/home/turtle/turtle-experiment/ros2_ws/build/rft_sensor_serial' returned '0': AMENT_PREFIX_PATH=/home/turtle/turtle-experiment/ros2_ws/install/rft_interfaces:/home/turtle/turtle-experiment/ros2_ws/install/rft_com_library:${AMENT_PREFIX_PATH} CMAKE_PREFIX_PATH=/home/turtle/turtle-experiment/ros2_ws/install/rft_interfaces:/home/turtle/turtle-experiment/ros2_ws/install/rft_com_library:/opt/ros/humble LD_LIBRARY_PATH=/home/turtle/turtle-experiment/ros2_ws/install/rft_interfaces/lib:/home/turtle/turtle-experiment/ros2_ws/install/rft_com_library/lib:${LD_LIBRARY_PATH} PYTHONPATH=/home/turtle/turtle-experiment/ros2_ws/install/rft_interfaces/local/lib/python3.10/dist-packages:${PYTHONPATH} /usr/bin/cmake --build /home/turtle/turtle-experiment/ros2_ws/build/rft_sensor_serial -- -j8 -l8
[6.095s] DEBUG:colcon.colcon_core.event_handler.log_command:Invoking command in '/home/turtle/turtle-experiment/ros2_ws/build/rft_sensor_serial': AMENT_PREFIX_PATH=/home/turtle/turtle-experiment/ros2_ws/install/rft_interfaces:/home/turtle/turtle-experiment/ros2_ws/install/rft_com_library:${AMENT_PREFIX_PATH} CMAKE_PREFIX_PATH=/home/turtle/turtle-experiment/ros2_ws/install/rft_interfaces:/home/turtle/turtle-experiment/ros2_ws/install/rft_com_library:/opt/ros/humble LD_LIBRARY_PATH=/home/turtle/turtle-experiment/ros2_ws/install/rft_interfaces/lib:/home/turtle/turtle-experiment/ros2_ws/install/rft_com_library/lib:${LD_LIBRARY_PATH} PYTHONPATH=/home/turtle/turtle-experiment/ros2_ws/install/rft_interfaces/local/lib/python3.10/dist-packages:${PYTHONPATH} /usr/bin/cmake --install /home/turtle/turtle-experiment/ros2_ws/build/rft_sensor_serial
[6.106s] Level 1:colcon.colcon_core.environment:create_environment_scripts_only(rft_sensor_serial)
[6.107s] DEBUG:colcon.colcon_core.event_handler.log_command:Invoked command in '/home/turtle/turtle-experiment/ros2_ws/build/rft_sensor_serial' returned '0': AMENT_PREFIX_PATH=/home/turtle/turtle-experiment/ros2_ws/install/rft_interfaces:/home/turtle/turtle-experiment/ros2_ws/install/rft_com_library:${AMENT_PREFIX_PATH} CMAKE_PREFIX_PATH=/home/turtle/turtle-experiment/ros2_ws/install/rft_interfaces:/home/turtle/turtle-experiment/ros2_ws/install/rft_com_library:/opt/ros/humble LD_LIBRARY_PATH=/home/turtle/turtle-experiment/ros2_ws/install/rft_interfaces/lib:/home/turtle/turtle-experiment/ros2_ws/install/rft_com_library/lib:${LD_LIBRARY_PATH} PYTHONPATH=/home/turtle/turtle-experiment/ros2_ws/install/rft_interfaces/local/lib/python3.10/dist-packages:${PYTHONPATH} /usr/bin/cmake --install /home/turtle/turtle-experiment/ros2_ws/build/rft_sensor_serial
[6.124s] Level 1:colcon.colcon_core.environment:checking '/home/turtle/turtle-experiment/ros2_ws/install/rft_sensor_serial' for CMake module files
[6.124s] Level 1:colcon.colcon_core.environment:checking '/home/turtle/turtle-experiment/ros2_ws/install/rft_sensor_serial' for CMake config files
[6.124s] Level 1:colcon.colcon_core.shell:create_environment_hook('rft_sensor_serial', 'cmake_prefix_path')
[6.139s] INFO:colcon.colcon_core.shell:Creating environment hook '/home/turtle/turtle-experiment/ros2_ws/install/rft_sensor_serial/share/rft_sensor_serial/hook/cmake_prefix_path.ps1'
[6.140s] INFO:colcon.colcon_core.shell:Creating environment descriptor '/home/turtle/turtle-experiment/ros2_ws/install/rft_sensor_serial/share/rft_sensor_serial/hook/cmake_prefix_path.dsv'
[6.140s] INFO:colcon.colcon_core.shell:Creating environment hook '/home/turtle/turtle-experiment/ros2_ws/install/rft_sensor_serial/share/rft_sensor_serial/hook/cmake_prefix_path.sh'
[6.141s] Level 1:colcon.colcon_core.environment:checking '/home/turtle/turtle-experiment/ros2_ws/install/rft_sensor_serial/lib'
[6.141s] Level 1:colcon.colcon_core.environment:checking '/home/turtle/turtle-experiment/ros2_ws/install/rft_sensor_serial/bin'
[6.141s] Level 1:colcon.colcon_core.environment:checking '/home/turtle/turtle-experiment/ros2_ws/install/rft_sensor_serial/lib/pkgconfig/rft_sensor_serial.pc'
[6.141s] Level 1:colcon.colcon_core.environment:checking '/home/turtle/turtle-experiment/ros2_ws/install/rft_sensor_serial/lib/python3.10/site-packages'
[6.142s] Level 1:colcon.colcon_core.environment:checking '/home/turtle/turtle-experiment/ros2_ws/install/rft_sensor_serial/bin'
[6.156s] INFO:colcon.colcon_core.shell:Creating package script '/home/turtle/turtle-experiment/ros2_ws/install/rft_sensor_serial/share/rft_sensor_serial/package.ps1'
[6.157s] INFO:colcon.colcon_core.shell:Creating package descriptor '/home/turtle/turtle-experiment/ros2_ws/install/rft_sensor_serial/share/rft_sensor_serial/package.dsv'
[6.157s] INFO:colcon.colcon_core.shell:Creating package script '/home/turtle/turtle-experiment/ros2_ws/install/rft_sensor_serial/share/rft_sensor_serial/package.sh'
[6.158s] INFO:colcon.colcon_core.shell:Creating package script '/home/turtle/turtle-experiment/ros2_ws/install/rft_sensor_serial/share/rft_sensor_serial/package.bash'
[6.159s] INFO:colcon.colcon_core.shell:Creating package script '/home/turtle/turtle-experiment/ros2_ws/install/rft_sensor_serial/share/rft_sensor_serial/package.zsh'
[6.159s] Level 1:colcon.colcon_core.environment:create_file_with_runtime_dependencies(/home/turtle/turtle-experiment/ros2_ws/install/rft_sensor_serial/share/colcon-core/packages/rft_sensor_serial)
[6.192s] Level 1:colcon.colcon_core.environment:create_environment_scripts_only(rft_sensor_serial)
[6.205s] Level 1:colcon.colcon_core.environment:checking '/home/turtle/turtle-experiment/ros2_ws/install/rft_sensor_serial' for CMake module files
[6.205s] Level 1:colcon.colcon_core.environment:checking '/home/turtle/turtle-experiment/ros2_ws/install/rft_sensor_serial' for CMake config files
[6.205s] Level 1:colcon.colcon_core.shell:create_environment_hook('rft_sensor_serial', 'cmake_prefix_path')
[6.218s] INFO:colcon.colcon_core.shell:Creating environment hook '/home/turtle/turtle-experiment/ros2_ws/install/rft_sensor_serial/share/rft_sensor_serial/hook/cmake_prefix_path.ps1'
[6.218s] INFO:colcon.colcon_core.shell:Creating environment descriptor '/home/turtle/turtle-experiment/ros2_ws/install/rft_sensor_serial/share/rft_sensor_serial/hook/cmake_prefix_path.dsv'
[6.218s] INFO:colcon.colcon_core.shell:Creating environment hook '/home/turtle/turtle-experiment/ros2_ws/install/rft_sensor_serial/share/rft_sensor_serial/hook/cmake_prefix_path.sh'
[6.219s] Level 1:colcon.colcon_core.environment:checking '/home/turtle/turtle-experiment/ros2_ws/install/rft_sensor_serial/lib'
[6.219s] Level 1:colcon.colcon_core.environment:checking '/home/turtle/turtle-experiment/ros2_ws/install/rft_sensor_serial/bin'
[6.219s] Level 1:colcon.colcon_core.environment:checking '/home/turtle/turtle-experiment/ros2_ws/install/rft_sensor_serial/lib/pkgconfig/rft_sensor_serial.pc'
[6.219s] Level 1:colcon.colcon_core.environment:checking '/home/turtle/turtle-experiment/ros2_ws/install/rft_sensor_serial/lib/python3.10/site-packages'
[6.219s] Level 1:colcon.colcon_core.environment:checking '/home/turtle/turtle-experiment/ros2_ws/install/rft_sensor_serial/bin'
[6.232s] INFO:colcon.colcon_core.shell:Creating package script '/home/turtle/turtle-experiment/ros2_ws/install/rft_sensor_serial/share/rft_sensor_serial/package.ps1'
[6.232s] INFO:colcon.colcon_core.shell:Creating package descriptor '/home/turtle/turtle-experiment/ros2_ws/install/rft_sensor_serial/share/rft_sensor_serial/package.dsv'
[6.232s] INFO:colcon.colcon_core.shell:Creating package script '/home/turtle/turtle-experiment/ros2_ws/install/rft_sensor_serial/share/rft_sensor_serial/package.sh'
[6.233s] INFO:colcon.colcon_core.shell:Creating package script '/home/turtle/turtle-experiment/ros2_ws/install/rft_sensor_serial/share/rft_sensor_serial/package.bash'
[6.233s] INFO:colcon.colcon_core.shell:Creating package script '/home/turtle/turtle-experiment/ros2_ws/install/rft_sensor_serial/share/rft_sensor_serial/package.zsh'
[6.233s] Level 1:colcon.colcon_core.environment:create_file_with_runtime_dependencies(/home/turtle/turtle-experiment/ros2_ws/install/rft_sensor_serial/share/colcon-core/packages/rft_sensor_serial)
[6.233s] DEBUG:colcon.colcon_parallel_executor.executor.parallel:closing loop
[6.234s] DEBUG:colcon.colcon_parallel_executor.executor.parallel:loop closed
[6.234s] DEBUG:colcon.colcon_parallel_executor.executor.parallel:run_until_complete finished with '0'
[6.234s] DEBUG:colcon.colcon_core.event_reactor:joining thread
[6.250s] INFO:colcon.colcon_core.plugin_system:Skipping extension 'colcon_notification.desktop_notification.terminal_notifier': Not used on non-Darwin systems
[6.250s] INFO:colcon.colcon_core.plugin_system:Skipping extension 'colcon_notification.desktop_notification.win32': Not used on non-Windows systems
[6.250s] INFO:colcon.colcon_notification.desktop_notification:Sending desktop notification using 'notify2'
[6.263s] DEBUG:colcon.colcon_core.event_reactor:joined thread
[6.279s] INFO:colcon.colcon_core.shell:Creating prefix script '/home/turtle/turtle-experiment/ros2_ws/install/local_setup.ps1'
[6.280s] INFO:colcon.colcon_core.shell:Creating prefix util module '/home/turtle/turtle-experiment/ros2_ws/install/_local_setup_util_ps1.py'
[6.281s] INFO:colcon.colcon_core.shell:Creating prefix chain script '/home/turtle/turtle-experiment/ros2_ws/install/setup.ps1'
[6.309s] INFO:colcon.colcon_core.shell:Creating prefix script '/home/turtle/turtle-experiment/ros2_ws/install/local_setup.sh'
[6.309s] INFO:colcon.colcon_core.shell:Creating prefix util module '/home/turtle/turtle-experiment/ros2_ws/install/_local_setup_util_sh.py'
[6.309s] INFO:colcon.colcon_core.shell:Creating prefix chain script '/home/turtle/turtle-experiment/ros2_ws/install/setup.sh'
[6.326s] INFO:colcon.colcon_core.shell:Creating prefix script '/home/turtle/turtle-experiment/ros2_ws/install/local_setup.bash'
[6.326s] INFO:colcon.colcon_core.shell:Creating prefix chain script '/home/turtle/turtle-experiment/ros2_ws/install/setup.bash'
[6.343s] INFO:colcon.colcon_core.shell:Creating prefix script '/home/turtle/turtle-experiment/ros2_ws/install/local_setup.zsh'
[6.343s] INFO:colcon.colcon_core.shell:Creating prefix chain script '/home/turtle/turtle-experiment/ros2_ws/install/setup.zsh'
