[0.132s] Invoking command in '/home/turtle/turtle-experiment/ros2_ws/build/rft_interfaces': CMAKE_PREFIX_PATH=/opt/ros/humble /usr/bin/cmake /home/turtle/turtle-experiment/ros2_ws/src/rft_interfaces -DCMAKE_INSTALL_PREFIX=/home/turtle/turtle-experiment/ros2_ws/install/rft_interfaces
[0.179s] -- The C compiler identification is GNU 11.4.0
[0.232s] -- The CXX compiler identification is GNU 11.4.0
[0.238s] -- Detecting C compiler ABI info
[0.296s] -- Detecting C compiler ABI info - done
[0.304s] -- Check for working C compiler: /usr/bin/cc - skipped
[0.304s] -- Detecting C compile features
[0.304s] -- Detecting C compile features - done
[0.307s] -- Detecting CXX compiler ABI info
[0.376s] -- Detecting CXX compiler ABI info - done
[0.384s] -- Check for working CXX compiler: /usr/bin/c++ - skipped
[0.384s] -- Detecting CXX compile features
[0.384s] -- Detecting CXX compile features - done
[0.386s] -- Found ament_cmake: 1.3.7 (/opt/ros/humble/share/ament_cmake/cmake)
[0.547s] -- Found Python3: /usr/bin/python3.10 (found version "3.10.12") found components: Interpreter 
[0.632s] -- Found rosidl_default_generators: 1.2.0 (/opt/ros/humble/share/rosidl_default_generators/cmake)
[0.635s] -- Using all available rosidl_typesupport_c: rosidl_typesupport_fastrtps_c;rosidl_typesupport_introspection_c
[0.639s] -- Found rosidl_adapter: 3.1.5 (/opt/ros/humble/share/rosidl_adapter/cmake)
[0.675s] -- Using all available rosidl_typesupport_cpp: rosidl_typesupport_fastrtps_cpp;rosidl_typesupport_introspection_cpp
[1.101s] -- Found ament_cmake_ros: 0.10.0 (/opt/ros/humble/share/ament_cmake_ros/cmake)
[1.388s] -- Using all available rosidl_typesupport_c: rosidl_typesupport_fastrtps_c;rosidl_typesupport_introspection_c
[1.637s] -- Using all available rosidl_typesupport_cpp: rosidl_typesupport_fastrtps_cpp;rosidl_typesupport_introspection_cpp
[1.659s] -- Found PythonInterp: /usr/bin/python3 (found suitable version "3.10.12", minimum required is "3.6") 
[1.661s] -- Found python_cmake_module: 0.10.0 (/opt/ros/humble/share/python_cmake_module/cmake)
[1.685s] -- Found PythonLibs: /usr/lib/x86_64-linux-gnu/libpython3.10.so (found suitable version "3.10.12", minimum required is "3.5") 
[1.685s] -- Using PYTHON_EXECUTABLE: /usr/bin/python3
[1.685s] -- Using PYTHON_INCLUDE_DIRS: /usr/include/python3.10
[1.685s] -- Using PYTHON_LIBRARIES: /usr/lib/x86_64-linux-gnu/libpython3.10.so
[1.704s] -- Found PythonExtra: .so  
[1.736s] -- Configuring done
[1.760s] -- Generating done
[1.761s] -- Build files have been written to: /home/turtle/turtle-experiment/ros2_ws/build/rft_interfaces
[1.769s] Invoked command in '/home/turtle/turtle-experiment/ros2_ws/build/rft_interfaces' returned '0': CMAKE_PREFIX_PATH=/opt/ros/humble /usr/bin/cmake /home/turtle/turtle-experiment/ros2_ws/src/rft_interfaces -DCMAKE_INSTALL_PREFIX=/home/turtle/turtle-experiment/ros2_ws/install/rft_interfaces
[1.770s] Invoking command in '/home/turtle/turtle-experiment/ros2_ws/build/rft_interfaces': CMAKE_PREFIX_PATH=/opt/ros/humble /usr/bin/cmake --build /home/turtle/turtle-experiment/ros2_ws/build/rft_interfaces -- -j8 -l8
[1.802s] [  3%] [34m[1mGenerating C code for ROS interfaces[0m
[1.812s] [  6%] [34m[1mGenerating C++ code for ROS interfaces[0m
[1.819s] [  6%] Built target ament_cmake_python_copy_rft_interfaces
[2.071s] running egg_info
[2.071s] creating rft_interfaces.egg-info
[2.072s] writing rft_interfaces.egg-info/PKG-INFO
[2.072s] writing dependency_links to rft_interfaces.egg-info/dependency_links.txt
[2.072s] writing top-level names to rft_interfaces.egg-info/top_level.txt
[2.072s] writing manifest file 'rft_interfaces.egg-info/SOURCES.txt'
[2.074s] reading manifest file 'rft_interfaces.egg-info/SOURCES.txt'
[2.075s] writing manifest file 'rft_interfaces.egg-info/SOURCES.txt'
[2.102s] [  6%] Built target ament_cmake_python_build_rft_interfaces_egg
[2.204s] [  9%] [32mBuilding C object CMakeFiles/rft_interfaces__rosidl_generator_c.dir/rosidl_generator_c/rft_interfaces/srv/detail/rft_operation_request__functions.c.o[0m
[2.257s] [  9%] Built target rft_interfaces__cpp
[2.263s] [ 12%] [32m[1mLinking C shared library librft_interfaces__rosidl_generator_c.so[0m
[2.270s] [ 22%] [34m[1mGenerating C++ type support for eProsima Fast-RTPS[0m
[2.270s] [ 22%] [34m[1mGenerating C++ type support dispatch for ROS interfaces[0m
[2.270s] [ 22%] [34m[1mGenerating C++ introspection for ROS interfaces[0m
[2.310s] [ 22%] Built target rft_interfaces__rosidl_generator_c
[2.321s] [ 25%] [34m[1mGenerating C type support dispatch for ROS interfaces[0m
[2.324s] [ 29%] [34m[1mGenerating C introspection for ROS interfaces[0m
[2.331s] [ 32%] [34m[1mGenerating C type support for eProsima Fast-RTPS[0m
[2.763s] [ 35%] [32mBuilding CXX object CMakeFiles/rft_interfaces__rosidl_typesupport_cpp.dir/rosidl_typesupport_cpp/rft_interfaces/srv/rft_operation_request__type_support.cpp.o[0m
[2.776s] [ 38%] [32mBuilding CXX object CMakeFiles/rft_interfaces__rosidl_typesupport_c.dir/rosidl_typesupport_c/rft_interfaces/srv/rft_operation_request__type_support.cpp.o[0m
[2.788s] [ 41%] [32mBuilding CXX object CMakeFiles/rft_interfaces__rosidl_typesupport_introspection_cpp.dir/rosidl_typesupport_introspection_cpp/rft_interfaces/srv/detail/rft_operation_request__type_support.cpp.o[0m
[2.817s] [ 45%] [32mBuilding CXX object CMakeFiles/rft_interfaces__rosidl_typesupport_fastrtps_cpp.dir/rosidl_typesupport_fastrtps_cpp/rft_interfaces/srv/detail/dds_fastrtps/rft_operation_request__type_support.cpp.o[0m
[2.864s] [ 48%] [32m[1mLinking CXX shared library librft_interfaces__rosidl_typesupport_c.so[0m
[2.930s] [ 48%] Built target rft_interfaces__rosidl_typesupport_c
[2.941s] [ 51%] [32mBuilding C object CMakeFiles/rft_interfaces__rosidl_typesupport_introspection_c.dir/rosidl_typesupport_introspection_c/rft_interfaces/srv/detail/rft_operation_request__type_support.c.o[0m
[3.016s] [ 54%] [32mBuilding CXX object CMakeFiles/rft_interfaces__rosidl_typesupport_fastrtps_c.dir/rosidl_typesupport_fastrtps_c/rft_interfaces/srv/detail/rft_operation_request__type_support_c.cpp.o[0m
[3.094s] [ 58%] [32m[1mLinking C shared library librft_interfaces__rosidl_typesupport_introspection_c.so[0m
[3.181s] [ 58%] Built target rft_interfaces__rosidl_typesupport_introspection_c
[3.289s] [ 61%] [32m[1mLinking CXX shared library librft_interfaces__rosidl_typesupport_cpp.so[0m
[3.477s] [ 61%] Built target rft_interfaces__rosidl_typesupport_cpp
[3.700s] [ 64%] [32m[1mLinking CXX shared library librft_interfaces__rosidl_typesupport_fastrtps_c.so[0m
[3.723s] [ 67%] [32m[1mLinking CXX shared library librft_interfaces__rosidl_typesupport_fastrtps_cpp.so[0m
[3.816s] [ 70%] [32m[1mLinking CXX shared library librft_interfaces__rosidl_typesupport_introspection_cpp.so[0m
[3.859s] [ 70%] Built target rft_interfaces__rosidl_typesupport_fastrtps_cpp
[3.909s] [ 70%] Built target rft_interfaces__rosidl_typesupport_fastrtps_c
[3.953s] [ 70%] Built target rft_interfaces__rosidl_typesupport_introspection_cpp
[3.982s] [ 70%] Built target rft_interfaces
[4.012s] [ 74%] [34m[1mGenerating Python code for ROS interfaces[0m
[4.403s] [ 74%] Built target rft_interfaces__py
[4.419s] [ 77%] [32mBuilding C object CMakeFiles/rft_interfaces__rosidl_generator_py.dir/rosidl_generator_py/rft_interfaces/srv/_rft_operation_request_s.c.o[0m
[4.520s] [ 80%] [32m[1mLinking C shared library rosidl_generator_py/rft_interfaces/librft_interfaces__rosidl_generator_py.so[0m
[4.554s] [ 80%] Built target rft_interfaces__rosidl_generator_py
[4.571s] [ 83%] [32mBuilding C object CMakeFiles/rft_interfaces__rosidl_typesupport_fastrtps_c__pyext.dir/rosidl_generator_py/rft_interfaces/_rft_interfaces_s.ep.rosidl_typesupport_fastrtps_c.c.o[0m
[4.573s] [ 87%] [32mBuilding C object CMakeFiles/rft_interfaces__rosidl_typesupport_c__pyext.dir/rosidl_generator_py/rft_interfaces/_rft_interfaces_s.ep.rosidl_typesupport_c.c.o[0m
[4.573s] [ 90%] [32mBuilding C object CMakeFiles/rft_interfaces__rosidl_typesupport_introspection_c__pyext.dir/rosidl_generator_py/rft_interfaces/_rft_interfaces_s.ep.rosidl_typesupport_introspection_c.c.o[0m
[4.656s] [ 93%] [32m[1mLinking C shared library rosidl_generator_py/rft_interfaces/rft_interfaces_s__rosidl_typesupport_c.cpython-310-x86_64-linux-gnu.so[0m
[4.661s] [ 96%] [32m[1mLinking C shared library rosidl_generator_py/rft_interfaces/rft_interfaces_s__rosidl_typesupport_fastrtps_c.cpython-310-x86_64-linux-gnu.so[0m
[4.683s] [ 96%] Built target rft_interfaces__rosidl_typesupport_c__pyext
[4.690s] [ 96%] Built target rft_interfaces__rosidl_typesupport_fastrtps_c__pyext
[4.702s] [100%] [32m[1mLinking C shared library rosidl_generator_py/rft_interfaces/rft_interfaces_s__rosidl_typesupport_introspection_c.cpython-310-x86_64-linux-gnu.so[0m
[4.727s] [100%] Built target rft_interfaces__rosidl_typesupport_introspection_c__pyext
[4.735s] Invoked command in '/home/turtle/turtle-experiment/ros2_ws/build/rft_interfaces' returned '0': CMAKE_PREFIX_PATH=/opt/ros/humble /usr/bin/cmake --build /home/turtle/turtle-experiment/ros2_ws/build/rft_interfaces -- -j8 -l8
[4.773s] Invoking command in '/home/turtle/turtle-experiment/ros2_ws/build/rft_interfaces': CMAKE_PREFIX_PATH=/opt/ros/humble /usr/bin/cmake --install /home/turtle/turtle-experiment/ros2_ws/build/rft_interfaces
[4.778s] -- Install configuration: ""
[4.778s] -- Installing: /home/turtle/turtle-experiment/ros2_ws/install/rft_interfaces/share/ament_index/resource_index/rosidl_interfaces/rft_interfaces
[4.779s] -- Installing: /home/turtle/turtle-experiment/ros2_ws/install/rft_interfaces/include/rft_interfaces/rft_interfaces
[4.779s] -- Installing: /home/turtle/turtle-experiment/ros2_ws/install/rft_interfaces/include/rft_interfaces/rft_interfaces/srv
[4.779s] -- Installing: /home/turtle/turtle-experiment/ros2_ws/install/rft_interfaces/include/rft_interfaces/rft_interfaces/srv/detail
[4.779s] -- Installing: /home/turtle/turtle-experiment/ros2_ws/install/rft_interfaces/include/rft_interfaces/rft_interfaces/srv/detail/rft_operation_request__functions.h
[4.779s] -- Installing: /home/turtle/turtle-experiment/ros2_ws/install/rft_interfaces/include/rft_interfaces/rft_interfaces/srv/detail/rft_operation_request__functions.c
[4.779s] -- Installing: /home/turtle/turtle-experiment/ros2_ws/install/rft_interfaces/include/rft_interfaces/rft_interfaces/srv/detail/rft_operation_request__struct.h
[4.779s] -- Installing: /home/turtle/turtle-experiment/ros2_ws/install/rft_interfaces/include/rft_interfaces/rft_interfaces/srv/detail/rft_operation_request__type_support.h
[4.779s] -- Installing: /home/turtle/turtle-experiment/ros2_ws/install/rft_interfaces/include/rft_interfaces/rft_interfaces/srv/rft_operation_request.h
[4.779s] -- Installing: /home/turtle/turtle-experiment/ros2_ws/install/rft_interfaces/include/rft_interfaces/rft_interfaces/msg
[4.779s] -- Installing: /home/turtle/turtle-experiment/ros2_ws/install/rft_interfaces/include/rft_interfaces/rft_interfaces/msg/rosidl_generator_c__visibility_control.h
[4.779s] -- Installing: /home/turtle/turtle-experiment/ros2_ws/install/rft_interfaces/share/rft_interfaces/environment/library_path.sh
[4.779s] -- Installing: /home/turtle/turtle-experiment/ros2_ws/install/rft_interfaces/share/rft_interfaces/environment/library_path.dsv
[4.779s] -- Installing: /home/turtle/turtle-experiment/ros2_ws/install/rft_interfaces/lib/librft_interfaces__rosidl_generator_c.so
[4.780s] -- Set runtime path of "/home/turtle/turtle-experiment/ros2_ws/install/rft_interfaces/lib/librft_interfaces__rosidl_generator_c.so" to ""
[4.780s] -- Up-to-date: /home/turtle/turtle-experiment/ros2_ws/install/rft_interfaces/include/rft_interfaces/rft_interfaces
[4.780s] -- Up-to-date: /home/turtle/turtle-experiment/ros2_ws/install/rft_interfaces/include/rft_interfaces/rft_interfaces/srv
[4.780s] -- Up-to-date: /home/turtle/turtle-experiment/ros2_ws/install/rft_interfaces/include/rft_interfaces/rft_interfaces/srv/detail
[4.780s] -- Installing: /home/turtle/turtle-experiment/ros2_ws/install/rft_interfaces/include/rft_interfaces/rft_interfaces/srv/detail/rft_operation_request__rosidl_typesupport_fastrtps_c.h
[4.780s] -- Up-to-date: /home/turtle/turtle-experiment/ros2_ws/install/rft_interfaces/include/rft_interfaces/rft_interfaces/msg
[4.780s] -- Installing: /home/turtle/turtle-experiment/ros2_ws/install/rft_interfaces/include/rft_interfaces/rft_interfaces/msg/rosidl_typesupport_fastrtps_c__visibility_control.h
[4.780s] -- Installing: /home/turtle/turtle-experiment/ros2_ws/install/rft_interfaces/lib/librft_interfaces__rosidl_typesupport_fastrtps_c.so
[4.780s] -- Set runtime path of "/home/turtle/turtle-experiment/ros2_ws/install/rft_interfaces/lib/librft_interfaces__rosidl_typesupport_fastrtps_c.so" to ""
[4.781s] -- Up-to-date: /home/turtle/turtle-experiment/ros2_ws/install/rft_interfaces/include/rft_interfaces/rft_interfaces
[4.781s] -- Up-to-date: /home/turtle/turtle-experiment/ros2_ws/install/rft_interfaces/include/rft_interfaces/rft_interfaces/srv
[4.781s] -- Up-to-date: /home/turtle/turtle-experiment/ros2_ws/install/rft_interfaces/include/rft_interfaces/rft_interfaces/srv/detail
[4.781s] -- Installing: /home/turtle/turtle-experiment/ros2_ws/install/rft_interfaces/include/rft_interfaces/rft_interfaces/srv/detail/rft_operation_request__rosidl_typesupport_introspection_c.h
[4.781s] -- Installing: /home/turtle/turtle-experiment/ros2_ws/install/rft_interfaces/include/rft_interfaces/rft_interfaces/srv/detail/rft_operation_request__type_support.c
[4.781s] -- Up-to-date: /home/turtle/turtle-experiment/ros2_ws/install/rft_interfaces/include/rft_interfaces/rft_interfaces/msg
[4.781s] -- Installing: /home/turtle/turtle-experiment/ros2_ws/install/rft_interfaces/include/rft_interfaces/rft_interfaces/msg/rosidl_typesupport_introspection_c__visibility_control.h
[4.781s] -- Installing: /home/turtle/turtle-experiment/ros2_ws/install/rft_interfaces/lib/librft_interfaces__rosidl_typesupport_introspection_c.so
[4.781s] -- Set runtime path of "/home/turtle/turtle-experiment/ros2_ws/install/rft_interfaces/lib/librft_interfaces__rosidl_typesupport_introspection_c.so" to ""
[4.781s] -- Installing: /home/turtle/turtle-experiment/ros2_ws/install/rft_interfaces/lib/librft_interfaces__rosidl_typesupport_c.so
[4.781s] -- Set runtime path of "/home/turtle/turtle-experiment/ros2_ws/install/rft_interfaces/lib/librft_interfaces__rosidl_typesupport_c.so" to ""
[4.782s] -- Up-to-date: /home/turtle/turtle-experiment/ros2_ws/install/rft_interfaces/include/rft_interfaces/rft_interfaces
[4.782s] -- Up-to-date: /home/turtle/turtle-experiment/ros2_ws/install/rft_interfaces/include/rft_interfaces/rft_interfaces/srv
[4.782s] -- Installing: /home/turtle/turtle-experiment/ros2_ws/install/rft_interfaces/include/rft_interfaces/rft_interfaces/srv/rft_operation_request.hpp
[4.782s] -- Up-to-date: /home/turtle/turtle-experiment/ros2_ws/install/rft_interfaces/include/rft_interfaces/rft_interfaces/srv/detail
[4.782s] -- Installing: /home/turtle/turtle-experiment/ros2_ws/install/rft_interfaces/include/rft_interfaces/rft_interfaces/srv/detail/rft_operation_request__builder.hpp
[4.782s] -- Installing: /home/turtle/turtle-experiment/ros2_ws/install/rft_interfaces/include/rft_interfaces/rft_interfaces/srv/detail/rft_operation_request__traits.hpp
[4.782s] -- Installing: /home/turtle/turtle-experiment/ros2_ws/install/rft_interfaces/include/rft_interfaces/rft_interfaces/srv/detail/rft_operation_request__struct.hpp
[4.782s] -- Up-to-date: /home/turtle/turtle-experiment/ros2_ws/install/rft_interfaces/include/rft_interfaces/rft_interfaces
[4.782s] -- Up-to-date: /home/turtle/turtle-experiment/ros2_ws/install/rft_interfaces/include/rft_interfaces/rft_interfaces/srv
[4.782s] -- Up-to-date: /home/turtle/turtle-experiment/ros2_ws/install/rft_interfaces/include/rft_interfaces/rft_interfaces/srv/detail
[4.782s] -- Installing: /home/turtle/turtle-experiment/ros2_ws/install/rft_interfaces/include/rft_interfaces/rft_interfaces/srv/detail/dds_fastrtps
[4.782s] -- Installing: /home/turtle/turtle-experiment/ros2_ws/install/rft_interfaces/include/rft_interfaces/rft_interfaces/srv/detail/rft_operation_request__rosidl_typesupport_fastrtps_cpp.hpp
[4.782s] -- Up-to-date: /home/turtle/turtle-experiment/ros2_ws/install/rft_interfaces/include/rft_interfaces/rft_interfaces/msg
[4.782s] -- Installing: /home/turtle/turtle-experiment/ros2_ws/install/rft_interfaces/include/rft_interfaces/rft_interfaces/msg/rosidl_typesupport_fastrtps_cpp__visibility_control.h
[4.783s] -- Installing: /home/turtle/turtle-experiment/ros2_ws/install/rft_interfaces/lib/librft_interfaces__rosidl_typesupport_fastrtps_cpp.so
[4.783s] -- Set runtime path of "/home/turtle/turtle-experiment/ros2_ws/install/rft_interfaces/lib/librft_interfaces__rosidl_typesupport_fastrtps_cpp.so" to ""
[4.783s] -- Up-to-date: /home/turtle/turtle-experiment/ros2_ws/install/rft_interfaces/include/rft_interfaces/rft_interfaces
[4.783s] -- Up-to-date: /home/turtle/turtle-experiment/ros2_ws/install/rft_interfaces/include/rft_interfaces/rft_interfaces/srv
[4.783s] -- Up-to-date: /home/turtle/turtle-experiment/ros2_ws/install/rft_interfaces/include/rft_interfaces/rft_interfaces/srv/detail
[4.783s] -- Installing: /home/turtle/turtle-experiment/ros2_ws/install/rft_interfaces/include/rft_interfaces/rft_interfaces/srv/detail/rft_operation_request__type_support.cpp
[4.783s] -- Installing: /home/turtle/turtle-experiment/ros2_ws/install/rft_interfaces/include/rft_interfaces/rft_interfaces/srv/detail/rft_operation_request__rosidl_typesupport_introspection_cpp.hpp
[4.783s] -- Installing: /home/turtle/turtle-experiment/ros2_ws/install/rft_interfaces/lib/librft_interfaces__rosidl_typesupport_introspection_cpp.so
[4.783s] -- Set runtime path of "/home/turtle/turtle-experiment/ros2_ws/install/rft_interfaces/lib/librft_interfaces__rosidl_typesupport_introspection_cpp.so" to ""
[4.783s] -- Installing: /home/turtle/turtle-experiment/ros2_ws/install/rft_interfaces/lib/librft_interfaces__rosidl_typesupport_cpp.so
[4.784s] -- Set runtime path of "/home/turtle/turtle-experiment/ros2_ws/install/rft_interfaces/lib/librft_interfaces__rosidl_typesupport_cpp.so" to ""
[4.784s] -- Installing: /home/turtle/turtle-experiment/ros2_ws/install/rft_interfaces/share/rft_interfaces/environment/pythonpath.sh
[4.784s] -- Installing: /home/turtle/turtle-experiment/ros2_ws/install/rft_interfaces/share/rft_interfaces/environment/pythonpath.dsv
[4.784s] -- Installing: /home/turtle/turtle-experiment/ros2_ws/install/rft_interfaces/local/lib/python3.10/dist-packages/rft_interfaces-0.0.0-py3.10.egg-info
[4.784s] -- Installing: /home/turtle/turtle-experiment/ros2_ws/install/rft_interfaces/local/lib/python3.10/dist-packages/rft_interfaces-0.0.0-py3.10.egg-info/PKG-INFO
[4.784s] -- Installing: /home/turtle/turtle-experiment/ros2_ws/install/rft_interfaces/local/lib/python3.10/dist-packages/rft_interfaces-0.0.0-py3.10.egg-info/SOURCES.txt
[4.784s] -- Installing: /home/turtle/turtle-experiment/ros2_ws/install/rft_interfaces/local/lib/python3.10/dist-packages/rft_interfaces-0.0.0-py3.10.egg-info/dependency_links.txt
[4.785s] -- Installing: /home/turtle/turtle-experiment/ros2_ws/install/rft_interfaces/local/lib/python3.10/dist-packages/rft_interfaces-0.0.0-py3.10.egg-info/top_level.txt
[4.785s] -- Installing: /home/turtle/turtle-experiment/ros2_ws/install/rft_interfaces/local/lib/python3.10/dist-packages/rft_interfaces
[4.785s] -- Installing: /home/turtle/turtle-experiment/ros2_ws/install/rft_interfaces/local/lib/python3.10/dist-packages/rft_interfaces/srv
[4.785s] -- Installing: /home/turtle/turtle-experiment/ros2_ws/install/rft_interfaces/local/lib/python3.10/dist-packages/rft_interfaces/srv/__init__.py
[4.785s] -- Installing: /home/turtle/turtle-experiment/ros2_ws/install/rft_interfaces/local/lib/python3.10/dist-packages/rft_interfaces/srv/_rft_operation_request.py
[4.785s] -- Installing: /home/turtle/turtle-experiment/ros2_ws/install/rft_interfaces/local/lib/python3.10/dist-packages/rft_interfaces/srv/_rft_operation_request_s.c
[4.785s] -- Installing: /home/turtle/turtle-experiment/ros2_ws/install/rft_interfaces/local/lib/python3.10/dist-packages/rft_interfaces/_rft_interfaces_s.ep.rosidl_typesupport_fastrtps_c.c
[4.785s] -- Installing: /home/turtle/turtle-experiment/ros2_ws/install/rft_interfaces/local/lib/python3.10/dist-packages/rft_interfaces/__init__.py
[4.785s] -- Installing: /home/turtle/turtle-experiment/ros2_ws/install/rft_interfaces/local/lib/python3.10/dist-packages/rft_interfaces/rft_interfaces_s__rosidl_typesupport_c.cpython-310-x86_64-linux-gnu.so
[4.786s] -- Installing: /home/turtle/turtle-experiment/ros2_ws/install/rft_interfaces/local/lib/python3.10/dist-packages/rft_interfaces/librft_interfaces__rosidl_generator_py.so
[4.786s] -- Installing: /home/turtle/turtle-experiment/ros2_ws/install/rft_interfaces/local/lib/python3.10/dist-packages/rft_interfaces/_rft_interfaces_s.ep.rosidl_typesupport_introspection_c.c
[4.786s] -- Installing: /home/turtle/turtle-experiment/ros2_ws/install/rft_interfaces/local/lib/python3.10/dist-packages/rft_interfaces/rft_interfaces_s__rosidl_typesupport_introspection_c.cpython-310-x86_64-linux-gnu.so
[4.786s] -- Installing: /home/turtle/turtle-experiment/ros2_ws/install/rft_interfaces/local/lib/python3.10/dist-packages/rft_interfaces/rft_interfaces_s__rosidl_typesupport_fastrtps_c.cpython-310-x86_64-linux-gnu.so
[4.786s] -- Installing: /home/turtle/turtle-experiment/ros2_ws/install/rft_interfaces/local/lib/python3.10/dist-packages/rft_interfaces/_rft_interfaces_s.ep.rosidl_typesupport_c.c
[4.815s] Listing '/home/turtle/turtle-experiment/ros2_ws/install/rft_interfaces/local/lib/python3.10/dist-packages/rft_interfaces'...
[4.815s] Compiling '/home/turtle/turtle-experiment/ros2_ws/install/rft_interfaces/local/lib/python3.10/dist-packages/rft_interfaces/__init__.py'...
[4.815s] Listing '/home/turtle/turtle-experiment/ros2_ws/install/rft_interfaces/local/lib/python3.10/dist-packages/rft_interfaces/srv'...
[4.815s] Compiling '/home/turtle/turtle-experiment/ros2_ws/install/rft_interfaces/local/lib/python3.10/dist-packages/rft_interfaces/srv/__init__.py'...
[4.815s] Compiling '/home/turtle/turtle-experiment/ros2_ws/install/rft_interfaces/local/lib/python3.10/dist-packages/rft_interfaces/srv/_rft_operation_request.py'...
[4.819s] -- Installing: /home/turtle/turtle-experiment/ros2_ws/install/rft_interfaces/local/lib/python3.10/dist-packages/rft_interfaces/rft_interfaces_s__rosidl_typesupport_fastrtps_c.cpython-310-x86_64-linux-gnu.so
[4.819s] -- Set runtime path of "/home/turtle/turtle-experiment/ros2_ws/install/rft_interfaces/local/lib/python3.10/dist-packages/rft_interfaces/rft_interfaces_s__rosidl_typesupport_fastrtps_c.cpython-310-x86_64-linux-gnu.so" to ""
[4.819s] -- Installing: /home/turtle/turtle-experiment/ros2_ws/install/rft_interfaces/local/lib/python3.10/dist-packages/rft_interfaces/rft_interfaces_s__rosidl_typesupport_introspection_c.cpython-310-x86_64-linux-gnu.so
[4.819s] -- Set runtime path of "/home/turtle/turtle-experiment/ros2_ws/install/rft_interfaces/local/lib/python3.10/dist-packages/rft_interfaces/rft_interfaces_s__rosidl_typesupport_introspection_c.cpython-310-x86_64-linux-gnu.so" to ""
[4.819s] -- Installing: /home/turtle/turtle-experiment/ros2_ws/install/rft_interfaces/local/lib/python3.10/dist-packages/rft_interfaces/rft_interfaces_s__rosidl_typesupport_c.cpython-310-x86_64-linux-gnu.so
[4.819s] -- Set runtime path of "/home/turtle/turtle-experiment/ros2_ws/install/rft_interfaces/local/lib/python3.10/dist-packages/rft_interfaces/rft_interfaces_s__rosidl_typesupport_c.cpython-310-x86_64-linux-gnu.so" to ""
[4.819s] -- Installing: /home/turtle/turtle-experiment/ros2_ws/install/rft_interfaces/lib/librft_interfaces__rosidl_generator_py.so
[4.819s] -- Set runtime path of "/home/turtle/turtle-experiment/ros2_ws/install/rft_interfaces/lib/librft_interfaces__rosidl_generator_py.so" to ""
[4.820s] -- Installing: /home/turtle/turtle-experiment/ros2_ws/install/rft_interfaces/share/rft_interfaces/srv/RftOperationRequest.idl
[4.820s] -- Installing: /home/turtle/turtle-experiment/ros2_ws/install/rft_interfaces/share/rft_interfaces/srv/RftOperationRequest.srv
[4.820s] -- Installing: /home/turtle/turtle-experiment/ros2_ws/install/rft_interfaces/share/rft_interfaces/srv/RftOperationRequest_Request.msg
[4.820s] -- Installing: /home/turtle/turtle-experiment/ros2_ws/install/rft_interfaces/share/rft_interfaces/srv/RftOperationRequest_Response.msg
[4.820s] -- Installing: /home/turtle/turtle-experiment/ros2_ws/install/rft_interfaces/share/ament_index/resource_index/package_run_dependencies/rft_interfaces
[4.820s] -- Installing: /home/turtle/turtle-experiment/ros2_ws/install/rft_interfaces/share/ament_index/resource_index/parent_prefix_path/rft_interfaces
[4.820s] -- Installing: /home/turtle/turtle-experiment/ros2_ws/install/rft_interfaces/share/rft_interfaces/environment/ament_prefix_path.sh
[4.820s] -- Installing: /home/turtle/turtle-experiment/ros2_ws/install/rft_interfaces/share/rft_interfaces/environment/ament_prefix_path.dsv
[4.820s] -- Installing: /home/turtle/turtle-experiment/ros2_ws/install/rft_interfaces/share/rft_interfaces/environment/path.sh
[4.820s] -- Installing: /home/turtle/turtle-experiment/ros2_ws/install/rft_interfaces/share/rft_interfaces/environment/path.dsv
[4.820s] -- Installing: /home/turtle/turtle-experiment/ros2_ws/install/rft_interfaces/share/rft_interfaces/local_setup.bash
[4.821s] -- Installing: /home/turtle/turtle-experiment/ros2_ws/install/rft_interfaces/share/rft_interfaces/local_setup.sh
[4.821s] -- Installing: /home/turtle/turtle-experiment/ros2_ws/install/rft_interfaces/share/rft_interfaces/local_setup.zsh
[4.821s] -- Installing: /home/turtle/turtle-experiment/ros2_ws/install/rft_interfaces/share/rft_interfaces/local_setup.dsv
[4.821s] -- Installing: /home/turtle/turtle-experiment/ros2_ws/install/rft_interfaces/share/rft_interfaces/package.dsv
[4.821s] -- Installing: /home/turtle/turtle-experiment/ros2_ws/install/rft_interfaces/share/ament_index/resource_index/packages/rft_interfaces
[4.821s] -- Installing: /home/turtle/turtle-experiment/ros2_ws/install/rft_interfaces/share/rft_interfaces/cmake/export_rft_interfaces__rosidl_generator_cExport.cmake
[4.821s] -- Installing: /home/turtle/turtle-experiment/ros2_ws/install/rft_interfaces/share/rft_interfaces/cmake/export_rft_interfaces__rosidl_generator_cExport-noconfig.cmake
[4.821s] -- Installing: /home/turtle/turtle-experiment/ros2_ws/install/rft_interfaces/share/rft_interfaces/cmake/export_rft_interfaces__rosidl_typesupport_fastrtps_cExport.cmake
[4.821s] -- Installing: /home/turtle/turtle-experiment/ros2_ws/install/rft_interfaces/share/rft_interfaces/cmake/export_rft_interfaces__rosidl_typesupport_fastrtps_cExport-noconfig.cmake
[4.822s] -- Installing: /home/turtle/turtle-experiment/ros2_ws/install/rft_interfaces/share/rft_interfaces/cmake/rft_interfaces__rosidl_typesupport_introspection_cExport.cmake
[4.822s] -- Installing: /home/turtle/turtle-experiment/ros2_ws/install/rft_interfaces/share/rft_interfaces/cmake/rft_interfaces__rosidl_typesupport_introspection_cExport-noconfig.cmake
[4.822s] -- Installing: /home/turtle/turtle-experiment/ros2_ws/install/rft_interfaces/share/rft_interfaces/cmake/rft_interfaces__rosidl_typesupport_cExport.cmake
[4.822s] -- Installing: /home/turtle/turtle-experiment/ros2_ws/install/rft_interfaces/share/rft_interfaces/cmake/rft_interfaces__rosidl_typesupport_cExport-noconfig.cmake
[4.822s] -- Installing: /home/turtle/turtle-experiment/ros2_ws/install/rft_interfaces/share/rft_interfaces/cmake/export_rft_interfaces__rosidl_generator_cppExport.cmake
[4.822s] -- Installing: /home/turtle/turtle-experiment/ros2_ws/install/rft_interfaces/share/rft_interfaces/cmake/export_rft_interfaces__rosidl_typesupport_fastrtps_cppExport.cmake
[4.822s] -- Installing: /home/turtle/turtle-experiment/ros2_ws/install/rft_interfaces/share/rft_interfaces/cmake/export_rft_interfaces__rosidl_typesupport_fastrtps_cppExport-noconfig.cmake
[4.822s] -- Installing: /home/turtle/turtle-experiment/ros2_ws/install/rft_interfaces/share/rft_interfaces/cmake/rft_interfaces__rosidl_typesupport_introspection_cppExport.cmake
[4.822s] -- Installing: /home/turtle/turtle-experiment/ros2_ws/install/rft_interfaces/share/rft_interfaces/cmake/rft_interfaces__rosidl_typesupport_introspection_cppExport-noconfig.cmake
[4.822s] -- Installing: /home/turtle/turtle-experiment/ros2_ws/install/rft_interfaces/share/rft_interfaces/cmake/rft_interfaces__rosidl_typesupport_cppExport.cmake
[4.822s] -- Installing: /home/turtle/turtle-experiment/ros2_ws/install/rft_interfaces/share/rft_interfaces/cmake/rft_interfaces__rosidl_typesupport_cppExport-noconfig.cmake
[4.823s] -- Installing: /home/turtle/turtle-experiment/ros2_ws/install/rft_interfaces/share/rft_interfaces/cmake/export_rft_interfaces__rosidl_generator_pyExport.cmake
[4.823s] -- Installing: /home/turtle/turtle-experiment/ros2_ws/install/rft_interfaces/share/rft_interfaces/cmake/export_rft_interfaces__rosidl_generator_pyExport-noconfig.cmake
[4.823s] -- Installing: /home/turtle/turtle-experiment/ros2_ws/install/rft_interfaces/share/rft_interfaces/cmake/rosidl_cmake-extras.cmake
[4.823s] -- Installing: /home/turtle/turtle-experiment/ros2_ws/install/rft_interfaces/share/rft_interfaces/cmake/ament_cmake_export_include_directories-extras.cmake
[4.823s] -- Installing: /home/turtle/turtle-experiment/ros2_ws/install/rft_interfaces/share/rft_interfaces/cmake/ament_cmake_export_libraries-extras.cmake
[4.823s] -- Installing: /home/turtle/turtle-experiment/ros2_ws/install/rft_interfaces/share/rft_interfaces/cmake/ament_cmake_export_targets-extras.cmake
[4.823s] -- Installing: /home/turtle/turtle-experiment/ros2_ws/install/rft_interfaces/share/rft_interfaces/cmake/rosidl_cmake_export_typesupport_targets-extras.cmake
[4.823s] -- Installing: /home/turtle/turtle-experiment/ros2_ws/install/rft_interfaces/share/rft_interfaces/cmake/ament_cmake_export_dependencies-extras.cmake
[4.823s] -- Installing: /home/turtle/turtle-experiment/ros2_ws/install/rft_interfaces/share/rft_interfaces/cmake/rosidl_cmake_export_typesupport_libraries-extras.cmake
[4.823s] -- Installing: /home/turtle/turtle-experiment/ros2_ws/install/rft_interfaces/share/rft_interfaces/cmake/rft_interfacesConfig.cmake
[4.823s] -- Installing: /home/turtle/turtle-experiment/ros2_ws/install/rft_interfaces/share/rft_interfaces/cmake/rft_interfacesConfig-version.cmake
[4.824s] -- Installing: /home/turtle/turtle-experiment/ros2_ws/install/rft_interfaces/share/rft_interfaces/package.xml
[4.825s] Invoked command in '/home/turtle/turtle-experiment/ros2_ws/build/rft_interfaces' returned '0': CMAKE_PREFIX_PATH=/opt/ros/humble /usr/bin/cmake --install /home/turtle/turtle-experiment/ros2_ws/build/rft_interfaces
