[1.113s] DEBUG:colcon:Command line arguments: ['/usr/bin/colcon', 'build', '--packages-select', 'dynamixel_sdk_examples']
[1.113s] DEBUG:colcon:Parsed command line arguments: Namespace(log_base=None, log_level=None, verb_name='build', build_base='build', install_base='install', merge_install=False, symlink_install=False, test_result_base=None, continue_on_error=False, executor='parallel', parallel_workers=8, event_handlers=None, ignore_user_meta=False, metas=['./colcon.meta'], base_paths=['.'], packages_ignore=None, packages_ignore_regex=None, paths=None, packages_up_to=None, packages_up_to_regex=None, packages_above=None, packages_above_and_dependencies=None, packages_above_depth=None, packages_select_by_dep=None, packages_skip_by_dep=None, packages_skip_up_to=None, packages_select_build_failed=False, packages_skip_build_finished=False, packages_select_test_failures=False, packages_skip_test_passed=False, packages_select=['dynamixel_sdk_examples'], packages_skip=None, packages_select_regex=None, packages_skip_regex=None, packages_start=None, packages_end=None, allow_overriding=[], cmake_args=None, cmake_target=None, cmake_target_skip_unavailable=False, cmake_clean_cache=False, cmake_clean_first=False, cmake_force_configure=False, ament_cmake_args=None, catkin_cmake_args=None, catkin_skip_building_tests=False, verb_parser=<colcon_defaults.argument_parser.defaults.DefaultArgumentsDecorator object at 0x7f31e61bcee0>, verb_extension=<colcon_core.verb.build.BuildVerb object at 0x7f31e6140b80>, main=<bound method BuildVerb.main of <colcon_core.verb.build.BuildVerb object at 0x7f31e6140b80>>)
[1.171s] Level 1:colcon.colcon_core.package_discovery:discover_packages(colcon_meta) check parameters
[1.171s] Level 1:colcon.colcon_core.package_discovery:discover_packages(recursive) check parameters
[1.171s] Level 1:colcon.colcon_core.package_discovery:discover_packages(ignore) check parameters
[1.171s] Level 1:colcon.colcon_core.package_discovery:discover_packages(path) check parameters
[1.171s] Level 1:colcon.colcon_core.package_discovery:discover_packages(colcon_meta) discover
[1.171s] Level 1:colcon.colcon_core.package_discovery:discover_packages(recursive) discover
[1.171s] INFO:colcon.colcon_core.package_discovery:Crawling recursively for packages in '/home/turtle/turtle-experiment/ros2_ws'
[1.171s] Level 1:colcon.colcon_core.package_identification:_identify(.) by extensions ['ignore', 'ignore_ament_install']
[1.172s] Level 1:colcon.colcon_core.package_identification:_identify(.) by extension 'ignore'
[1.172s] Level 1:colcon.colcon_core.package_identification:_identify(.) by extension 'ignore_ament_install'
[1.172s] Level 1:colcon.colcon_core.package_identification:_identify(.) by extensions ['colcon_pkg']
[1.172s] Level 1:colcon.colcon_core.package_identification:_identify(.) by extension 'colcon_pkg'
[1.172s] Level 1:colcon.colcon_core.package_identification:_identify(.) by extensions ['colcon_meta']
[1.172s] Level 1:colcon.colcon_core.package_identification:_identify(.) by extension 'colcon_meta'
[1.172s] Level 1:colcon.colcon_core.package_identification:_identify(.) by extensions ['ros']
[1.172s] Level 1:colcon.colcon_core.package_identification:_identify(.) by extension 'ros'
[1.184s] Level 1:colcon.colcon_core.package_identification:_identify(.) by extensions ['cmake', 'python']
[1.184s] Level 1:colcon.colcon_core.package_identification:_identify(.) by extension 'cmake'
[1.184s] Level 1:colcon.colcon_core.package_identification:_identify(.) by extension 'python'
[1.184s] Level 1:colcon.colcon_core.package_identification:_identify(.) by extensions ['python_setup_py']
[1.184s] Level 1:colcon.colcon_core.package_identification:_identify(.) by extension 'python_setup_py'
[1.185s] Level 1:colcon.colcon_core.package_identification:_identify(build) by extensions ['ignore', 'ignore_ament_install']
[1.185s] Level 1:colcon.colcon_core.package_identification:_identify(build) by extension 'ignore'
[1.185s] Level 1:colcon.colcon_core.package_identification:_identify(build) ignored
[1.185s] Level 1:colcon.colcon_core.package_identification:_identify(install) by extensions ['ignore', 'ignore_ament_install']
[1.185s] Level 1:colcon.colcon_core.package_identification:_identify(install) by extension 'ignore'
[1.185s] Level 1:colcon.colcon_core.package_identification:_identify(install) ignored
[1.185s] Level 1:colcon.colcon_core.package_identification:_identify(log) by extensions ['ignore', 'ignore_ament_install']
[1.185s] Level 1:colcon.colcon_core.package_identification:_identify(log) by extension 'ignore'
[1.185s] Level 1:colcon.colcon_core.package_identification:_identify(log) ignored
[1.186s] Level 1:colcon.colcon_core.package_identification:_identify(src) by extensions ['ignore', 'ignore_ament_install']
[1.186s] Level 1:colcon.colcon_core.package_identification:_identify(src) by extension 'ignore'
[1.186s] Level 1:colcon.colcon_core.package_identification:_identify(src) by extension 'ignore_ament_install'
[1.186s] Level 1:colcon.colcon_core.package_identification:_identify(src) by extensions ['colcon_pkg']
[1.186s] Level 1:colcon.colcon_core.package_identification:_identify(src) by extension 'colcon_pkg'
[1.186s] Level 1:colcon.colcon_core.package_identification:_identify(src) by extensions ['colcon_meta']
[1.186s] Level 1:colcon.colcon_core.package_identification:_identify(src) by extension 'colcon_meta'
[1.186s] Level 1:colcon.colcon_core.package_identification:_identify(src) by extensions ['ros']
[1.186s] Level 1:colcon.colcon_core.package_identification:_identify(src) by extension 'ros'
[1.186s] Level 1:colcon.colcon_core.package_identification:_identify(src) by extensions ['cmake', 'python']
[1.186s] Level 1:colcon.colcon_core.package_identification:_identify(src) by extension 'cmake'
[1.186s] Level 1:colcon.colcon_core.package_identification:_identify(src) by extension 'python'
[1.186s] Level 1:colcon.colcon_core.package_identification:_identify(src) by extensions ['python_setup_py']
[1.186s] Level 1:colcon.colcon_core.package_identification:_identify(src) by extension 'python_setup_py'
[1.186s] Level 1:colcon.colcon_core.package_identification:_identify(src/dynamixel_sdk) by extensions ['ignore', 'ignore_ament_install']
[1.186s] Level 1:colcon.colcon_core.package_identification:_identify(src/dynamixel_sdk) by extension 'ignore'
[1.187s] Level 1:colcon.colcon_core.package_identification:_identify(src/dynamixel_sdk) by extension 'ignore_ament_install'
[1.187s] Level 1:colcon.colcon_core.package_identification:_identify(src/dynamixel_sdk) by extensions ['colcon_pkg']
[1.187s] Level 1:colcon.colcon_core.package_identification:_identify(src/dynamixel_sdk) by extension 'colcon_pkg'
[1.187s] Level 1:colcon.colcon_core.package_identification:_identify(src/dynamixel_sdk) by extensions ['colcon_meta']
[1.187s] Level 1:colcon.colcon_core.package_identification:_identify(src/dynamixel_sdk) by extension 'colcon_meta'
[1.187s] Level 1:colcon.colcon_core.package_identification:_identify(src/dynamixel_sdk) by extensions ['ros']
[1.187s] Level 1:colcon.colcon_core.package_identification:_identify(src/dynamixel_sdk) by extension 'ros'
[1.190s] DEBUG:colcon.colcon_core.package_identification:Package 'src/dynamixel_sdk' with type 'ros.ament_cmake' and name 'dynamixel_sdk'
[1.190s] Level 1:colcon.colcon_core.package_identification:_identify(src/dynamixel_sdk_custom_interfaces) by extensions ['ignore', 'ignore_ament_install']
[1.190s] Level 1:colcon.colcon_core.package_identification:_identify(src/dynamixel_sdk_custom_interfaces) by extension 'ignore'
[1.190s] Level 1:colcon.colcon_core.package_identification:_identify(src/dynamixel_sdk_custom_interfaces) by extension 'ignore_ament_install'
[1.191s] Level 1:colcon.colcon_core.package_identification:_identify(src/dynamixel_sdk_custom_interfaces) by extensions ['colcon_pkg']
[1.191s] Level 1:colcon.colcon_core.package_identification:_identify(src/dynamixel_sdk_custom_interfaces) by extension 'colcon_pkg'
[1.191s] Level 1:colcon.colcon_core.package_identification:_identify(src/dynamixel_sdk_custom_interfaces) by extensions ['colcon_meta']
[1.191s] Level 1:colcon.colcon_core.package_identification:_identify(src/dynamixel_sdk_custom_interfaces) by extension 'colcon_meta'
[1.191s] Level 1:colcon.colcon_core.package_identification:_identify(src/dynamixel_sdk_custom_interfaces) by extensions ['ros']
[1.191s] Level 1:colcon.colcon_core.package_identification:_identify(src/dynamixel_sdk_custom_interfaces) by extension 'ros'
[1.191s] DEBUG:colcon.colcon_core.package_identification:Package 'src/dynamixel_sdk_custom_interfaces' with type 'ros.ament_cmake' and name 'dynamixel_sdk_custom_interfaces'
[1.192s] Level 1:colcon.colcon_core.package_identification:_identify(src/dynamixel_sdk_examples) by extensions ['ignore', 'ignore_ament_install']
[1.192s] Level 1:colcon.colcon_core.package_identification:_identify(src/dynamixel_sdk_examples) by extension 'ignore'
[1.192s] Level 1:colcon.colcon_core.package_identification:_identify(src/dynamixel_sdk_examples) by extension 'ignore_ament_install'
[1.192s] Level 1:colcon.colcon_core.package_identification:_identify(src/dynamixel_sdk_examples) by extensions ['colcon_pkg']
[1.192s] Level 1:colcon.colcon_core.package_identification:_identify(src/dynamixel_sdk_examples) by extension 'colcon_pkg'
[1.192s] Level 1:colcon.colcon_core.package_identification:_identify(src/dynamixel_sdk_examples) by extensions ['colcon_meta']
[1.192s] Level 1:colcon.colcon_core.package_identification:_identify(src/dynamixel_sdk_examples) by extension 'colcon_meta'
[1.192s] Level 1:colcon.colcon_core.package_identification:_identify(src/dynamixel_sdk_examples) by extensions ['ros']
[1.192s] Level 1:colcon.colcon_core.package_identification:_identify(src/dynamixel_sdk_examples) by extension 'ros'
[1.193s] DEBUG:colcon.colcon_core.package_identification:Package 'src/dynamixel_sdk_examples' with type 'ros.ament_cmake' and name 'dynamixel_sdk_examples'
[1.193s] Level 1:colcon.colcon_core.package_identification:_identify(src/rft_com_library) by extensions ['ignore', 'ignore_ament_install']
[1.193s] Level 1:colcon.colcon_core.package_identification:_identify(src/rft_com_library) by extension 'ignore'
[1.193s] Level 1:colcon.colcon_core.package_identification:_identify(src/rft_com_library) by extension 'ignore_ament_install'
[1.193s] Level 1:colcon.colcon_core.package_identification:_identify(src/rft_com_library) by extensions ['colcon_pkg']
[1.193s] Level 1:colcon.colcon_core.package_identification:_identify(src/rft_com_library) by extension 'colcon_pkg'
[1.194s] Level 1:colcon.colcon_core.package_identification:_identify(src/rft_com_library) by extensions ['colcon_meta']
[1.194s] Level 1:colcon.colcon_core.package_identification:_identify(src/rft_com_library) by extension 'colcon_meta'
[1.194s] Level 1:colcon.colcon_core.package_identification:_identify(src/rft_com_library) by extensions ['ros']
[1.194s] Level 1:colcon.colcon_core.package_identification:_identify(src/rft_com_library) by extension 'ros'
[1.194s] DEBUG:colcon.colcon_core.package_identification:Package 'src/rft_com_library' with type 'ros.ament_cmake' and name 'rft_com_library'
[1.194s] Level 1:colcon.colcon_core.package_identification:_identify(src/rft_interfaces) by extensions ['ignore', 'ignore_ament_install']
[1.194s] Level 1:colcon.colcon_core.package_identification:_identify(src/rft_interfaces) by extension 'ignore'
[1.194s] Level 1:colcon.colcon_core.package_identification:_identify(src/rft_interfaces) by extension 'ignore_ament_install'
[1.195s] Level 1:colcon.colcon_core.package_identification:_identify(src/rft_interfaces) by extensions ['colcon_pkg']
[1.195s] Level 1:colcon.colcon_core.package_identification:_identify(src/rft_interfaces) by extension 'colcon_pkg'
[1.195s] Level 1:colcon.colcon_core.package_identification:_identify(src/rft_interfaces) by extensions ['colcon_meta']
[1.195s] Level 1:colcon.colcon_core.package_identification:_identify(src/rft_interfaces) by extension 'colcon_meta'
[1.195s] Level 1:colcon.colcon_core.package_identification:_identify(src/rft_interfaces) by extensions ['ros']
[1.195s] Level 1:colcon.colcon_core.package_identification:_identify(src/rft_interfaces) by extension 'ros'
[1.195s] DEBUG:colcon.colcon_core.package_identification:Package 'src/rft_interfaces' with type 'ros.ament_cmake' and name 'rft_interfaces'
[1.195s] Level 1:colcon.colcon_core.package_identification:_identify(src/rft_sensor_serial) by extensions ['ignore', 'ignore_ament_install']
[1.195s] Level 1:colcon.colcon_core.package_identification:_identify(src/rft_sensor_serial) by extension 'ignore'
[1.196s] Level 1:colcon.colcon_core.package_identification:_identify(src/rft_sensor_serial) by extension 'ignore_ament_install'
[1.196s] Level 1:colcon.colcon_core.package_identification:_identify(src/rft_sensor_serial) by extensions ['colcon_pkg']
[1.196s] Level 1:colcon.colcon_core.package_identification:_identify(src/rft_sensor_serial) by extension 'colcon_pkg'
[1.196s] Level 1:colcon.colcon_core.package_identification:_identify(src/rft_sensor_serial) by extensions ['colcon_meta']
[1.196s] Level 1:colcon.colcon_core.package_identification:_identify(src/rft_sensor_serial) by extension 'colcon_meta'
[1.196s] Level 1:colcon.colcon_core.package_identification:_identify(src/rft_sensor_serial) by extensions ['ros']
[1.196s] Level 1:colcon.colcon_core.package_identification:_identify(src/rft_sensor_serial) by extension 'ros'
[1.197s] DEBUG:colcon.colcon_core.package_identification:Package 'src/rft_sensor_serial' with type 'ros.ament_cmake' and name 'rft_sensor_serial'
[1.197s] Level 1:colcon.colcon_core.package_identification:_identify(src/sensor_pub) by extensions ['ignore', 'ignore_ament_install']
[1.197s] Level 1:colcon.colcon_core.package_identification:_identify(src/sensor_pub) by extension 'ignore'
[1.197s] Level 1:colcon.colcon_core.package_identification:_identify(src/sensor_pub) by extension 'ignore_ament_install'
[1.197s] Level 1:colcon.colcon_core.package_identification:_identify(src/sensor_pub) by extensions ['colcon_pkg']
[1.197s] Level 1:colcon.colcon_core.package_identification:_identify(src/sensor_pub) by extension 'colcon_pkg'
[1.197s] Level 1:colcon.colcon_core.package_identification:_identify(src/sensor_pub) by extensions ['colcon_meta']
[1.197s] Level 1:colcon.colcon_core.package_identification:_identify(src/sensor_pub) by extension 'colcon_meta'
[1.197s] Level 1:colcon.colcon_core.package_identification:_identify(src/sensor_pub) by extensions ['ros']
[1.197s] Level 1:colcon.colcon_core.package_identification:_identify(src/sensor_pub) by extension 'ros'
[1.198s] DEBUG:colcon.colcon_core.package_identification:Package 'src/sensor_pub' with type 'ros.ament_cmake' and name 'sensor_pub'
[1.198s] Level 1:colcon.colcon_core.package_discovery:discover_packages(recursive) using defaults
[1.198s] Level 1:colcon.colcon_core.package_discovery:discover_packages(ignore) discover
[1.198s] Level 1:colcon.colcon_core.package_discovery:discover_packages(ignore) using defaults
[1.198s] Level 1:colcon.colcon_core.package_discovery:discover_packages(path) discover
[1.198s] Level 1:colcon.colcon_core.package_discovery:discover_packages(path) using defaults
[1.266s] INFO:colcon.colcon_core.package_selection:Skipping not selected package 'dynamixel_sdk' in 'src/dynamixel_sdk'
[1.266s] INFO:colcon.colcon_core.package_selection:Skipping not selected package 'dynamixel_sdk_custom_interfaces' in 'src/dynamixel_sdk_custom_interfaces'
[1.266s] INFO:colcon.colcon_core.package_selection:Skipping not selected package 'rft_com_library' in 'src/rft_com_library'
[1.266s] INFO:colcon.colcon_core.package_selection:Skipping not selected package 'rft_interfaces' in 'src/rft_interfaces'
[1.266s] INFO:colcon.colcon_core.package_selection:Skipping not selected package 'rft_sensor_serial' in 'src/rft_sensor_serial'
[1.266s] INFO:colcon.colcon_core.package_selection:Skipping not selected package 'sensor_pub' in 'src/sensor_pub'
[1.297s] Level 1:colcon.colcon_core.package_discovery:discover_packages(prefix_path) check parameters
[1.297s] Level 1:colcon.colcon_core.package_discovery:discover_packages(prefix_path) discover
[1.329s] DEBUG:colcon.colcon_installed_package_information.package_discovery:Found 270 installed packages in /opt/ros/humble
[1.331s] Level 1:colcon.colcon_core.package_discovery:discover_packages(prefix_path) using defaults
[1.426s] Level 5:colcon.colcon_core.verb:set package 'dynamixel_sdk_examples' build argument 'cmake_args' from command line to 'None'
[1.426s] Level 5:colcon.colcon_core.verb:set package 'dynamixel_sdk_examples' build argument 'cmake_target' from command line to 'None'
[1.426s] Level 5:colcon.colcon_core.verb:set package 'dynamixel_sdk_examples' build argument 'cmake_target_skip_unavailable' from command line to 'False'
[1.426s] Level 5:colcon.colcon_core.verb:set package 'dynamixel_sdk_examples' build argument 'cmake_clean_cache' from command line to 'False'
[1.426s] Level 5:colcon.colcon_core.verb:set package 'dynamixel_sdk_examples' build argument 'cmake_clean_first' from command line to 'False'
[1.426s] Level 5:colcon.colcon_core.verb:set package 'dynamixel_sdk_examples' build argument 'cmake_force_configure' from command line to 'False'
[1.426s] Level 5:colcon.colcon_core.verb:set package 'dynamixel_sdk_examples' build argument 'ament_cmake_args' from command line to 'None'
[1.426s] Level 5:colcon.colcon_core.verb:set package 'dynamixel_sdk_examples' build argument 'catkin_cmake_args' from command line to 'None'
[1.427s] Level 5:colcon.colcon_core.verb:set package 'dynamixel_sdk_examples' build argument 'catkin_skip_building_tests' from command line to 'False'
[1.427s] DEBUG:colcon.colcon_core.verb:Building package 'dynamixel_sdk_examples' with the following arguments: {'ament_cmake_args': None, 'build_base': '/home/turtle/turtle-experiment/ros2_ws/build/dynamixel_sdk_examples', 'catkin_cmake_args': None, 'catkin_skip_building_tests': False, 'cmake_args': None, 'cmake_clean_cache': False, 'cmake_clean_first': False, 'cmake_force_configure': False, 'cmake_target': None, 'cmake_target_skip_unavailable': False, 'install_base': '/home/turtle/turtle-experiment/ros2_ws/install/dynamixel_sdk_examples', 'merge_install': False, 'path': '/home/turtle/turtle-experiment/ros2_ws/src/dynamixel_sdk_examples', 'symlink_install': False, 'test_result_base': None}
[1.444s] INFO:colcon.colcon_core.executor:Executing jobs using 'parallel' executor
[1.461s] DEBUG:colcon.colcon_parallel_executor.executor.parallel:run_until_complete
[1.461s] INFO:colcon.colcon_ros.task.ament_cmake.build:Building ROS package in '/home/turtle/turtle-experiment/ros2_ws/src/dynamixel_sdk_examples' with build type 'ament_cmake'
[1.461s] INFO:colcon.colcon_cmake.task.cmake.build:Building CMake package in '/home/turtle/turtle-experiment/ros2_ws/src/dynamixel_sdk_examples'
[1.483s] INFO:colcon.colcon_core.plugin_system:Skipping extension 'colcon_core.shell.bat': Not used on non-Windows systems
[1.483s] INFO:colcon.colcon_core.shell:Skip shell extension 'powershell' for command environment: Not usable outside of PowerShell
[1.483s] DEBUG:colcon.colcon_core.shell:Skip shell extension 'dsv' for command environment
[1.532s] DEBUG:colcon.colcon_core.event_handler.log_command:Invoking command in '/home/turtle/turtle-experiment/ros2_ws/build/dynamixel_sdk_examples': AMENT_PREFIX_PATH=/home/turtle/turtle-experiment/ros2_ws/install/dynamixel_sdk_custom_interfaces:/home/turtle/turtle-experiment/ros2_ws/install/dynamixel_sdk:${AMENT_PREFIX_PATH} CMAKE_PREFIX_PATH=/home/turtle/turtle-experiment/ros2_ws/install/dynamixel_sdk_custom_interfaces:/home/turtle/turtle-experiment/ros2_ws/install/dynamixel_sdk:/opt/ros/humble LD_LIBRARY_PATH=/home/turtle/turtle-experiment/ros2_ws/install/dynamixel_sdk_custom_interfaces/lib:/home/turtle/turtle-experiment/ros2_ws/install/dynamixel_sdk/lib:${LD_LIBRARY_PATH} PYTHONPATH=/home/turtle/turtle-experiment/ros2_ws/install/dynamixel_sdk_custom_interfaces/local/lib/python3.10/dist-packages:${PYTHONPATH} /usr/bin/cmake --build /home/turtle/turtle-experiment/ros2_ws/build/dynamixel_sdk_examples -- -j8 -l8
[10.911s] DEBUG:colcon.colcon_core.event_handler.log_command:Invoked command in '/home/turtle/turtle-experiment/ros2_ws/build/dynamixel_sdk_examples' returned '0': AMENT_PREFIX_PATH=/home/turtle/turtle-experiment/ros2_ws/install/dynamixel_sdk_custom_interfaces:/home/turtle/turtle-experiment/ros2_ws/install/dynamixel_sdk:${AMENT_PREFIX_PATH} CMAKE_PREFIX_PATH=/home/turtle/turtle-experiment/ros2_ws/install/dynamixel_sdk_custom_interfaces:/home/turtle/turtle-experiment/ros2_ws/install/dynamixel_sdk:/opt/ros/humble LD_LIBRARY_PATH=/home/turtle/turtle-experiment/ros2_ws/install/dynamixel_sdk_custom_interfaces/lib:/home/turtle/turtle-experiment/ros2_ws/install/dynamixel_sdk/lib:${LD_LIBRARY_PATH} PYTHONPATH=/home/turtle/turtle-experiment/ros2_ws/install/dynamixel_sdk_custom_interfaces/local/lib/python3.10/dist-packages:${PYTHONPATH} /usr/bin/cmake --build /home/turtle/turtle-experiment/ros2_ws/build/dynamixel_sdk_examples -- -j8 -l8
[10.945s] DEBUG:colcon.colcon_core.event_handler.log_command:Invoking command in '/home/turtle/turtle-experiment/ros2_ws/build/dynamixel_sdk_examples': AMENT_PREFIX_PATH=/home/turtle/turtle-experiment/ros2_ws/install/dynamixel_sdk_custom_interfaces:/home/turtle/turtle-experiment/ros2_ws/install/dynamixel_sdk:${AMENT_PREFIX_PATH} CMAKE_PREFIX_PATH=/home/turtle/turtle-experiment/ros2_ws/install/dynamixel_sdk_custom_interfaces:/home/turtle/turtle-experiment/ros2_ws/install/dynamixel_sdk:/opt/ros/humble LD_LIBRARY_PATH=/home/turtle/turtle-experiment/ros2_ws/install/dynamixel_sdk_custom_interfaces/lib:/home/turtle/turtle-experiment/ros2_ws/install/dynamixel_sdk/lib:${LD_LIBRARY_PATH} PYTHONPATH=/home/turtle/turtle-experiment/ros2_ws/install/dynamixel_sdk_custom_interfaces/local/lib/python3.10/dist-packages:${PYTHONPATH} /usr/bin/cmake --install /home/turtle/turtle-experiment/ros2_ws/build/dynamixel_sdk_examples
[10.961s] Level 1:colcon.colcon_core.environment:create_environment_scripts_only(dynamixel_sdk_examples)
[10.961s] DEBUG:colcon.colcon_core.event_handler.log_command:Invoked command in '/home/turtle/turtle-experiment/ros2_ws/build/dynamixel_sdk_examples' returned '0': AMENT_PREFIX_PATH=/home/turtle/turtle-experiment/ros2_ws/install/dynamixel_sdk_custom_interfaces:/home/turtle/turtle-experiment/ros2_ws/install/dynamixel_sdk:${AMENT_PREFIX_PATH} CMAKE_PREFIX_PATH=/home/turtle/turtle-experiment/ros2_ws/install/dynamixel_sdk_custom_interfaces:/home/turtle/turtle-experiment/ros2_ws/install/dynamixel_sdk:/opt/ros/humble LD_LIBRARY_PATH=/home/turtle/turtle-experiment/ros2_ws/install/dynamixel_sdk_custom_interfaces/lib:/home/turtle/turtle-experiment/ros2_ws/install/dynamixel_sdk/lib:${LD_LIBRARY_PATH} PYTHONPATH=/home/turtle/turtle-experiment/ros2_ws/install/dynamixel_sdk_custom_interfaces/local/lib/python3.10/dist-packages:${PYTHONPATH} /usr/bin/cmake --install /home/turtle/turtle-experiment/ros2_ws/build/dynamixel_sdk_examples
[10.979s] Level 1:colcon.colcon_core.environment:checking '/home/turtle/turtle-experiment/ros2_ws/install/dynamixel_sdk_examples' for CMake module files
[10.979s] Level 1:colcon.colcon_core.environment:checking '/home/turtle/turtle-experiment/ros2_ws/install/dynamixel_sdk_examples' for CMake config files
[10.980s] Level 1:colcon.colcon_core.shell:create_environment_hook('dynamixel_sdk_examples', 'cmake_prefix_path')
[10.996s] INFO:colcon.colcon_core.shell:Creating environment hook '/home/turtle/turtle-experiment/ros2_ws/install/dynamixel_sdk_examples/share/dynamixel_sdk_examples/hook/cmake_prefix_path.ps1'
[10.997s] INFO:colcon.colcon_core.shell:Creating environment descriptor '/home/turtle/turtle-experiment/ros2_ws/install/dynamixel_sdk_examples/share/dynamixel_sdk_examples/hook/cmake_prefix_path.dsv'
[10.998s] INFO:colcon.colcon_core.shell:Creating environment hook '/home/turtle/turtle-experiment/ros2_ws/install/dynamixel_sdk_examples/share/dynamixel_sdk_examples/hook/cmake_prefix_path.sh'
[10.999s] Level 1:colcon.colcon_core.environment:checking '/home/turtle/turtle-experiment/ros2_ws/install/dynamixel_sdk_examples/lib'
[10.999s] Level 1:colcon.colcon_core.environment:checking '/home/turtle/turtle-experiment/ros2_ws/install/dynamixel_sdk_examples/bin'
[10.999s] Level 1:colcon.colcon_core.environment:checking '/home/turtle/turtle-experiment/ros2_ws/install/dynamixel_sdk_examples/lib/pkgconfig/dynamixel_sdk_examples.pc'
[10.999s] Level 1:colcon.colcon_core.environment:checking '/home/turtle/turtle-experiment/ros2_ws/install/dynamixel_sdk_examples/lib/python3.10/site-packages'
[10.999s] Level 1:colcon.colcon_core.environment:checking '/home/turtle/turtle-experiment/ros2_ws/install/dynamixel_sdk_examples/bin'
[11.015s] INFO:colcon.colcon_core.shell:Creating package script '/home/turtle/turtle-experiment/ros2_ws/install/dynamixel_sdk_examples/share/dynamixel_sdk_examples/package.ps1'
[11.016s] INFO:colcon.colcon_core.shell:Creating package descriptor '/home/turtle/turtle-experiment/ros2_ws/install/dynamixel_sdk_examples/share/dynamixel_sdk_examples/package.dsv'
[11.017s] INFO:colcon.colcon_core.shell:Creating package script '/home/turtle/turtle-experiment/ros2_ws/install/dynamixel_sdk_examples/share/dynamixel_sdk_examples/package.sh'
[11.017s] INFO:colcon.colcon_core.shell:Creating package script '/home/turtle/turtle-experiment/ros2_ws/install/dynamixel_sdk_examples/share/dynamixel_sdk_examples/package.bash'
[11.018s] INFO:colcon.colcon_core.shell:Creating package script '/home/turtle/turtle-experiment/ros2_ws/install/dynamixel_sdk_examples/share/dynamixel_sdk_examples/package.zsh'
[11.019s] Level 1:colcon.colcon_core.environment:create_file_with_runtime_dependencies(/home/turtle/turtle-experiment/ros2_ws/install/dynamixel_sdk_examples/share/colcon-core/packages/dynamixel_sdk_examples)
[11.057s] Level 1:colcon.colcon_core.environment:create_environment_scripts_only(dynamixel_sdk_examples)
[11.073s] Level 1:colcon.colcon_core.environment:checking '/home/turtle/turtle-experiment/ros2_ws/install/dynamixel_sdk_examples' for CMake module files
[11.073s] Level 1:colcon.colcon_core.environment:checking '/home/turtle/turtle-experiment/ros2_ws/install/dynamixel_sdk_examples' for CMake config files
[11.074s] Level 1:colcon.colcon_core.shell:create_environment_hook('dynamixel_sdk_examples', 'cmake_prefix_path')
[11.089s] INFO:colcon.colcon_core.shell:Creating environment hook '/home/turtle/turtle-experiment/ros2_ws/install/dynamixel_sdk_examples/share/dynamixel_sdk_examples/hook/cmake_prefix_path.ps1'
[11.089s] INFO:colcon.colcon_core.shell:Creating environment descriptor '/home/turtle/turtle-experiment/ros2_ws/install/dynamixel_sdk_examples/share/dynamixel_sdk_examples/hook/cmake_prefix_path.dsv'
[11.090s] INFO:colcon.colcon_core.shell:Creating environment hook '/home/turtle/turtle-experiment/ros2_ws/install/dynamixel_sdk_examples/share/dynamixel_sdk_examples/hook/cmake_prefix_path.sh'
[11.090s] Level 1:colcon.colcon_core.environment:checking '/home/turtle/turtle-experiment/ros2_ws/install/dynamixel_sdk_examples/lib'
[11.090s] Level 1:colcon.colcon_core.environment:checking '/home/turtle/turtle-experiment/ros2_ws/install/dynamixel_sdk_examples/bin'
[11.090s] Level 1:colcon.colcon_core.environment:checking '/home/turtle/turtle-experiment/ros2_ws/install/dynamixel_sdk_examples/lib/pkgconfig/dynamixel_sdk_examples.pc'
[11.091s] Level 1:colcon.colcon_core.environment:checking '/home/turtle/turtle-experiment/ros2_ws/install/dynamixel_sdk_examples/lib/python3.10/site-packages'
[11.091s] Level 1:colcon.colcon_core.environment:checking '/home/turtle/turtle-experiment/ros2_ws/install/dynamixel_sdk_examples/bin'
[11.106s] INFO:colcon.colcon_core.shell:Creating package script '/home/turtle/turtle-experiment/ros2_ws/install/dynamixel_sdk_examples/share/dynamixel_sdk_examples/package.ps1'
[11.107s] INFO:colcon.colcon_core.shell:Creating package descriptor '/home/turtle/turtle-experiment/ros2_ws/install/dynamixel_sdk_examples/share/dynamixel_sdk_examples/package.dsv'
[11.107s] INFO:colcon.colcon_core.shell:Creating package script '/home/turtle/turtle-experiment/ros2_ws/install/dynamixel_sdk_examples/share/dynamixel_sdk_examples/package.sh'
[11.108s] INFO:colcon.colcon_core.shell:Creating package script '/home/turtle/turtle-experiment/ros2_ws/install/dynamixel_sdk_examples/share/dynamixel_sdk_examples/package.bash'
[11.108s] INFO:colcon.colcon_core.shell:Creating package script '/home/turtle/turtle-experiment/ros2_ws/install/dynamixel_sdk_examples/share/dynamixel_sdk_examples/package.zsh'
[11.108s] Level 1:colcon.colcon_core.environment:create_file_with_runtime_dependencies(/home/turtle/turtle-experiment/ros2_ws/install/dynamixel_sdk_examples/share/colcon-core/packages/dynamixel_sdk_examples)
[11.109s] DEBUG:colcon.colcon_parallel_executor.executor.parallel:closing loop
[11.109s] DEBUG:colcon.colcon_parallel_executor.executor.parallel:loop closed
[11.109s] DEBUG:colcon.colcon_parallel_executor.executor.parallel:run_until_complete finished with '0'
[11.109s] DEBUG:colcon.colcon_core.event_reactor:joining thread
[11.131s] INFO:colcon.colcon_core.plugin_system:Skipping extension 'colcon_notification.desktop_notification.terminal_notifier': Not used on non-Darwin systems
[11.131s] INFO:colcon.colcon_core.plugin_system:Skipping extension 'colcon_notification.desktop_notification.win32': Not used on non-Windows systems
[11.131s] INFO:colcon.colcon_notification.desktop_notification:Sending desktop notification using 'notify2'
[11.146s] DEBUG:colcon.colcon_core.event_reactor:joined thread
[11.164s] INFO:colcon.colcon_core.shell:Creating prefix script '/home/turtle/turtle-experiment/ros2_ws/install/local_setup.ps1'
[11.165s] INFO:colcon.colcon_core.shell:Creating prefix util module '/home/turtle/turtle-experiment/ros2_ws/install/_local_setup_util_ps1.py'
[11.168s] INFO:colcon.colcon_core.shell:Creating prefix chain script '/home/turtle/turtle-experiment/ros2_ws/install/setup.ps1'
[11.200s] INFO:colcon.colcon_core.shell:Creating prefix script '/home/turtle/turtle-experiment/ros2_ws/install/local_setup.sh'
[11.200s] INFO:colcon.colcon_core.shell:Creating prefix util module '/home/turtle/turtle-experiment/ros2_ws/install/_local_setup_util_sh.py'
[11.201s] INFO:colcon.colcon_core.shell:Creating prefix chain script '/home/turtle/turtle-experiment/ros2_ws/install/setup.sh'
[11.219s] INFO:colcon.colcon_core.shell:Creating prefix script '/home/turtle/turtle-experiment/ros2_ws/install/local_setup.bash'
[11.219s] INFO:colcon.colcon_core.shell:Creating prefix chain script '/home/turtle/turtle-experiment/ros2_ws/install/setup.bash'
[11.237s] INFO:colcon.colcon_core.shell:Creating prefix script '/home/turtle/turtle-experiment/ros2_ws/install/local_setup.zsh'
[11.238s] INFO:colcon.colcon_core.shell:Creating prefix chain script '/home/turtle/turtle-experiment/ros2_ws/install/setup.zsh'
