-- The C compiler identification is GNU 11.4.0
-- The CXX compiler identification is GNU 11.4.0
-- Detecting C compiler ABI info
-- Detecting C compiler ABI info - done
-- Check for working C compiler: /usr/bin/cc - skipped
-- Detecting C compile features
-- Detecting C compile features - done
-- Detecting CXX compiler ABI info
-- Detecting CXX compiler ABI info - done
-- Check for working CXX compiler: /usr/bin/c++ - skipped
-- Detecting CXX compile features
-- Detecting CXX compile features - done
-- Found ament_cmake: 1.3.7 (/opt/ros/humble/share/ament_cmake/cmake)
-- Found Python3: /usr/bin/python3.10 (found version "3.10.12") found components: Interpreter 
-- Found rclcpp: 16.0.8 (/opt/ros/humble/share/rclcpp/cmake)
-- Found rosidl_generator_c: 3.1.5 (/opt/ros/humble/share/rosidl_generator_c/cmake)
-- Found rosidl_adapter: 3.1.5 (/opt/ros/humble/share/rosidl_adapter/cmake)
-- Found rosidl_generator_cpp: 3.1.5 (/opt/ros/humble/share/rosidl_generator_cpp/cmake)
-- Using all available rosidl_typesupport_c: rosidl_typesupport_fastrtps_c;rosidl_typesupport_introspection_c
-- Using all available rosidl_typesupport_cpp: rosidl_typesupport_fastrtps_cpp;rosidl_typesupport_introspection_cpp
-- Found rmw_implementation_cmake: 6.1.1 (/opt/ros/humble/share/rmw_implementation_cmake/cmake)
-- Found rmw_fastrtps_cpp: 6.2.6 (/opt/ros/humble/share/rmw_fastrtps_cpp/cmake)
-- Found OpenSSL: /usr/lib/x86_64-linux-gnu/libcrypto.so (found version "3.0.2")  
-- Found FastRTPS: /opt/ros/humble/include  
-- Using RMW implementation 'rmw_fastrtps_cpp' as default
-- Looking for pthread.h
-- Looking for pthread.h - found
-- Performing Test CMAKE_HAVE_LIBC_PTHREAD
-- Performing Test CMAKE_HAVE_LIBC_PTHREAD - Success
-- Found Threads: TRUE  
-- Found rft_com_library: 0.0.0 (/home/turtle/turtle-experiment/ros2_ws/install/rft_com_library/share/rft_com_library/cmake)
-- Found geometry_msgs: 4.2.3 (/opt/ros/humble/share/geometry_msgs/cmake)
-- Found rft_interfaces: 0.0.0 (/home/turtle/turtle-experiment/ros2_ws/install/rft_interfaces/share/rft_interfaces/cmake)
-- Configuring done
-- Generating done
-- Build files have been written to: /home/turtle/turtle-experiment/ros2_ws/build/rft_sensor_serial
[ 50%] [32mBuilding CXX object CMakeFiles/main.dir/src/main.cpp.o[0m
[100%] [32m[1mLinking CXX executable main[0m
[100%] Built target main
-- Install configuration: ""
-- Installing: /home/turtle/turtle-experiment/ros2_ws/install/rft_sensor_serial/lib/rft_sensor_serial/main
-- Set runtime path of "/home/turtle/turtle-experiment/ros2_ws/install/rft_sensor_serial/lib/rft_sensor_serial/main" to ""
-- Installing: /home/turtle/turtle-experiment/ros2_ws/install/rft_sensor_serial/share/ament_index/resource_index/package_run_dependencies/rft_sensor_serial
-- Installing: /home/turtle/turtle-experiment/ros2_ws/install/rft_sensor_serial/share/ament_index/resource_index/parent_prefix_path/rft_sensor_serial
-- Installing: /home/turtle/turtle-experiment/ros2_ws/install/rft_sensor_serial/share/rft_sensor_serial/environment/ament_prefix_path.sh
-- Installing: /home/turtle/turtle-experiment/ros2_ws/install/rft_sensor_serial/share/rft_sensor_serial/environment/ament_prefix_path.dsv
-- Installing: /home/turtle/turtle-experiment/ros2_ws/install/rft_sensor_serial/share/rft_sensor_serial/environment/path.sh
-- Installing: /home/turtle/turtle-experiment/ros2_ws/install/rft_sensor_serial/share/rft_sensor_serial/environment/path.dsv
-- Installing: /home/turtle/turtle-experiment/ros2_ws/install/rft_sensor_serial/share/rft_sensor_serial/local_setup.bash
-- Installing: /home/turtle/turtle-experiment/ros2_ws/install/rft_sensor_serial/share/rft_sensor_serial/local_setup.sh
-- Installing: /home/turtle/turtle-experiment/ros2_ws/install/rft_sensor_serial/share/rft_sensor_serial/local_setup.zsh
-- Installing: /home/turtle/turtle-experiment/ros2_ws/install/rft_sensor_serial/share/rft_sensor_serial/local_setup.dsv
-- Installing: /home/turtle/turtle-experiment/ros2_ws/install/rft_sensor_serial/share/rft_sensor_serial/package.dsv
-- Installing: /home/turtle/turtle-experiment/ros2_ws/install/rft_sensor_serial/share/ament_index/resource_index/packages/rft_sensor_serial
-- Installing: /home/turtle/turtle-experiment/ros2_ws/install/rft_sensor_serial/share/rft_sensor_serial/cmake/rft_sensor_serialConfig.cmake
-- Installing: /home/turtle/turtle-experiment/ros2_ws/install/rft_sensor_serial/share/rft_sensor_serial/cmake/rft_sensor_serialConfig-version.cmake
-- Installing: /home/turtle/turtle-experiment/ros2_ws/install/rft_sensor_serial/share/rft_sensor_serial/package.xml
