[0.118s] Invoking command in '/home/turtle/turtle-experiment/ros2_ws/build/rft_sensor_serial': AMENT_PREFIX_PATH=/home/turtle/turtle-experiment/ros2_ws/install/rft_interfaces:/home/turtle/turtle-experiment/ros2_ws/install/rft_com_library:${AMENT_PREFIX_PATH} CMAKE_PREFIX_PATH=/home/turtle/turtle-experiment/ros2_ws/install/rft_interfaces:/home/turtle/turtle-experiment/ros2_ws/install/rft_com_library:/opt/ros/humble LD_LIBRARY_PATH=/home/turtle/turtle-experiment/ros2_ws/install/rft_interfaces/lib:/home/turtle/turtle-experiment/ros2_ws/install/rft_com_library/lib:${LD_LIBRARY_PATH} PYTHONPATH=/home/turtle/turtle-experiment/ros2_ws/install/rft_interfaces/local/lib/python3.10/dist-packages:${PYTHONPATH} /usr/bin/cmake /home/turtle/turtle-experiment/ros2_ws/src/rft_sensor_serial -DCMAKE_INSTALL_PREFIX=/home/turtle/turtle-experiment/ros2_ws/install/rft_sensor_serial
[0.174s] -- The C compiler identification is GNU 11.4.0
[0.224s] -- The CXX compiler identification is GNU 11.4.0
[0.229s] -- Detecting C compiler ABI info
[0.286s] -- Detecting C compiler ABI info - done
[0.296s] -- Check for working C compiler: /usr/bin/cc - skipped
[0.296s] -- Detecting C compile features
[0.297s] -- Detecting C compile features - done
[0.300s] -- Detecting CXX compiler ABI info
[0.364s] -- Detecting CXX compiler ABI info - done
[0.371s] -- Check for working CXX compiler: /usr/bin/c++ - skipped
[0.371s] -- Detecting CXX compile features
[0.371s] -- Detecting CXX compile features - done
[0.373s] -- Found ament_cmake: 1.3.7 (/opt/ros/humble/share/ament_cmake/cmake)
[0.527s] -- Found Python3: /usr/bin/python3.10 (found version "3.10.12") found components: Interpreter 
[0.606s] -- Found rclcpp: 16.0.8 (/opt/ros/humble/share/rclcpp/cmake)
[0.642s] -- Found rosidl_generator_c: 3.1.5 (/opt/ros/humble/share/rosidl_generator_c/cmake)
[0.646s] -- Found rosidl_adapter: 3.1.5 (/opt/ros/humble/share/rosidl_adapter/cmake)
[0.652s] -- Found rosidl_generator_cpp: 3.1.5 (/opt/ros/humble/share/rosidl_generator_cpp/cmake)
[0.663s] -- Using all available rosidl_typesupport_c: rosidl_typesupport_fastrtps_c;rosidl_typesupport_introspection_c
[0.681s] -- Using all available rosidl_typesupport_cpp: rosidl_typesupport_fastrtps_cpp;rosidl_typesupport_introspection_cpp
[0.746s] -- Found rmw_implementation_cmake: 6.1.1 (/opt/ros/humble/share/rmw_implementation_cmake/cmake)
[0.748s] -- Found rmw_fastrtps_cpp: 6.2.6 (/opt/ros/humble/share/rmw_fastrtps_cpp/cmake)
[0.829s] -- Found OpenSSL: /usr/lib/x86_64-linux-gnu/libcrypto.so (found version "3.0.2")  
[0.853s] -- Found FastRTPS: /opt/ros/humble/include  
[0.894s] -- Using RMW implementation 'rmw_fastrtps_cpp' as default
[0.902s] -- Looking for pthread.h
[0.962s] -- Looking for pthread.h - found
[0.962s] -- Performing Test CMAKE_HAVE_LIBC_PTHREAD
[1.028s] -- Performing Test CMAKE_HAVE_LIBC_PTHREAD - Success
[1.029s] -- Found Threads: TRUE  
[1.187s] -- Found rft_com_library: 0.0.0 (/home/turtle/turtle-experiment/ros2_ws/install/rft_com_library/share/rft_com_library/cmake)
[1.189s] -- Found geometry_msgs: 4.2.3 (/opt/ros/humble/share/geometry_msgs/cmake)
[1.233s] -- Found rft_interfaces: 0.0.0 (/home/turtle/turtle-experiment/ros2_ws/install/rft_interfaces/share/rft_interfaces/cmake)
[1.308s] -- Configuring done
[1.316s] -- Generating done
[1.317s] -- Build files have been written to: /home/turtle/turtle-experiment/ros2_ws/build/rft_sensor_serial
[1.325s] Invoked command in '/home/turtle/turtle-experiment/ros2_ws/build/rft_sensor_serial' returned '0': AMENT_PREFIX_PATH=/home/turtle/turtle-experiment/ros2_ws/install/rft_interfaces:/home/turtle/turtle-experiment/ros2_ws/install/rft_com_library:${AMENT_PREFIX_PATH} CMAKE_PREFIX_PATH=/home/turtle/turtle-experiment/ros2_ws/install/rft_interfaces:/home/turtle/turtle-experiment/ros2_ws/install/rft_com_library:/opt/ros/humble LD_LIBRARY_PATH=/home/turtle/turtle-experiment/ros2_ws/install/rft_interfaces/lib:/home/turtle/turtle-experiment/ros2_ws/install/rft_com_library/lib:${LD_LIBRARY_PATH} PYTHONPATH=/home/turtle/turtle-experiment/ros2_ws/install/rft_interfaces/local/lib/python3.10/dist-packages:${PYTHONPATH} /usr/bin/cmake /home/turtle/turtle-experiment/ros2_ws/src/rft_sensor_serial -DCMAKE_INSTALL_PREFIX=/home/turtle/turtle-experiment/ros2_ws/install/rft_sensor_serial
[1.326s] Invoking command in '/home/turtle/turtle-experiment/ros2_ws/build/rft_sensor_serial': AMENT_PREFIX_PATH=/home/turtle/turtle-experiment/ros2_ws/install/rft_interfaces:/home/turtle/turtle-experiment/ros2_ws/install/rft_com_library:${AMENT_PREFIX_PATH} CMAKE_PREFIX_PATH=/home/turtle/turtle-experiment/ros2_ws/install/rft_interfaces:/home/turtle/turtle-experiment/ros2_ws/install/rft_com_library:/opt/ros/humble LD_LIBRARY_PATH=/home/turtle/turtle-experiment/ros2_ws/install/rft_interfaces/lib:/home/turtle/turtle-experiment/ros2_ws/install/rft_com_library/lib:${LD_LIBRARY_PATH} PYTHONPATH=/home/turtle/turtle-experiment/ros2_ws/install/rft_interfaces/local/lib/python3.10/dist-packages:${PYTHONPATH} /usr/bin/cmake --build /home/turtle/turtle-experiment/ros2_ws/build/rft_sensor_serial -- -j8 -l8
[1.368s] [ 50%] [32mBuilding CXX object CMakeFiles/main.dir/src/main.cpp.o[0m
[6.659s] [100%] [32m[1mLinking CXX executable main[0m
[6.878s] [100%] Built target main
[6.888s] Invoked command in '/home/turtle/turtle-experiment/ros2_ws/build/rft_sensor_serial' returned '0': AMENT_PREFIX_PATH=/home/turtle/turtle-experiment/ros2_ws/install/rft_interfaces:/home/turtle/turtle-experiment/ros2_ws/install/rft_com_library:${AMENT_PREFIX_PATH} CMAKE_PREFIX_PATH=/home/turtle/turtle-experiment/ros2_ws/install/rft_interfaces:/home/turtle/turtle-experiment/ros2_ws/install/rft_com_library:/opt/ros/humble LD_LIBRARY_PATH=/home/turtle/turtle-experiment/ros2_ws/install/rft_interfaces/lib:/home/turtle/turtle-experiment/ros2_ws/install/rft_com_library/lib:${LD_LIBRARY_PATH} PYTHONPATH=/home/turtle/turtle-experiment/ros2_ws/install/rft_interfaces/local/lib/python3.10/dist-packages:${PYTHONPATH} /usr/bin/cmake --build /home/turtle/turtle-experiment/ros2_ws/build/rft_sensor_serial -- -j8 -l8
[6.909s] Invoking command in '/home/turtle/turtle-experiment/ros2_ws/build/rft_sensor_serial': AMENT_PREFIX_PATH=/home/turtle/turtle-experiment/ros2_ws/install/rft_interfaces:/home/turtle/turtle-experiment/ros2_ws/install/rft_com_library:${AMENT_PREFIX_PATH} CMAKE_PREFIX_PATH=/home/turtle/turtle-experiment/ros2_ws/install/rft_interfaces:/home/turtle/turtle-experiment/ros2_ws/install/rft_com_library:/opt/ros/humble LD_LIBRARY_PATH=/home/turtle/turtle-experiment/ros2_ws/install/rft_interfaces/lib:/home/turtle/turtle-experiment/ros2_ws/install/rft_com_library/lib:${LD_LIBRARY_PATH} PYTHONPATH=/home/turtle/turtle-experiment/ros2_ws/install/rft_interfaces/local/lib/python3.10/dist-packages:${PYTHONPATH} /usr/bin/cmake --install /home/turtle/turtle-experiment/ros2_ws/build/rft_sensor_serial
[6.916s] -- Install configuration: ""
[6.916s] -- Installing: /home/turtle/turtle-experiment/ros2_ws/install/rft_sensor_serial/lib/rft_sensor_serial/main
[6.917s] -- Set runtime path of "/home/turtle/turtle-experiment/ros2_ws/install/rft_sensor_serial/lib/rft_sensor_serial/main" to ""
[6.917s] -- Installing: /home/turtle/turtle-experiment/ros2_ws/install/rft_sensor_serial/share/ament_index/resource_index/package_run_dependencies/rft_sensor_serial
[6.918s] -- Installing: /home/turtle/turtle-experiment/ros2_ws/install/rft_sensor_serial/share/ament_index/resource_index/parent_prefix_path/rft_sensor_serial
[6.918s] -- Installing: /home/turtle/turtle-experiment/ros2_ws/install/rft_sensor_serial/share/rft_sensor_serial/environment/ament_prefix_path.sh
[6.918s] -- Installing: /home/turtle/turtle-experiment/ros2_ws/install/rft_sensor_serial/share/rft_sensor_serial/environment/ament_prefix_path.dsv
[6.918s] -- Installing: /home/turtle/turtle-experiment/ros2_ws/install/rft_sensor_serial/share/rft_sensor_serial/environment/path.sh
[6.918s] -- Installing: /home/turtle/turtle-experiment/ros2_ws/install/rft_sensor_serial/share/rft_sensor_serial/environment/path.dsv
[6.918s] -- Installing: /home/turtle/turtle-experiment/ros2_ws/install/rft_sensor_serial/share/rft_sensor_serial/local_setup.bash
[6.918s] -- Installing: /home/turtle/turtle-experiment/ros2_ws/install/rft_sensor_serial/share/rft_sensor_serial/local_setup.sh
[6.919s] -- Installing: /home/turtle/turtle-experiment/ros2_ws/install/rft_sensor_serial/share/rft_sensor_serial/local_setup.zsh
[6.919s] -- Installing: /home/turtle/turtle-experiment/ros2_ws/install/rft_sensor_serial/share/rft_sensor_serial/local_setup.dsv
[6.919s] -- Installing: /home/turtle/turtle-experiment/ros2_ws/install/rft_sensor_serial/share/rft_sensor_serial/package.dsv
[6.919s] -- Installing: /home/turtle/turtle-experiment/ros2_ws/install/rft_sensor_serial/share/ament_index/resource_index/packages/rft_sensor_serial
[6.919s] -- Installing: /home/turtle/turtle-experiment/ros2_ws/install/rft_sensor_serial/share/rft_sensor_serial/cmake/rft_sensor_serialConfig.cmake
[6.919s] -- Installing: /home/turtle/turtle-experiment/ros2_ws/install/rft_sensor_serial/share/rft_sensor_serial/cmake/rft_sensor_serialConfig-version.cmake
[6.919s] -- Installing: /home/turtle/turtle-experiment/ros2_ws/install/rft_sensor_serial/share/rft_sensor_serial/package.xml
[6.921s] Invoked command in '/home/turtle/turtle-experiment/ros2_ws/build/rft_sensor_serial' returned '0': AMENT_PREFIX_PATH=/home/turtle/turtle-experiment/ros2_ws/install/rft_interfaces:/home/turtle/turtle-experiment/ros2_ws/install/rft_com_library:${AMENT_PREFIX_PATH} CMAKE_PREFIX_PATH=/home/turtle/turtle-experiment/ros2_ws/install/rft_interfaces:/home/turtle/turtle-experiment/ros2_ws/install/rft_com_library:/opt/ros/humble LD_LIBRARY_PATH=/home/turtle/turtle-experiment/ros2_ws/install/rft_interfaces/lib:/home/turtle/turtle-experiment/ros2_ws/install/rft_com_library/lib:${LD_LIBRARY_PATH} PYTHONPATH=/home/turtle/turtle-experiment/ros2_ws/install/rft_interfaces/local/lib/python3.10/dist-packages:${PYTHONPATH} /usr/bin/cmake --install /home/turtle/turtle-experiment/ros2_ws/build/rft_sensor_serial
