[0.070s] Invoking command in '/home/turtle/turtle-experiment/ros2_ws/build/dynamixel_sdk_examples': AMENT_PREFIX_PATH=/home/turtle/turtle-experiment/ros2_ws/install/dynamixel_sdk_custom_interfaces:/home/turtle/turtle-experiment/ros2_ws/install/dynamixel_sdk:${AMENT_PREFIX_PATH} CMAKE_PREFIX_PATH=/home/turtle/turtle-experiment/ros2_ws/install/dynamixel_sdk_custom_interfaces:/home/turtle/turtle-experiment/ros2_ws/install/dynamixel_sdk:/opt/ros/humble LD_LIBRARY_PATH=/home/turtle/turtle-experiment/ros2_ws/install/dynamixel_sdk_custom_interfaces/lib:/home/turtle/turtle-experiment/ros2_ws/install/dynamixel_sdk/lib:${LD_LIBRARY_PATH} PYTHONPATH=/home/turtle/turtle-experiment/ros2_ws/install/dynamixel_sdk_custom_interfaces/local/lib/python3.10/dist-packages:${PYTHONPATH} /usr/bin/cmake --build /home/turtle/turtle-experiment/ros2_ws/build/dynamixel_sdk_examples -- -j8 -l8
[0.113s] [35m[1mConsolidate compiler generated dependencies of target read_write_node[0m
[0.131s] [ 50%] [32mBuilding CXX object CMakeFiles/read_write_node.dir/src/read_write_node.cpp.o[0m
[8.988s] [100%] [32m[1mLinking CXX executable read_write_node[0m
[9.436s] [100%] Built target read_write_node
[9.449s] Invoked command in '/home/turtle/turtle-experiment/ros2_ws/build/dynamixel_sdk_examples' returned '0': AMENT_PREFIX_PATH=/home/turtle/turtle-experiment/ros2_ws/install/dynamixel_sdk_custom_interfaces:/home/turtle/turtle-experiment/ros2_ws/install/dynamixel_sdk:${AMENT_PREFIX_PATH} CMAKE_PREFIX_PATH=/home/turtle/turtle-experiment/ros2_ws/install/dynamixel_sdk_custom_interfaces:/home/turtle/turtle-experiment/ros2_ws/install/dynamixel_sdk:/opt/ros/humble LD_LIBRARY_PATH=/home/turtle/turtle-experiment/ros2_ws/install/dynamixel_sdk_custom_interfaces/lib:/home/turtle/turtle-experiment/ros2_ws/install/dynamixel_sdk/lib:${LD_LIBRARY_PATH} PYTHONPATH=/home/turtle/turtle-experiment/ros2_ws/install/dynamixel_sdk_custom_interfaces/local/lib/python3.10/dist-packages:${PYTHONPATH} /usr/bin/cmake --build /home/turtle/turtle-experiment/ros2_ws/build/dynamixel_sdk_examples -- -j8 -l8
[9.483s] Invoking command in '/home/turtle/turtle-experiment/ros2_ws/build/dynamixel_sdk_examples': AMENT_PREFIX_PATH=/home/turtle/turtle-experiment/ros2_ws/install/dynamixel_sdk_custom_interfaces:/home/turtle/turtle-experiment/ros2_ws/install/dynamixel_sdk:${AMENT_PREFIX_PATH} CMAKE_PREFIX_PATH=/home/turtle/turtle-experiment/ros2_ws/install/dynamixel_sdk_custom_interfaces:/home/turtle/turtle-experiment/ros2_ws/install/dynamixel_sdk:/opt/ros/humble LD_LIBRARY_PATH=/home/turtle/turtle-experiment/ros2_ws/install/dynamixel_sdk_custom_interfaces/lib:/home/turtle/turtle-experiment/ros2_ws/install/dynamixel_sdk/lib:${LD_LIBRARY_PATH} PYTHONPATH=/home/turtle/turtle-experiment/ros2_ws/install/dynamixel_sdk_custom_interfaces/local/lib/python3.10/dist-packages:${PYTHONPATH} /usr/bin/cmake --install /home/turtle/turtle-experiment/ros2_ws/build/dynamixel_sdk_examples
[9.491s] -- Install configuration: ""
[9.491s] -- Installing: /home/turtle/turtle-experiment/ros2_ws/install/dynamixel_sdk_examples/lib/dynamixel_sdk_examples/read_write_node
[9.497s] -- Set runtime path of "/home/turtle/turtle-experiment/ros2_ws/install/dynamixel_sdk_examples/lib/dynamixel_sdk_examples/read_write_node" to ""
[9.497s] -- Up-to-date: /home/turtle/turtle-experiment/ros2_ws/install/dynamixel_sdk_examples/share/ament_index/resource_index/package_run_dependencies/dynamixel_sdk_examples
[9.497s] -- Up-to-date: /home/turtle/turtle-experiment/ros2_ws/install/dynamixel_sdk_examples/share/ament_index/resource_index/parent_prefix_path/dynamixel_sdk_examples
[9.497s] -- Up-to-date: /home/turtle/turtle-experiment/ros2_ws/install/dynamixel_sdk_examples/share/dynamixel_sdk_examples/environment/ament_prefix_path.sh
[9.497s] -- Up-to-date: /home/turtle/turtle-experiment/ros2_ws/install/dynamixel_sdk_examples/share/dynamixel_sdk_examples/environment/ament_prefix_path.dsv
[9.497s] -- Up-to-date: /home/turtle/turtle-experiment/ros2_ws/install/dynamixel_sdk_examples/share/dynamixel_sdk_examples/environment/path.sh
[9.497s] -- Up-to-date: /home/turtle/turtle-experiment/ros2_ws/install/dynamixel_sdk_examples/share/dynamixel_sdk_examples/environment/path.dsv
[9.497s] -- Up-to-date: /home/turtle/turtle-experiment/ros2_ws/install/dynamixel_sdk_examples/share/dynamixel_sdk_examples/local_setup.bash
[9.498s] -- Up-to-date: /home/turtle/turtle-experiment/ros2_ws/install/dynamixel_sdk_examples/share/dynamixel_sdk_examples/local_setup.sh
[9.498s] -- Up-to-date: /home/turtle/turtle-experiment/ros2_ws/install/dynamixel_sdk_examples/share/dynamixel_sdk_examples/local_setup.zsh
[9.498s] -- Up-to-date: /home/turtle/turtle-experiment/ros2_ws/install/dynamixel_sdk_examples/share/dynamixel_sdk_examples/local_setup.dsv
[9.498s] -- Installing: /home/turtle/turtle-experiment/ros2_ws/install/dynamixel_sdk_examples/share/dynamixel_sdk_examples/package.dsv
[9.498s] -- Up-to-date: /home/turtle/turtle-experiment/ros2_ws/install/dynamixel_sdk_examples/share/ament_index/resource_index/packages/dynamixel_sdk_examples
[9.498s] -- Up-to-date: /home/turtle/turtle-experiment/ros2_ws/install/dynamixel_sdk_examples/share/dynamixel_sdk_examples/cmake/dynamixel_sdk_examplesConfig.cmake
[9.498s] -- Up-to-date: /home/turtle/turtle-experiment/ros2_ws/install/dynamixel_sdk_examples/share/dynamixel_sdk_examples/cmake/dynamixel_sdk_examplesConfig-version.cmake
[9.498s] -- Up-to-date: /home/turtle/turtle-experiment/ros2_ws/install/dynamixel_sdk_examples/share/dynamixel_sdk_examples/package.xml
[9.499s] Invoked command in '/home/turtle/turtle-experiment/ros2_ws/build/dynamixel_sdk_examples' returned '0': AMENT_PREFIX_PATH=/home/turtle/turtle-experiment/ros2_ws/install/dynamixel_sdk_custom_interfaces:/home/turtle/turtle-experiment/ros2_ws/install/dynamixel_sdk:${AMENT_PREFIX_PATH} CMAKE_PREFIX_PATH=/home/turtle/turtle-experiment/ros2_ws/install/dynamixel_sdk_custom_interfaces:/home/turtle/turtle-experiment/ros2_ws/install/dynamixel_sdk:/opt/ros/humble LD_LIBRARY_PATH=/home/turtle/turtle-experiment/ros2_ws/install/dynamixel_sdk_custom_interfaces/lib:/home/turtle/turtle-experiment/ros2_ws/install/dynamixel_sdk/lib:${LD_LIBRARY_PATH} PYTHONPATH=/home/turtle/turtle-experiment/ros2_ws/install/dynamixel_sdk_custom_interfaces/local/lib/python3.10/dist-packages:${PYTHONPATH} /usr/bin/cmake --install /home/turtle/turtle-experiment/ros2_ws/build/dynamixel_sdk_examples
