[0.074s] Invoking command in '/home/turtle/turtle-experiment/ros2_ws/build/sensor_pub': AMENT_PREFIX_PATH=/home/turtle/turtle-experiment/ros2_ws/install/rft_interfaces:/home/turtle/turtle-experiment/ros2_ws/install/rft_com_library:${AMENT_PREFIX_PATH} CMAKE_PREFIX_PATH=/home/turtle/turtle-experiment/ros2_ws/install/rft_interfaces:/home/turtle/turtle-experiment/ros2_ws/install/rft_com_library:/opt/ros/humble LD_LIBRARY_PATH=/home/turtle/turtle-experiment/ros2_ws/install/rft_interfaces/lib:/home/turtle/turtle-experiment/ros2_ws/install/rft_com_library/lib:${LD_LIBRARY_PATH} PYTHONPATH=/home/turtle/turtle-experiment/ros2_ws/install/rft_interfaces/local/lib/python3.10/dist-packages:${PYTHONPATH} /usr/bin/cmake /home/turtle/turtle-experiment/ros2_ws/src/sensor_pub -DCMAKE_INSTALL_PREFIX=/home/turtle/turtle-experiment/ros2_ws/install/sensor_pub
[0.120s] -- The C compiler identification is GNU 11.4.0
[0.171s] -- The CXX compiler identification is GNU 11.4.0
[0.177s] -- Detecting C compiler ABI info
[0.234s] -- Detecting C compiler ABI info - done
[0.242s] -- Check for working C compiler: /usr/bin/cc - skipped
[0.242s] -- Detecting C compile features
[0.242s] -- Detecting C compile features - done
[0.245s] -- Detecting CXX compiler ABI info
[0.309s] -- Detecting CXX compiler ABI info - done
[0.317s] -- Check for working CXX compiler: /usr/bin/c++ - skipped
[0.317s] -- Detecting CXX compile features
[0.318s] -- Detecting CXX compile features - done
[0.320s] -- Found ament_cmake: 1.3.7 (/opt/ros/humble/share/ament_cmake/cmake)
[0.474s] -- Found Python3: /usr/bin/python3.10 (found version "3.10.12") found components: Interpreter 
[0.556s] -- Found rclcpp: 16.0.8 (/opt/ros/humble/share/rclcpp/cmake)
[0.593s] -- Found rosidl_generator_c: 3.1.5 (/opt/ros/humble/share/rosidl_generator_c/cmake)
[0.598s] -- Found rosidl_adapter: 3.1.5 (/opt/ros/humble/share/rosidl_adapter/cmake)
[0.608s] -- Found rosidl_generator_cpp: 3.1.5 (/opt/ros/humble/share/rosidl_generator_cpp/cmake)
[0.622s] -- Using all available rosidl_typesupport_c: rosidl_typesupport_fastrtps_c;rosidl_typesupport_introspection_c
[0.640s] -- Using all available rosidl_typesupport_cpp: rosidl_typesupport_fastrtps_cpp;rosidl_typesupport_introspection_cpp
[0.704s] -- Found rmw_implementation_cmake: 6.1.1 (/opt/ros/humble/share/rmw_implementation_cmake/cmake)
[0.706s] -- Found rmw_fastrtps_cpp: 6.2.6 (/opt/ros/humble/share/rmw_fastrtps_cpp/cmake)
[0.795s] -- Found OpenSSL: /usr/lib/x86_64-linux-gnu/libcrypto.so (found version "3.0.2")  
[0.815s] -- Found FastRTPS: /opt/ros/humble/include  
[0.858s] -- Using RMW implementation 'rmw_fastrtps_cpp' as default
[0.866s] -- Looking for pthread.h
[0.927s] -- Looking for pthread.h - found
[0.927s] -- Performing Test CMAKE_HAVE_LIBC_PTHREAD
[0.994s] -- Performing Test CMAKE_HAVE_LIBC_PTHREAD - Success
[0.995s] -- Found Threads: TRUE  
[1.153s] -- Found rft_com_library: 0.0.0 (/home/turtle/turtle-experiment/ros2_ws/install/rft_com_library/share/rft_com_library/cmake)
[1.155s] -- Found geometry_msgs: 4.2.3 (/opt/ros/humble/share/geometry_msgs/cmake)
[1.197s] -- Found rft_interfaces: 0.0.0 (/home/turtle/turtle-experiment/ros2_ws/install/rft_interfaces/share/rft_interfaces/cmake)
[1.286s] -- Configuring done
[1.297s] -- Generating done
[1.299s] -- Build files have been written to: /home/turtle/turtle-experiment/ros2_ws/build/sensor_pub
[1.308s] Invoked command in '/home/turtle/turtle-experiment/ros2_ws/build/sensor_pub' returned '0': AMENT_PREFIX_PATH=/home/turtle/turtle-experiment/ros2_ws/install/rft_interfaces:/home/turtle/turtle-experiment/ros2_ws/install/rft_com_library:${AMENT_PREFIX_PATH} CMAKE_PREFIX_PATH=/home/turtle/turtle-experiment/ros2_ws/install/rft_interfaces:/home/turtle/turtle-experiment/ros2_ws/install/rft_com_library:/opt/ros/humble LD_LIBRARY_PATH=/home/turtle/turtle-experiment/ros2_ws/install/rft_interfaces/lib:/home/turtle/turtle-experiment/ros2_ws/install/rft_com_library/lib:${LD_LIBRARY_PATH} PYTHONPATH=/home/turtle/turtle-experiment/ros2_ws/install/rft_interfaces/local/lib/python3.10/dist-packages:${PYTHONPATH} /usr/bin/cmake /home/turtle/turtle-experiment/ros2_ws/src/sensor_pub -DCMAKE_INSTALL_PREFIX=/home/turtle/turtle-experiment/ros2_ws/install/sensor_pub
[1.308s] Invoking command in '/home/turtle/turtle-experiment/ros2_ws/build/sensor_pub': AMENT_PREFIX_PATH=/home/turtle/turtle-experiment/ros2_ws/install/rft_interfaces:/home/turtle/turtle-experiment/ros2_ws/install/rft_com_library:${AMENT_PREFIX_PATH} CMAKE_PREFIX_PATH=/home/turtle/turtle-experiment/ros2_ws/install/rft_interfaces:/home/turtle/turtle-experiment/ros2_ws/install/rft_com_library:/opt/ros/humble LD_LIBRARY_PATH=/home/turtle/turtle-experiment/ros2_ws/install/rft_interfaces/lib:/home/turtle/turtle-experiment/ros2_ws/install/rft_com_library/lib:${LD_LIBRARY_PATH} PYTHONPATH=/home/turtle/turtle-experiment/ros2_ws/install/rft_interfaces/local/lib/python3.10/dist-packages:${PYTHONPATH} /usr/bin/cmake --build /home/turtle/turtle-experiment/ros2_ws/build/sensor_pub -- -j8 -l8
[1.355s] [ 25%] [32mBuilding CXX object CMakeFiles/listener.dir/src/subscriber_member_function.cpp.o[0m
[1.357s] [ 50%] [32mBuilding CXX object CMakeFiles/talker.dir/src/publisher_member_function.cpp.o[0m
[5.922s] [ 75%] [32m[1mLinking CXX executable talker[0m
[6.124s] [ 75%] Built target talker
[9.286s] [100%] [32m[1mLinking CXX executable listener[0m
[9.625s] [100%] Built target listener
[9.635s] Invoked command in '/home/turtle/turtle-experiment/ros2_ws/build/sensor_pub' returned '0': AMENT_PREFIX_PATH=/home/turtle/turtle-experiment/ros2_ws/install/rft_interfaces:/home/turtle/turtle-experiment/ros2_ws/install/rft_com_library:${AMENT_PREFIX_PATH} CMAKE_PREFIX_PATH=/home/turtle/turtle-experiment/ros2_ws/install/rft_interfaces:/home/turtle/turtle-experiment/ros2_ws/install/rft_com_library:/opt/ros/humble LD_LIBRARY_PATH=/home/turtle/turtle-experiment/ros2_ws/install/rft_interfaces/lib:/home/turtle/turtle-experiment/ros2_ws/install/rft_com_library/lib:${LD_LIBRARY_PATH} PYTHONPATH=/home/turtle/turtle-experiment/ros2_ws/install/rft_interfaces/local/lib/python3.10/dist-packages:${PYTHONPATH} /usr/bin/cmake --build /home/turtle/turtle-experiment/ros2_ws/build/sensor_pub -- -j8 -l8
[9.658s] Invoking command in '/home/turtle/turtle-experiment/ros2_ws/build/sensor_pub': AMENT_PREFIX_PATH=/home/turtle/turtle-experiment/ros2_ws/install/rft_interfaces:/home/turtle/turtle-experiment/ros2_ws/install/rft_com_library:${AMENT_PREFIX_PATH} CMAKE_PREFIX_PATH=/home/turtle/turtle-experiment/ros2_ws/install/rft_interfaces:/home/turtle/turtle-experiment/ros2_ws/install/rft_com_library:/opt/ros/humble LD_LIBRARY_PATH=/home/turtle/turtle-experiment/ros2_ws/install/rft_interfaces/lib:/home/turtle/turtle-experiment/ros2_ws/install/rft_com_library/lib:${LD_LIBRARY_PATH} PYTHONPATH=/home/turtle/turtle-experiment/ros2_ws/install/rft_interfaces/local/lib/python3.10/dist-packages:${PYTHONPATH} /usr/bin/cmake --install /home/turtle/turtle-experiment/ros2_ws/build/sensor_pub
[9.665s] -- Install configuration: ""
[9.665s] -- Installing: /home/turtle/turtle-experiment/ros2_ws/install/sensor_pub/lib/sensor_pub/talker
[9.667s] -- Set runtime path of "/home/turtle/turtle-experiment/ros2_ws/install/sensor_pub/lib/sensor_pub/talker" to ""
[9.667s] -- Installing: /home/turtle/turtle-experiment/ros2_ws/install/sensor_pub/lib/sensor_pub/listener
[9.669s] -- Set runtime path of "/home/turtle/turtle-experiment/ros2_ws/install/sensor_pub/lib/sensor_pub/listener" to ""
[9.670s] -- Installing: /home/turtle/turtle-experiment/ros2_ws/install/sensor_pub/share/ament_index/resource_index/package_run_dependencies/sensor_pub
[9.670s] -- Installing: /home/turtle/turtle-experiment/ros2_ws/install/sensor_pub/share/ament_index/resource_index/parent_prefix_path/sensor_pub
[9.670s] -- Installing: /home/turtle/turtle-experiment/ros2_ws/install/sensor_pub/share/sensor_pub/environment/ament_prefix_path.sh
[9.670s] -- Installing: /home/turtle/turtle-experiment/ros2_ws/install/sensor_pub/share/sensor_pub/environment/ament_prefix_path.dsv
[9.670s] -- Installing: /home/turtle/turtle-experiment/ros2_ws/install/sensor_pub/share/sensor_pub/environment/path.sh
[9.670s] -- Installing: /home/turtle/turtle-experiment/ros2_ws/install/sensor_pub/share/sensor_pub/environment/path.dsv
[9.670s] -- Installing: /home/turtle/turtle-experiment/ros2_ws/install/sensor_pub/share/sensor_pub/local_setup.bash
[9.670s] -- Installing: /home/turtle/turtle-experiment/ros2_ws/install/sensor_pub/share/sensor_pub/local_setup.sh
[9.670s] -- Installing: /home/turtle/turtle-experiment/ros2_ws/install/sensor_pub/share/sensor_pub/local_setup.zsh
[9.670s] -- Installing: /home/turtle/turtle-experiment/ros2_ws/install/sensor_pub/share/sensor_pub/local_setup.dsv
[9.670s] -- Installing: /home/turtle/turtle-experiment/ros2_ws/install/sensor_pub/share/sensor_pub/package.dsv
[9.671s] -- Installing: /home/turtle/turtle-experiment/ros2_ws/install/sensor_pub/share/ament_index/resource_index/packages/sensor_pub
[9.671s] -- Installing: /home/turtle/turtle-experiment/ros2_ws/install/sensor_pub/share/sensor_pub/cmake/sensor_pubConfig.cmake
[9.671s] -- Installing: /home/turtle/turtle-experiment/ros2_ws/install/sensor_pub/share/sensor_pub/cmake/sensor_pubConfig-version.cmake
[9.671s] -- Installing: /home/turtle/turtle-experiment/ros2_ws/install/sensor_pub/share/sensor_pub/package.xml
[9.673s] Invoked command in '/home/turtle/turtle-experiment/ros2_ws/build/sensor_pub' returned '0': AMENT_PREFIX_PATH=/home/turtle/turtle-experiment/ros2_ws/install/rft_interfaces:/home/turtle/turtle-experiment/ros2_ws/install/rft_com_library:${AMENT_PREFIX_PATH} CMAKE_PREFIX_PATH=/home/turtle/turtle-experiment/ros2_ws/install/rft_interfaces:/home/turtle/turtle-experiment/ros2_ws/install/rft_com_library:/opt/ros/humble LD_LIBRARY_PATH=/home/turtle/turtle-experiment/ros2_ws/install/rft_interfaces/lib:/home/turtle/turtle-experiment/ros2_ws/install/rft_com_library/lib:${LD_LIBRARY_PATH} PYTHONPATH=/home/turtle/turtle-experiment/ros2_ws/install/rft_interfaces/local/lib/python3.10/dist-packages:${PYTHONPATH} /usr/bin/cmake --install /home/turtle/turtle-experiment/ros2_ws/build/sensor_pub
