[100%] Built target rft_com_library
-- Install configuration: ""
-- Up-to-date: /home/turtle/turtle-experiment/ros2_ws/install/rft_com_library/share/rft_com_library/environment/library_path.sh
-- Up-to-date: /home/turtle/turtle-experiment/ros2_ws/install/rft_com_library/share/rft_com_library/environment/library_path.dsv
-- Up-to-date: /home/turtle/turtle-experiment/ros2_ws/install/rft_com_library/include/rft_com_library
-- Up-to-date: /home/turtle/turtle-experiment/ros2_ws/install/rft_com_library/include/rft_com_library/RFT_IF_PACKET_Rev1.2.h
-- Up-to-date: /home/turtle/turtle-experiment/ros2_ws/install/rft_com_library/include/rft_com_library/RFT_COM.h
-- Up-to-date: /home/turtle/turtle-experiment/ros2_ws/install/rft_com_library/lib/librft_com_library.a
-- Up-to-date: /home/turtle/turtle-experiment/ros2_ws/install/rft_com_library/share/ament_index/resource_index/package_run_dependencies/rft_com_library
-- Up-to-date: /home/turtle/turtle-experiment/ros2_ws/install/rft_com_library/share/ament_index/resource_index/parent_prefix_path/rft_com_library
-- Up-to-date: /home/turtle/turtle-experiment/ros2_ws/install/rft_com_library/share/rft_com_library/environment/ament_prefix_path.sh
-- Up-to-date: /home/turtle/turtle-experiment/ros2_ws/install/rft_com_library/share/rft_com_library/environment/ament_prefix_path.dsv
-- Up-to-date: /home/turtle/turtle-experiment/ros2_ws/install/rft_com_library/share/rft_com_library/environment/path.sh
-- Up-to-date: /home/turtle/turtle-experiment/ros2_ws/install/rft_com_library/share/rft_com_library/environment/path.dsv
-- Up-to-date: /home/turtle/turtle-experiment/ros2_ws/install/rft_com_library/share/rft_com_library/local_setup.bash
-- Up-to-date: /home/turtle/turtle-experiment/ros2_ws/install/rft_com_library/share/rft_com_library/local_setup.sh
-- Up-to-date: /home/turtle/turtle-experiment/ros2_ws/install/rft_com_library/share/rft_com_library/local_setup.zsh
-- Up-to-date: /home/turtle/turtle-experiment/ros2_ws/install/rft_com_library/share/rft_com_library/local_setup.dsv
-- Installing: /home/turtle/turtle-experiment/ros2_ws/install/rft_com_library/share/rft_com_library/package.dsv
-- Up-to-date: /home/turtle/turtle-experiment/ros2_ws/install/rft_com_library/share/ament_index/resource_index/packages/rft_com_library
-- Up-to-date: /home/turtle/turtle-experiment/ros2_ws/install/rft_com_library/share/rft_com_library/cmake/rft_com_libraryExport.cmake
-- Up-to-date: /home/turtle/turtle-experiment/ros2_ws/install/rft_com_library/share/rft_com_library/cmake/rft_com_libraryExport-noconfig.cmake
-- Up-to-date: /home/turtle/turtle-experiment/ros2_ws/install/rft_com_library/share/rft_com_library/cmake/ament_cmake_export_targets-extras.cmake
-- Up-to-date: /home/turtle/turtle-experiment/ros2_ws/install/rft_com_library/share/rft_com_library/cmake/rft_com_libraryConfig.cmake
-- Up-to-date: /home/turtle/turtle-experiment/ros2_ws/install/rft_com_library/share/rft_com_library/cmake/rft_com_libraryConfig-version.cmake
-- Up-to-date: /home/turtle/turtle-experiment/ros2_ws/install/rft_com_library/share/rft_com_library/package.xml
