[0.058s] Invoking command in '/home/turtle/turtle-experiment/ros2_ws/build/rft_com_library': CMAKE_PREFIX_PATH=/opt/ros/humble /usr/bin/cmake --build /home/turtle/turtle-experiment/ros2_ws/build/rft_com_library -- -j8 -l8
[0.099s] [100%] Built target rft_com_library
[0.109s] Invoked command in '/home/turtle/turtle-experiment/ros2_ws/build/rft_com_library' returned '0': CMAKE_PREFIX_PATH=/opt/ros/humble /usr/bin/cmake --build /home/turtle/turtle-experiment/ros2_ws/build/rft_com_library -- -j8 -l8
[0.138s] Invoking command in '/home/turtle/turtle-experiment/ros2_ws/build/rft_com_library': CMAKE_PREFIX_PATH=/opt/ros/humble /usr/bin/cmake --install /home/turtle/turtle-experiment/ros2_ws/build/rft_com_library
[0.146s] -- Install configuration: ""
[0.146s] -- Up-to-date: /home/turtle/turtle-experiment/ros2_ws/install/rft_com_library/share/rft_com_library/environment/library_path.sh
[0.146s] -- Up-to-date: /home/turtle/turtle-experiment/ros2_ws/install/rft_com_library/share/rft_com_library/environment/library_path.dsv
[0.146s] -- Up-to-date: /home/turtle/turtle-experiment/ros2_ws/install/rft_com_library/include/rft_com_library
[0.146s] -- Up-to-date: /home/turtle/turtle-experiment/ros2_ws/install/rft_com_library/include/rft_com_library/RFT_IF_PACKET_Rev1.2.h
[0.147s] -- Up-to-date: /home/turtle/turtle-experiment/ros2_ws/install/rft_com_library/include/rft_com_library/RFT_COM.h
[0.147s] -- Up-to-date: /home/turtle/turtle-experiment/ros2_ws/install/rft_com_library/lib/librft_com_library.a
[0.147s] -- Up-to-date: /home/turtle/turtle-experiment/ros2_ws/install/rft_com_library/share/ament_index/resource_index/package_run_dependencies/rft_com_library
[0.147s] -- Up-to-date: /home/turtle/turtle-experiment/ros2_ws/install/rft_com_library/share/ament_index/resource_index/parent_prefix_path/rft_com_library
[0.147s] -- Up-to-date: /home/turtle/turtle-experiment/ros2_ws/install/rft_com_library/share/rft_com_library/environment/ament_prefix_path.sh
[0.147s] -- Up-to-date: /home/turtle/turtle-experiment/ros2_ws/install/rft_com_library/share/rft_com_library/environment/ament_prefix_path.dsv
[0.147s] -- Up-to-date: /home/turtle/turtle-experiment/ros2_ws/install/rft_com_library/share/rft_com_library/environment/path.sh
[0.147s] -- Up-to-date: /home/turtle/turtle-experiment/ros2_ws/install/rft_com_library/share/rft_com_library/environment/path.dsv
[0.147s] -- Up-to-date: /home/turtle/turtle-experiment/ros2_ws/install/rft_com_library/share/rft_com_library/local_setup.bash
[0.148s] -- Up-to-date: /home/turtle/turtle-experiment/ros2_ws/install/rft_com_library/share/rft_com_library/local_setup.sh
[0.148s] -- Up-to-date: /home/turtle/turtle-experiment/ros2_ws/install/rft_com_library/share/rft_com_library/local_setup.zsh
[0.148s] -- Up-to-date: /home/turtle/turtle-experiment/ros2_ws/install/rft_com_library/share/rft_com_library/local_setup.dsv
[0.148s] -- Installing: /home/turtle/turtle-experiment/ros2_ws/install/rft_com_library/share/rft_com_library/package.dsv
[0.149s] -- Up-to-date: /home/turtle/turtle-experiment/ros2_ws/install/rft_com_library/share/ament_index/resource_index/packages/rft_com_library
[0.149s] -- Up-to-date: /home/turtle/turtle-experiment/ros2_ws/install/rft_com_library/share/rft_com_library/cmake/rft_com_libraryExport.cmake
[0.149s] -- Up-to-date: /home/turtle/turtle-experiment/ros2_ws/install/rft_com_library/share/rft_com_library/cmake/rft_com_libraryExport-noconfig.cmake
[0.149s] -- Up-to-date: /home/turtle/turtle-experiment/ros2_ws/install/rft_com_library/share/rft_com_library/cmake/ament_cmake_export_targets-extras.cmake
[0.149s] -- Up-to-date: /home/turtle/turtle-experiment/ros2_ws/install/rft_com_library/share/rft_com_library/cmake/rft_com_libraryConfig.cmake
[0.150s] -- Up-to-date: /home/turtle/turtle-experiment/ros2_ws/install/rft_com_library/share/rft_com_library/cmake/rft_com_libraryConfig-version.cmake
[0.150s] -- Up-to-date: /home/turtle/turtle-experiment/ros2_ws/install/rft_com_library/share/rft_com_library/package.xml
[0.150s] Invoked command in '/home/turtle/turtle-experiment/ros2_ws/build/rft_com_library' returned '0': CMAKE_PREFIX_PATH=/opt/ros/humble /usr/bin/cmake --install /home/turtle/turtle-experiment/ros2_ws/build/rft_com_library
