[0.057s] Invoking command in '/home/turtle/turtle-experiment/ros2_ws/build/rft_sensor_serial': AMENT_PREFIX_PATH=/home/turtle/turtle-experiment/ros2_ws/install/rft_interfaces:/home/turtle/turtle-experiment/ros2_ws/install/rft_com_library:${AMENT_PREFIX_PATH} CMAKE_PREFIX_PATH=/home/turtle/turtle-experiment/ros2_ws/install/rft_interfaces:/home/turtle/turtle-experiment/ros2_ws/install/rft_com_library:/opt/ros/humble LD_LIBRARY_PATH=/home/turtle/turtle-experiment/ros2_ws/install/rft_interfaces/lib:/home/turtle/turtle-experiment/ros2_ws/install/rft_com_library/lib:${LD_LIBRARY_PATH} PYTHONPATH=/home/turtle/turtle-experiment/ros2_ws/install/rft_interfaces/local/lib/python3.10/dist-packages:${PYTHONPATH} /usr/bin/cmake --build /home/turtle/turtle-experiment/ros2_ws/build/rft_sensor_serial -- -j8 -l8
[0.093s] [35m[1mConsolidate compiler generated dependencies of target main[0m
[0.110s] [100%] Built target main
[0.120s] Invoked command in '/home/turtle/turtle-experiment/ros2_ws/build/rft_sensor_serial' returned '0': AMENT_PREFIX_PATH=/home/turtle/turtle-experiment/ros2_ws/install/rft_interfaces:/home/turtle/turtle-experiment/ros2_ws/install/rft_com_library:${AMENT_PREFIX_PATH} CMAKE_PREFIX_PATH=/home/turtle/turtle-experiment/ros2_ws/install/rft_interfaces:/home/turtle/turtle-experiment/ros2_ws/install/rft_com_library:/opt/ros/humble LD_LIBRARY_PATH=/home/turtle/turtle-experiment/ros2_ws/install/rft_interfaces/lib:/home/turtle/turtle-experiment/ros2_ws/install/rft_com_library/lib:${LD_LIBRARY_PATH} PYTHONPATH=/home/turtle/turtle-experiment/ros2_ws/install/rft_interfaces/local/lib/python3.10/dist-packages:${PYTHONPATH} /usr/bin/cmake --build /home/turtle/turtle-experiment/ros2_ws/build/rft_sensor_serial -- -j8 -l8
[0.148s] Invoking command in '/home/turtle/turtle-experiment/ros2_ws/build/rft_sensor_serial': AMENT_PREFIX_PATH=/home/turtle/turtle-experiment/ros2_ws/install/rft_interfaces:/home/turtle/turtle-experiment/ros2_ws/install/rft_com_library:${AMENT_PREFIX_PATH} CMAKE_PREFIX_PATH=/home/turtle/turtle-experiment/ros2_ws/install/rft_interfaces:/home/turtle/turtle-experiment/ros2_ws/install/rft_com_library:/opt/ros/humble LD_LIBRARY_PATH=/home/turtle/turtle-experiment/ros2_ws/install/rft_interfaces/lib:/home/turtle/turtle-experiment/ros2_ws/install/rft_com_library/lib:${LD_LIBRARY_PATH} PYTHONPATH=/home/turtle/turtle-experiment/ros2_ws/install/rft_interfaces/local/lib/python3.10/dist-packages:${PYTHONPATH} /usr/bin/cmake --install /home/turtle/turtle-experiment/ros2_ws/build/rft_sensor_serial
[0.155s] -- Install configuration: ""
[0.155s] -- Up-to-date: /home/turtle/turtle-experiment/ros2_ws/install/rft_sensor_serial/lib/rft_sensor_serial/main
[0.155s] -- Up-to-date: /home/turtle/turtle-experiment/ros2_ws/install/rft_sensor_serial/share/ament_index/resource_index/package_run_dependencies/rft_sensor_serial
[0.155s] -- Up-to-date: /home/turtle/turtle-experiment/ros2_ws/install/rft_sensor_serial/share/ament_index/resource_index/parent_prefix_path/rft_sensor_serial
[0.155s] -- Up-to-date: /home/turtle/turtle-experiment/ros2_ws/install/rft_sensor_serial/share/rft_sensor_serial/environment/ament_prefix_path.sh
[0.155s] -- Up-to-date: /home/turtle/turtle-experiment/ros2_ws/install/rft_sensor_serial/share/rft_sensor_serial/environment/ament_prefix_path.dsv
[0.155s] -- Up-to-date: /home/turtle/turtle-experiment/ros2_ws/install/rft_sensor_serial/share/rft_sensor_serial/environment/path.sh
[0.156s] -- Up-to-date: /home/turtle/turtle-experiment/ros2_ws/install/rft_sensor_serial/share/rft_sensor_serial/environment/path.dsv
[0.156s] -- Up-to-date: /home/turtle/turtle-experiment/ros2_ws/install/rft_sensor_serial/share/rft_sensor_serial/local_setup.bash
[0.156s] -- Up-to-date: /home/turtle/turtle-experiment/ros2_ws/install/rft_sensor_serial/share/rft_sensor_serial/local_setup.sh
[0.156s] -- Up-to-date: /home/turtle/turtle-experiment/ros2_ws/install/rft_sensor_serial/share/rft_sensor_serial/local_setup.zsh
[0.156s] -- Up-to-date: /home/turtle/turtle-experiment/ros2_ws/install/rft_sensor_serial/share/rft_sensor_serial/local_setup.dsv
[0.156s] -- Installing: /home/turtle/turtle-experiment/ros2_ws/install/rft_sensor_serial/share/rft_sensor_serial/package.dsv
[0.156s] -- Up-to-date: /home/turtle/turtle-experiment/ros2_ws/install/rft_sensor_serial/share/ament_index/resource_index/packages/rft_sensor_serial
[0.156s] -- Up-to-date: /home/turtle/turtle-experiment/ros2_ws/install/rft_sensor_serial/share/rft_sensor_serial/cmake/rft_sensor_serialConfig.cmake
[0.156s] -- Up-to-date: /home/turtle/turtle-experiment/ros2_ws/install/rft_sensor_serial/share/rft_sensor_serial/cmake/rft_sensor_serialConfig-version.cmake
[0.156s] -- Up-to-date: /home/turtle/turtle-experiment/ros2_ws/install/rft_sensor_serial/share/rft_sensor_serial/package.xml
[0.158s] Invoked command in '/home/turtle/turtle-experiment/ros2_ws/build/rft_sensor_serial' returned '0': AMENT_PREFIX_PATH=/home/turtle/turtle-experiment/ros2_ws/install/rft_interfaces:/home/turtle/turtle-experiment/ros2_ws/install/rft_com_library:${AMENT_PREFIX_PATH} CMAKE_PREFIX_PATH=/home/turtle/turtle-experiment/ros2_ws/install/rft_interfaces:/home/turtle/turtle-experiment/ros2_ws/install/rft_com_library:/opt/ros/humble LD_LIBRARY_PATH=/home/turtle/turtle-experiment/ros2_ws/install/rft_interfaces/lib:/home/turtle/turtle-experiment/ros2_ws/install/rft_com_library/lib:${LD_LIBRARY_PATH} PYTHONPATH=/home/turtle/turtle-experiment/ros2_ws/install/rft_interfaces/local/lib/python3.10/dist-packages:${PYTHONPATH} /usr/bin/cmake --install /home/turtle/turtle-experiment/ros2_ws/build/rft_sensor_serial
