-- The C compiler identification is GNU 11.4.0
-- The CXX compiler identification is GNU 11.4.0
-- Detecting C compiler ABI info
-- Detecting C compiler ABI info - done
-- Check for working C compiler: /usr/bin/cc - skipped
-- Detecting C compile features
-- Detecting C compile features - done
-- Detecting CXX compiler ABI info
-- Detecting CXX compiler ABI info - done
-- Check for working CXX compiler: /usr/bin/c++ - skipped
-- Detecting CXX compile features
-- Detecting CXX compile features - done
-- Found ament_cmake: 1.3.7 (/opt/ros/humble/share/ament_cmake/cmake)
-- Found Python3: /usr/bin/python3.10 (found version "3.10.12") found components: Interpreter 
-- Found ament_lint_auto: 0.12.10 (/opt/ros/humble/share/ament_lint_auto/cmake)
-- Added test 'cppcheck' to perform static code analysis on C / C++ code
-- Configured cppcheck include dirs: /home/turtle/turtle-experiment/ros2_ws/src/rft_com_library/include
-- Configured cppcheck exclude dirs and/or files: 
-- Added test 'lint_cmake' to check CMake code style
-- Added test 'uncrustify' to check C / C++ code style
-- Configured uncrustify additional arguments: 
-- Added test 'xmllint' to check XML markup files
-- Configuring done
-- Generating done
-- Build files have been written to: /home/turtle/turtle-experiment/ros2_ws/build/rft_com_library
[ 66%] [32mBuilding CXX object CMakeFiles/rft_com_library.dir/src/RFT_COM.cpp.o[0m
[ 66%] [32mBuilding CXX object CMakeFiles/rft_com_library.dir/src/RFT_IF_PACKET_Rev1.2.cpp.o[0m
[01m[K/home/turtle/turtle-experiment/ros2_ws/src/rft_com_library/src/RFT_COM.cpp:[m[K In member function ‘[01m[Kbool CRT_RFT_UART::readWorker()[m[K’:
[01m[K/home/turtle/turtle-experiment/ros2_ws/src/rft_com_library/src/RFT_COM.cpp:229:1:[m[K [01;35m[Kwarning: [m[Kcontrol reaches end of non-void function [[01;35m[K]8;;https://gcc.gnu.org/onlinedocs/gcc/Warning-Options.html#index-Wreturn-type-Wreturn-type]8;;[m[K]
  229 | [01;35m[K}[m[K
      | [01;35m[K^[m[K
[100%] [32m[1mLinking CXX static library librft_com_library.a[0m
[100%] Built target rft_com_library
-- Install configuration: ""
-- Installing: /home/turtle/turtle-experiment/ros2_ws/install/rft_com_library/share/rft_com_library/environment/library_path.sh
-- Installing: /home/turtle/turtle-experiment/ros2_ws/install/rft_com_library/share/rft_com_library/environment/library_path.dsv
-- Installing: /home/turtle/turtle-experiment/ros2_ws/install/rft_com_library/include/rft_com_library
-- Installing: /home/turtle/turtle-experiment/ros2_ws/install/rft_com_library/include/rft_com_library/RFT_IF_PACKET_Rev1.2.h
-- Installing: /home/turtle/turtle-experiment/ros2_ws/install/rft_com_library/include/rft_com_library/RFT_COM.h
-- Installing: /home/turtle/turtle-experiment/ros2_ws/install/rft_com_library/lib/librft_com_library.a
-- Installing: /home/turtle/turtle-experiment/ros2_ws/install/rft_com_library/share/ament_index/resource_index/package_run_dependencies/rft_com_library
-- Installing: /home/turtle/turtle-experiment/ros2_ws/install/rft_com_library/share/ament_index/resource_index/parent_prefix_path/rft_com_library
-- Installing: /home/turtle/turtle-experiment/ros2_ws/install/rft_com_library/share/rft_com_library/environment/ament_prefix_path.sh
-- Installing: /home/turtle/turtle-experiment/ros2_ws/install/rft_com_library/share/rft_com_library/environment/ament_prefix_path.dsv
-- Installing: /home/turtle/turtle-experiment/ros2_ws/install/rft_com_library/share/rft_com_library/environment/path.sh
-- Installing: /home/turtle/turtle-experiment/ros2_ws/install/rft_com_library/share/rft_com_library/environment/path.dsv
-- Installing: /home/turtle/turtle-experiment/ros2_ws/install/rft_com_library/share/rft_com_library/local_setup.bash
-- Installing: /home/turtle/turtle-experiment/ros2_ws/install/rft_com_library/share/rft_com_library/local_setup.sh
-- Installing: /home/turtle/turtle-experiment/ros2_ws/install/rft_com_library/share/rft_com_library/local_setup.zsh
-- Installing: /home/turtle/turtle-experiment/ros2_ws/install/rft_com_library/share/rft_com_library/local_setup.dsv
-- Installing: /home/turtle/turtle-experiment/ros2_ws/install/rft_com_library/share/rft_com_library/package.dsv
-- Installing: /home/turtle/turtle-experiment/ros2_ws/install/rft_com_library/share/ament_index/resource_index/packages/rft_com_library
-- Installing: /home/turtle/turtle-experiment/ros2_ws/install/rft_com_library/share/rft_com_library/cmake/rft_com_libraryExport.cmake
-- Installing: /home/turtle/turtle-experiment/ros2_ws/install/rft_com_library/share/rft_com_library/cmake/rft_com_libraryExport-noconfig.cmake
-- Installing: /home/turtle/turtle-experiment/ros2_ws/install/rft_com_library/share/rft_com_library/cmake/ament_cmake_export_targets-extras.cmake
-- Installing: /home/turtle/turtle-experiment/ros2_ws/install/rft_com_library/share/rft_com_library/cmake/rft_com_libraryConfig.cmake
-- Installing: /home/turtle/turtle-experiment/ros2_ws/install/rft_com_library/share/rft_com_library/cmake/rft_com_libraryConfig-version.cmake
-- Installing: /home/turtle/turtle-experiment/ros2_ws/install/rft_com_library/share/rft_com_library/package.xml
