[0.051s] Invoking command in '/home/turtle/turtle-experiment/ros2_ws/build/dynamixel_sdk_examples': AMENT_PREFIX_PATH=/home/turtle/turtle-experiment/ros2_ws/install/dynamixel_sdk_custom_interfaces:/home/turtle/turtle-experiment/ros2_ws/install/dynamixel_sdk:${AMENT_PREFIX_PATH} CMAKE_PREFIX_PATH=/home/turtle/turtle-experiment/ros2_ws/install/dynamixel_sdk_custom_interfaces:/home/turtle/turtle-experiment/ros2_ws/install/dynamixel_sdk:/opt/ros/humble LD_LIBRARY_PATH=/home/turtle/turtle-experiment/ros2_ws/install/dynamixel_sdk_custom_interfaces/lib:/home/turtle/turtle-experiment/ros2_ws/install/dynamixel_sdk/lib:${LD_LIBRARY_PATH} PYTHONPATH=/home/turtle/turtle-experiment/ros2_ws/install/dynamixel_sdk_custom_interfaces/local/lib/python3.10/dist-packages:${PYTHONPATH} /usr/bin/cmake /home/turtle/turtle-experiment/ros2_ws/src/dynamixel_sdk_examples -DCMAKE_INSTALL_PREFIX=/home/turtle/turtle-experiment/ros2_ws/install/dynamixel_sdk_examples
[0.099s] -- The C compiler identification is GNU 11.4.0
[0.151s] -- The CXX compiler identification is GNU 11.4.0
[0.159s] -- Detecting C compiler ABI info
[0.215s] -- Detecting C compiler ABI info - done
[0.222s] -- Check for working C compiler: /usr/bin/cc - skipped
[0.222s] -- Detecting C compile features
[0.223s] -- Detecting C compile features - done
[0.225s] -- Detecting CXX compiler ABI info
[0.288s] -- Detecting CXX compiler ABI info - done
[0.302s] -- Check for working CXX compiler: /usr/bin/c++ - skipped
[0.302s] -- Detecting CXX compile features
[0.303s] -- Detecting CXX compile features - done
[0.306s] -- Found ament_cmake: 1.3.7 (/opt/ros/humble/share/ament_cmake/cmake)
[0.466s] -- Found Python3: /usr/bin/python3.10 (found version "3.10.12") found components: Interpreter 
[0.548s] -- Found dynamixel_sdk: 3.7.60 (/home/turtle/turtle-experiment/ros2_ws/install/dynamixel_sdk/share/dynamixel_sdk/cmake)
[0.550s] -- Found dynamixel_sdk_custom_interfaces: 3.7.60 (/home/turtle/turtle-experiment/ros2_ws/install/dynamixel_sdk_custom_interfaces/share/dynamixel_sdk_custom_interfaces/cmake)
[0.580s] -- Found rosidl_generator_c: 3.1.5 (/opt/ros/humble/share/rosidl_generator_c/cmake)
[0.584s] -- Found rosidl_adapter: 3.1.5 (/opt/ros/humble/share/rosidl_adapter/cmake)
[0.591s] -- Found rosidl_generator_cpp: 3.1.5 (/opt/ros/humble/share/rosidl_generator_cpp/cmake)
[0.603s] -- Using all available rosidl_typesupport_c: rosidl_typesupport_fastrtps_c;rosidl_typesupport_introspection_c
[0.620s] -- Using all available rosidl_typesupport_cpp: rosidl_typesupport_fastrtps_cpp;rosidl_typesupport_introspection_cpp
[0.672s] -- Found rclcpp: 16.0.8 (/opt/ros/humble/share/rclcpp/cmake)
[0.726s] -- Found rmw_implementation_cmake: 6.1.1 (/opt/ros/humble/share/rmw_implementation_cmake/cmake)
[0.728s] -- Found rmw_fastrtps_cpp: 6.2.6 (/opt/ros/humble/share/rmw_fastrtps_cpp/cmake)
[0.814s] -- Found OpenSSL: /usr/lib/x86_64-linux-gnu/libcrypto.so (found version "3.0.2")  
[0.844s] -- Found FastRTPS: /opt/ros/humble/include  
[0.888s] -- Using RMW implementation 'rmw_fastrtps_cpp' as default
[0.897s] -- Looking for pthread.h
[0.959s] -- Looking for pthread.h - found
[0.959s] -- Performing Test CMAKE_HAVE_LIBC_PTHREAD
[1.057s] -- Performing Test CMAKE_HAVE_LIBC_PTHREAD - Success
[1.059s] -- Found Threads: TRUE  
[1.346s] -- Found ament_lint_auto: 0.12.10 (/opt/ros/humble/share/ament_lint_auto/cmake)
[1.427s] -- Added test 'copyright' to check source files copyright and LICENSE
[1.428s] -- Added test 'cppcheck' to perform static code analysis on C / C++ code
[1.428s] -- Configured cppcheck include dirs: /home/turtle/turtle-experiment/ros2_ws/src/dynamixel_sdk_examples/include
[1.428s] -- Configured cppcheck exclude dirs and/or files: 
[1.429s] -- Added test 'cpplint' to check C / C++ code against the Google style
[1.429s] -- Configured cpplint exclude dirs and/or files: 
[1.429s] -- Added test 'lint_cmake' to check CMake code style
[1.430s] -- Added test 'uncrustify' to check C / C++ code style
[1.430s] -- Configured uncrustify additional arguments: 
[1.431s] -- Added test 'xmllint' to check XML markup files
[1.432s] -- Configuring done
[1.440s] -- Generating done
[1.442s] -- Build files have been written to: /home/turtle/turtle-experiment/ros2_ws/build/dynamixel_sdk_examples
[1.451s] Invoked command in '/home/turtle/turtle-experiment/ros2_ws/build/dynamixel_sdk_examples' returned '0': AMENT_PREFIX_PATH=/home/turtle/turtle-experiment/ros2_ws/install/dynamixel_sdk_custom_interfaces:/home/turtle/turtle-experiment/ros2_ws/install/dynamixel_sdk:${AMENT_PREFIX_PATH} CMAKE_PREFIX_PATH=/home/turtle/turtle-experiment/ros2_ws/install/dynamixel_sdk_custom_interfaces:/home/turtle/turtle-experiment/ros2_ws/install/dynamixel_sdk:/opt/ros/humble LD_LIBRARY_PATH=/home/turtle/turtle-experiment/ros2_ws/install/dynamixel_sdk_custom_interfaces/lib:/home/turtle/turtle-experiment/ros2_ws/install/dynamixel_sdk/lib:${LD_LIBRARY_PATH} PYTHONPATH=/home/turtle/turtle-experiment/ros2_ws/install/dynamixel_sdk_custom_interfaces/local/lib/python3.10/dist-packages:${PYTHONPATH} /usr/bin/cmake /home/turtle/turtle-experiment/ros2_ws/src/dynamixel_sdk_examples -DCMAKE_INSTALL_PREFIX=/home/turtle/turtle-experiment/ros2_ws/install/dynamixel_sdk_examples
[1.452s] Invoking command in '/home/turtle/turtle-experiment/ros2_ws/build/dynamixel_sdk_examples': AMENT_PREFIX_PATH=/home/turtle/turtle-experiment/ros2_ws/install/dynamixel_sdk_custom_interfaces:/home/turtle/turtle-experiment/ros2_ws/install/dynamixel_sdk:${AMENT_PREFIX_PATH} CMAKE_PREFIX_PATH=/home/turtle/turtle-experiment/ros2_ws/install/dynamixel_sdk_custom_interfaces:/home/turtle/turtle-experiment/ros2_ws/install/dynamixel_sdk:/opt/ros/humble LD_LIBRARY_PATH=/home/turtle/turtle-experiment/ros2_ws/install/dynamixel_sdk_custom_interfaces/lib:/home/turtle/turtle-experiment/ros2_ws/install/dynamixel_sdk/lib:${LD_LIBRARY_PATH} PYTHONPATH=/home/turtle/turtle-experiment/ros2_ws/install/dynamixel_sdk_custom_interfaces/local/lib/python3.10/dist-packages:${PYTHONPATH} /usr/bin/cmake --build /home/turtle/turtle-experiment/ros2_ws/build/dynamixel_sdk_examples -- -j8 -l8
[1.497s] [ 50%] [32mBuilding CXX object CMakeFiles/read_write_node.dir/src/read_write_node.cpp.o[0m
[9.692s] [100%] [32m[1mLinking CXX executable read_write_node[0m
[10.052s] [100%] Built target read_write_node
[10.063s] Invoked command in '/home/turtle/turtle-experiment/ros2_ws/build/dynamixel_sdk_examples' returned '0': AMENT_PREFIX_PATH=/home/turtle/turtle-experiment/ros2_ws/install/dynamixel_sdk_custom_interfaces:/home/turtle/turtle-experiment/ros2_ws/install/dynamixel_sdk:${AMENT_PREFIX_PATH} CMAKE_PREFIX_PATH=/home/turtle/turtle-experiment/ros2_ws/install/dynamixel_sdk_custom_interfaces:/home/turtle/turtle-experiment/ros2_ws/install/dynamixel_sdk:/opt/ros/humble LD_LIBRARY_PATH=/home/turtle/turtle-experiment/ros2_ws/install/dynamixel_sdk_custom_interfaces/lib:/home/turtle/turtle-experiment/ros2_ws/install/dynamixel_sdk/lib:${LD_LIBRARY_PATH} PYTHONPATH=/home/turtle/turtle-experiment/ros2_ws/install/dynamixel_sdk_custom_interfaces/local/lib/python3.10/dist-packages:${PYTHONPATH} /usr/bin/cmake --build /home/turtle/turtle-experiment/ros2_ws/build/dynamixel_sdk_examples -- -j8 -l8
[10.087s] Invoking command in '/home/turtle/turtle-experiment/ros2_ws/build/dynamixel_sdk_examples': AMENT_PREFIX_PATH=/home/turtle/turtle-experiment/ros2_ws/install/dynamixel_sdk_custom_interfaces:/home/turtle/turtle-experiment/ros2_ws/install/dynamixel_sdk:${AMENT_PREFIX_PATH} CMAKE_PREFIX_PATH=/home/turtle/turtle-experiment/ros2_ws/install/dynamixel_sdk_custom_interfaces:/home/turtle/turtle-experiment/ros2_ws/install/dynamixel_sdk:/opt/ros/humble LD_LIBRARY_PATH=/home/turtle/turtle-experiment/ros2_ws/install/dynamixel_sdk_custom_interfaces/lib:/home/turtle/turtle-experiment/ros2_ws/install/dynamixel_sdk/lib:${LD_LIBRARY_PATH} PYTHONPATH=/home/turtle/turtle-experiment/ros2_ws/install/dynamixel_sdk_custom_interfaces/local/lib/python3.10/dist-packages:${PYTHONPATH} /usr/bin/cmake --install /home/turtle/turtle-experiment/ros2_ws/build/dynamixel_sdk_examples
[10.093s] -- Install configuration: ""
[10.093s] -- Installing: /home/turtle/turtle-experiment/ros2_ws/install/dynamixel_sdk_examples/lib/dynamixel_sdk_examples/read_write_node
[10.097s] -- Set runtime path of "/home/turtle/turtle-experiment/ros2_ws/install/dynamixel_sdk_examples/lib/dynamixel_sdk_examples/read_write_node" to ""
[10.097s] -- Installing: /home/turtle/turtle-experiment/ros2_ws/install/dynamixel_sdk_examples/share/ament_index/resource_index/package_run_dependencies/dynamixel_sdk_examples
[10.097s] -- Installing: /home/turtle/turtle-experiment/ros2_ws/install/dynamixel_sdk_examples/share/ament_index/resource_index/parent_prefix_path/dynamixel_sdk_examples
[10.097s] -- Installing: /home/turtle/turtle-experiment/ros2_ws/install/dynamixel_sdk_examples/share/dynamixel_sdk_examples/environment/ament_prefix_path.sh
[10.097s] -- Installing: /home/turtle/turtle-experiment/ros2_ws/install/dynamixel_sdk_examples/share/dynamixel_sdk_examples/environment/ament_prefix_path.dsv
[10.097s] -- Installing: /home/turtle/turtle-experiment/ros2_ws/install/dynamixel_sdk_examples/share/dynamixel_sdk_examples/environment/path.sh
[10.097s] -- Installing: /home/turtle/turtle-experiment/ros2_ws/install/dynamixel_sdk_examples/share/dynamixel_sdk_examples/environment/path.dsv
[10.098s] -- Installing: /home/turtle/turtle-experiment/ros2_ws/install/dynamixel_sdk_examples/share/dynamixel_sdk_examples/local_setup.bash
[10.098s] -- Installing: /home/turtle/turtle-experiment/ros2_ws/install/dynamixel_sdk_examples/share/dynamixel_sdk_examples/local_setup.sh
[10.098s] -- Installing: /home/turtle/turtle-experiment/ros2_ws/install/dynamixel_sdk_examples/share/dynamixel_sdk_examples/local_setup.zsh
[10.098s] -- Installing: /home/turtle/turtle-experiment/ros2_ws/install/dynamixel_sdk_examples/share/dynamixel_sdk_examples/local_setup.dsv
[10.098s] -- Installing: /home/turtle/turtle-experiment/ros2_ws/install/dynamixel_sdk_examples/share/dynamixel_sdk_examples/package.dsv
[10.098s] -- Installing: /home/turtle/turtle-experiment/ros2_ws/install/dynamixel_sdk_examples/share/ament_index/resource_index/packages/dynamixel_sdk_examples
[10.098s] -- Installing: /home/turtle/turtle-experiment/ros2_ws/install/dynamixel_sdk_examples/share/dynamixel_sdk_examples/cmake/dynamixel_sdk_examplesConfig.cmake
[10.098s] -- Installing: /home/turtle/turtle-experiment/ros2_ws/install/dynamixel_sdk_examples/share/dynamixel_sdk_examples/cmake/dynamixel_sdk_examplesConfig-version.cmake
[10.098s] -- Installing: /home/turtle/turtle-experiment/ros2_ws/install/dynamixel_sdk_examples/share/dynamixel_sdk_examples/package.xml
[10.100s] Invoked command in '/home/turtle/turtle-experiment/ros2_ws/build/dynamixel_sdk_examples' returned '0': AMENT_PREFIX_PATH=/home/turtle/turtle-experiment/ros2_ws/install/dynamixel_sdk_custom_interfaces:/home/turtle/turtle-experiment/ros2_ws/install/dynamixel_sdk:${AMENT_PREFIX_PATH} CMAKE_PREFIX_PATH=/home/turtle/turtle-experiment/ros2_ws/install/dynamixel_sdk_custom_interfaces:/home/turtle/turtle-experiment/ros2_ws/install/dynamixel_sdk:/opt/ros/humble LD_LIBRARY_PATH=/home/turtle/turtle-experiment/ros2_ws/install/dynamixel_sdk_custom_interfaces/lib:/home/turtle/turtle-experiment/ros2_ws/install/dynamixel_sdk/lib:${LD_LIBRARY_PATH} PYTHONPATH=/home/turtle/turtle-experiment/ros2_ws/install/dynamixel_sdk_custom_interfaces/local/lib/python3.10/dist-packages:${PYTHONPATH} /usr/bin/cmake --install /home/turtle/turtle-experiment/ros2_ws/build/dynamixel_sdk_examples
