[0.051s] Invoking command in '/home/turtle/turtle-experiment/ros2_ws/build/rft_sensor_serial': AMENT_PREFIX_PATH=/home/turtle/turtle-experiment/ros2_ws/install/rft_interfaces:/home/turtle/turtle-experiment/ros2_ws/install/rft_com_library:${AMENT_PREFIX_PATH} CMAKE_PREFIX_PATH=/home/turtle/turtle-experiment/ros2_ws/install/rft_interfaces:/home/turtle/turtle-experiment/ros2_ws/install/rft_com_library:/opt/ros/humble LD_LIBRARY_PATH=/home/turtle/turtle-experiment/ros2_ws/install/rft_interfaces/lib:/home/turtle/turtle-experiment/ros2_ws/install/rft_com_library/lib:${LD_LIBRARY_PATH} PYTHONPATH=/home/turtle/turtle-experiment/ros2_ws/install/rft_interfaces/local/lib/python3.10/dist-packages:${PYTHONPATH} /usr/bin/cmake --build /home/turtle/turtle-experiment/ros2_ws/build/rft_sensor_serial -- -j8 -l8
[0.086s] [35m[1mConsolidate compiler generated dependencies of target main[0m
[0.102s] [ 50%] [32mBuilding CXX object CMakeFiles/main.dir/src/main.cpp.o[0m
[5.265s] [100%] [32m[1mLinking CXX executable main[0m
[5.460s] [100%] Built target main
[5.471s] Invoked command in '/home/turtle/turtle-experiment/ros2_ws/build/rft_sensor_serial' returned '0': AMENT_PREFIX_PATH=/home/turtle/turtle-experiment/ros2_ws/install/rft_interfaces:/home/turtle/turtle-experiment/ros2_ws/install/rft_com_library:${AMENT_PREFIX_PATH} CMAKE_PREFIX_PATH=/home/turtle/turtle-experiment/ros2_ws/install/rft_interfaces:/home/turtle/turtle-experiment/ros2_ws/install/rft_com_library:/opt/ros/humble LD_LIBRARY_PATH=/home/turtle/turtle-experiment/ros2_ws/install/rft_interfaces/lib:/home/turtle/turtle-experiment/ros2_ws/install/rft_com_library/lib:${LD_LIBRARY_PATH} PYTHONPATH=/home/turtle/turtle-experiment/ros2_ws/install/rft_interfaces/local/lib/python3.10/dist-packages:${PYTHONPATH} /usr/bin/cmake --build /home/turtle/turtle-experiment/ros2_ws/build/rft_sensor_serial -- -j8 -l8
[5.500s] Invoking command in '/home/turtle/turtle-experiment/ros2_ws/build/rft_sensor_serial': AMENT_PREFIX_PATH=/home/turtle/turtle-experiment/ros2_ws/install/rft_interfaces:/home/turtle/turtle-experiment/ros2_ws/install/rft_com_library:${AMENT_PREFIX_PATH} CMAKE_PREFIX_PATH=/home/turtle/turtle-experiment/ros2_ws/install/rft_interfaces:/home/turtle/turtle-experiment/ros2_ws/install/rft_com_library:/opt/ros/humble LD_LIBRARY_PATH=/home/turtle/turtle-experiment/ros2_ws/install/rft_interfaces/lib:/home/turtle/turtle-experiment/ros2_ws/install/rft_com_library/lib:${LD_LIBRARY_PATH} PYTHONPATH=/home/turtle/turtle-experiment/ros2_ws/install/rft_interfaces/local/lib/python3.10/dist-packages:${PYTHONPATH} /usr/bin/cmake --install /home/turtle/turtle-experiment/ros2_ws/build/rft_sensor_serial
[5.507s] -- Install configuration: ""
[5.507s] -- Installing: /home/turtle/turtle-experiment/ros2_ws/install/rft_sensor_serial/lib/rft_sensor_serial/main
[5.510s] -- Set runtime path of "/home/turtle/turtle-experiment/ros2_ws/install/rft_sensor_serial/lib/rft_sensor_serial/main" to ""
[5.510s] -- Up-to-date: /home/turtle/turtle-experiment/ros2_ws/install/rft_sensor_serial/share/ament_index/resource_index/package_run_dependencies/rft_sensor_serial
[5.510s] -- Up-to-date: /home/turtle/turtle-experiment/ros2_ws/install/rft_sensor_serial/share/ament_index/resource_index/parent_prefix_path/rft_sensor_serial
[5.510s] -- Up-to-date: /home/turtle/turtle-experiment/ros2_ws/install/rft_sensor_serial/share/rft_sensor_serial/environment/ament_prefix_path.sh
[5.510s] -- Up-to-date: /home/turtle/turtle-experiment/ros2_ws/install/rft_sensor_serial/share/rft_sensor_serial/environment/ament_prefix_path.dsv
[5.510s] -- Up-to-date: /home/turtle/turtle-experiment/ros2_ws/install/rft_sensor_serial/share/rft_sensor_serial/environment/path.sh
[5.511s] -- Up-to-date: /home/turtle/turtle-experiment/ros2_ws/install/rft_sensor_serial/share/rft_sensor_serial/environment/path.dsv
[5.511s] -- Up-to-date: /home/turtle/turtle-experiment/ros2_ws/install/rft_sensor_serial/share/rft_sensor_serial/local_setup.bash
[5.511s] -- Up-to-date: /home/turtle/turtle-experiment/ros2_ws/install/rft_sensor_serial/share/rft_sensor_serial/local_setup.sh
[5.511s] -- Up-to-date: /home/turtle/turtle-experiment/ros2_ws/install/rft_sensor_serial/share/rft_sensor_serial/local_setup.zsh
[5.511s] -- Up-to-date: /home/turtle/turtle-experiment/ros2_ws/install/rft_sensor_serial/share/rft_sensor_serial/local_setup.dsv
[5.511s] -- Installing: /home/turtle/turtle-experiment/ros2_ws/install/rft_sensor_serial/share/rft_sensor_serial/package.dsv
[5.511s] -- Up-to-date: /home/turtle/turtle-experiment/ros2_ws/install/rft_sensor_serial/share/ament_index/resource_index/packages/rft_sensor_serial
[5.511s] -- Up-to-date: /home/turtle/turtle-experiment/ros2_ws/install/rft_sensor_serial/share/rft_sensor_serial/cmake/rft_sensor_serialConfig.cmake
[5.511s] -- Up-to-date: /home/turtle/turtle-experiment/ros2_ws/install/rft_sensor_serial/share/rft_sensor_serial/cmake/rft_sensor_serialConfig-version.cmake
[5.511s] -- Up-to-date: /home/turtle/turtle-experiment/ros2_ws/install/rft_sensor_serial/share/rft_sensor_serial/package.xml
[5.513s] Invoked command in '/home/turtle/turtle-experiment/ros2_ws/build/rft_sensor_serial' returned '0': AMENT_PREFIX_PATH=/home/turtle/turtle-experiment/ros2_ws/install/rft_interfaces:/home/turtle/turtle-experiment/ros2_ws/install/rft_com_library:${AMENT_PREFIX_PATH} CMAKE_PREFIX_PATH=/home/turtle/turtle-experiment/ros2_ws/install/rft_interfaces:/home/turtle/turtle-experiment/ros2_ws/install/rft_com_library:/opt/ros/humble LD_LIBRARY_PATH=/home/turtle/turtle-experiment/ros2_ws/install/rft_interfaces/lib:/home/turtle/turtle-experiment/ros2_ws/install/rft_com_library/lib:${LD_LIBRARY_PATH} PYTHONPATH=/home/turtle/turtle-experiment/ros2_ws/install/rft_interfaces/local/lib/python3.10/dist-packages:${PYTHONPATH} /usr/bin/cmake --install /home/turtle/turtle-experiment/ros2_ws/build/rft_sensor_serial
