[0.051s] Invoking command in '/home/turtle/turtle-experiment/ros2_ws/build/dynamixel_sdk_examples': AMENT_PREFIX_PATH=/home/turtle/turtle-experiment/ros2_ws/install/dynamixel_sdk_custom_interfaces:/home/turtle/turtle-experiment/ros2_ws/install/dynamixel_sdk:${AMENT_PREFIX_PATH} CMAKE_PREFIX_PATH=/home/turtle/turtle-experiment/ros2_ws/install/dynamixel_sdk_custom_interfaces:/home/turtle/turtle-experiment/ros2_ws/install/dynamixel_sdk:/opt/ros/humble LD_LIBRARY_PATH=/home/turtle/turtle-experiment/ros2_ws/install/dynamixel_sdk_custom_interfaces/lib:/home/turtle/turtle-experiment/ros2_ws/install/dynamixel_sdk/lib:${LD_LIBRARY_PATH} PYTHONPATH=/home/turtle/turtle-experiment/ros2_ws/install/dynamixel_sdk_custom_interfaces/local/lib/python3.10/dist-packages:${PYTHONPATH} /usr/bin/cmake --build /home/turtle/turtle-experiment/ros2_ws/build/dynamixel_sdk_examples -- -j8 -l8
[0.087s] [35m[1mConsolidate compiler generated dependencies of target read_write_node[0m
[0.104s] [ 50%] [32mBuilding CXX object CMakeFiles/read_write_node.dir/src/read_write_node.cpp.o[0m
[8.225s] [100%] [32m[1mLinking CXX executable read_write_node[0m
[8.623s] [100%] Built target read_write_node
[8.634s] Invoked command in '/home/turtle/turtle-experiment/ros2_ws/build/dynamixel_sdk_examples' returned '0': AMENT_PREFIX_PATH=/home/turtle/turtle-experiment/ros2_ws/install/dynamixel_sdk_custom_interfaces:/home/turtle/turtle-experiment/ros2_ws/install/dynamixel_sdk:${AMENT_PREFIX_PATH} CMAKE_PREFIX_PATH=/home/turtle/turtle-experiment/ros2_ws/install/dynamixel_sdk_custom_interfaces:/home/turtle/turtle-experiment/ros2_ws/install/dynamixel_sdk:/opt/ros/humble LD_LIBRARY_PATH=/home/turtle/turtle-experiment/ros2_ws/install/dynamixel_sdk_custom_interfaces/lib:/home/turtle/turtle-experiment/ros2_ws/install/dynamixel_sdk/lib:${LD_LIBRARY_PATH} PYTHONPATH=/home/turtle/turtle-experiment/ros2_ws/install/dynamixel_sdk_custom_interfaces/local/lib/python3.10/dist-packages:${PYTHONPATH} /usr/bin/cmake --build /home/turtle/turtle-experiment/ros2_ws/build/dynamixel_sdk_examples -- -j8 -l8
[8.663s] Invoking command in '/home/turtle/turtle-experiment/ros2_ws/build/dynamixel_sdk_examples': AMENT_PREFIX_PATH=/home/turtle/turtle-experiment/ros2_ws/install/dynamixel_sdk_custom_interfaces:/home/turtle/turtle-experiment/ros2_ws/install/dynamixel_sdk:${AMENT_PREFIX_PATH} CMAKE_PREFIX_PATH=/home/turtle/turtle-experiment/ros2_ws/install/dynamixel_sdk_custom_interfaces:/home/turtle/turtle-experiment/ros2_ws/install/dynamixel_sdk:/opt/ros/humble LD_LIBRARY_PATH=/home/turtle/turtle-experiment/ros2_ws/install/dynamixel_sdk_custom_interfaces/lib:/home/turtle/turtle-experiment/ros2_ws/install/dynamixel_sdk/lib:${LD_LIBRARY_PATH} PYTHONPATH=/home/turtle/turtle-experiment/ros2_ws/install/dynamixel_sdk_custom_interfaces/local/lib/python3.10/dist-packages:${PYTHONPATH} /usr/bin/cmake --install /home/turtle/turtle-experiment/ros2_ws/build/dynamixel_sdk_examples
[8.671s] -- Install configuration: ""
[8.671s] -- Installing: /home/turtle/turtle-experiment/ros2_ws/install/dynamixel_sdk_examples/lib/dynamixel_sdk_examples/read_write_node
[8.676s] -- Set runtime path of "/home/turtle/turtle-experiment/ros2_ws/install/dynamixel_sdk_examples/lib/dynamixel_sdk_examples/read_write_node" to ""
[8.676s] -- Up-to-date: /home/turtle/turtle-experiment/ros2_ws/install/dynamixel_sdk_examples/share/ament_index/resource_index/package_run_dependencies/dynamixel_sdk_examples
[8.676s] -- Up-to-date: /home/turtle/turtle-experiment/ros2_ws/install/dynamixel_sdk_examples/share/ament_index/resource_index/parent_prefix_path/dynamixel_sdk_examples
[8.676s] -- Up-to-date: /home/turtle/turtle-experiment/ros2_ws/install/dynamixel_sdk_examples/share/dynamixel_sdk_examples/environment/ament_prefix_path.sh
[8.676s] -- Up-to-date: /home/turtle/turtle-experiment/ros2_ws/install/dynamixel_sdk_examples/share/dynamixel_sdk_examples/environment/ament_prefix_path.dsv
[8.676s] -- Up-to-date: /home/turtle/turtle-experiment/ros2_ws/install/dynamixel_sdk_examples/share/dynamixel_sdk_examples/environment/path.sh
[8.677s] -- Up-to-date: /home/turtle/turtle-experiment/ros2_ws/install/dynamixel_sdk_examples/share/dynamixel_sdk_examples/environment/path.dsv
[8.677s] -- Up-to-date: /home/turtle/turtle-experiment/ros2_ws/install/dynamixel_sdk_examples/share/dynamixel_sdk_examples/local_setup.bash
[8.677s] -- Up-to-date: /home/turtle/turtle-experiment/ros2_ws/install/dynamixel_sdk_examples/share/dynamixel_sdk_examples/local_setup.sh
[8.677s] -- Up-to-date: /home/turtle/turtle-experiment/ros2_ws/install/dynamixel_sdk_examples/share/dynamixel_sdk_examples/local_setup.zsh
[8.677s] -- Up-to-date: /home/turtle/turtle-experiment/ros2_ws/install/dynamixel_sdk_examples/share/dynamixel_sdk_examples/local_setup.dsv
[8.677s] -- Installing: /home/turtle/turtle-experiment/ros2_ws/install/dynamixel_sdk_examples/share/dynamixel_sdk_examples/package.dsv
[8.677s] -- Up-to-date: /home/turtle/turtle-experiment/ros2_ws/install/dynamixel_sdk_examples/share/ament_index/resource_index/packages/dynamixel_sdk_examples
[8.677s] -- Up-to-date: /home/turtle/turtle-experiment/ros2_ws/install/dynamixel_sdk_examples/share/dynamixel_sdk_examples/cmake/dynamixel_sdk_examplesConfig.cmake
[8.677s] -- Up-to-date: /home/turtle/turtle-experiment/ros2_ws/install/dynamixel_sdk_examples/share/dynamixel_sdk_examples/cmake/dynamixel_sdk_examplesConfig-version.cmake
[8.678s] -- Up-to-date: /home/turtle/turtle-experiment/ros2_ws/install/dynamixel_sdk_examples/share/dynamixel_sdk_examples/package.xml
[8.679s] Invoked command in '/home/turtle/turtle-experiment/ros2_ws/build/dynamixel_sdk_examples' returned '0': AMENT_PREFIX_PATH=/home/turtle/turtle-experiment/ros2_ws/install/dynamixel_sdk_custom_interfaces:/home/turtle/turtle-experiment/ros2_ws/install/dynamixel_sdk:${AMENT_PREFIX_PATH} CMAKE_PREFIX_PATH=/home/turtle/turtle-experiment/ros2_ws/install/dynamixel_sdk_custom_interfaces:/home/turtle/turtle-experiment/ros2_ws/install/dynamixel_sdk:/opt/ros/humble LD_LIBRARY_PATH=/home/turtle/turtle-experiment/ros2_ws/install/dynamixel_sdk_custom_interfaces/lib:/home/turtle/turtle-experiment/ros2_ws/install/dynamixel_sdk/lib:${LD_LIBRARY_PATH} PYTHONPATH=/home/turtle/turtle-experiment/ros2_ws/install/dynamixel_sdk_custom_interfaces/local/lib/python3.10/dist-packages:${PYTHONPATH} /usr/bin/cmake --install /home/turtle/turtle-experiment/ros2_ws/build/dynamixel_sdk_examples
